"../../../Engine/Content/Functions/Engine_MaterialFunctions01/Gradient/LinearGradient.uasset" 0
"../../../Engine/Content/Functions/Engine_MaterialFunctions02/ObjectLocalBounds.uasset" 1
"../../../Engine/Content/Functions/Engine_MaterialFunctions02/Utility/BreakOutFloat3Components.uasset" 2
"../../../Engine/Content/Functions/Engine_MaterialFunctions02/Utility/MakeFloat2.uasset" 3
"../../../Engine/Content/Functions/Engine_MaterialFunctions02/UVs/BoundingBoxBased_0-1_UVW.uasset" 4
"../../../../TOLWI/TOLWI/Content/Assets/DissolveMaterial/Noise.uasset" 5
"../../../../TOLWI/TOLWI/Content/Assets/RunesAndPlatforms/MagicPlatform_Emissive.uasset" 6
"../../../../TOLWI/TOLWI/Content/Assets/DissolveMaterial/MagicPlatform_MAT.uasset" 7
"../../../../TOLWI/TOLWI/Content/Assets/DissolveMaterial/MagicPlatform_INS.uasset" 8
"../../../../TOLWI/TOLWI/Content/Assets/RunesAndPlatforms/MagicPlatform_Low.uasset" 9
"../../../../TOLWI/TOLWI/Content/Interactables/SpringPuzzles/SpringPuzzle1/MagicPlatforms/BP_MagicPlatform1.uasset" 10
"../../../../TOLWI/TOLWI/Content/Interactables/SpringPuzzles/MagicPlatforms/BP_MagicPlatform1.uasset" 11
"../../../../TOLWI/TOLWI/Content/BP_MagicPlatform.uasset" 12
"../../../Engine/Content/EditorBlueprintResources/ActorMacros.uasset" 13
"../../../Engine/Content/EditorBlueprintResources/StandardMacros.uasset" 14
"../../../../TOLWI/TOLWI/Content/Animations/Big/Big_Skeleton.uasset" 15
"../../../../TOLWI/TOLWI/Content/Animations/Big/BasePoses/Big_DefaultPoseAnim.uasset" 16
"../../../../TOLWI/TOLWI/Content/Animations/Big/BasePoses/Big_PushPoseAnim.uasset" 17
"../../../../TOLWI/TOLWI/Content/Animations/Big/Big_IdleAnim.uasset" 18
"../../../../TOLWI/TOLWI/Content/Animations/Big/Big_PickupAnim.uasset" 19
"../../../../TOLWI/TOLWI/Content/Animations/Big/Big_PickupWaitingAnim.uasset" 20
"../../../../TOLWI/TOLWI/Content/Animations/Big/Big_ThrowAnim.uasset" 21
"../../../../TOLWI/TOLWI/Content/Animations/Big/Big_ToHoldingAnim.uasset" 22
"../../../../TOLWI/TOLWI/Content/Animations/Big/Big_WalkAnim_Anim.uasset" 23
"../../../../TOLWI/TOLWI/Content/Animations/Big/Big_AnimBP.uasset" 24
"../../../../TOLWI/TOLWI/Content/Animations/Big/Big_PunchAnim.uasset" 25
"../../../../TOLWI/TOLWI/Content/Animations/Big/Big_PunchAnim_Montage.uasset" 26
"../../../../TOLWI/TOLWI/Content/Animations/Little/Little_Skeleton.uasset" 27
"../../../../TOLWI/TOLWI/Content/Animations/Little/BasePoses/Little_DefaultPoseAnim.uasset" 28
"../../../../TOLWI/TOLWI/Content/Animations/Little/BasePoses/Little_HeadDownPoseAnim.uasset" 29
"../../../../TOLWI/TOLWI/Content/Animations/Little/Little_IdleAnim.uasset" 30
"../../../../TOLWI/TOLWI/Content/Animations/Little/Little_JumpEndAnim.uasset" 31
"../../../../TOLWI/TOLWI/Content/Animations/Little/Little_JumpStartAnim.uasset" 32
"../../../../TOLWI/TOLWI/Content/Animations/Little/Little_PickedUpAnim.uasset" 33
"../../../../TOLWI/TOLWI/Content/Animations/Little/Little_WalkAnim_Anim.uasset" 34
"../../../../TOLWI/TOLWI/Content/Animations/Little/Little_AnimBP.uasset" 35
"../../../../TOLWI/TOLWI/Content/Animations/Little/PlayerCharacter_Mat.uasset" 36
"../../../../TOLWI/TOLWI/Content/Animations/Little/Little_WalkAnim_PhysicsAsset.uasset" 37
"../../../../TOLWI/TOLWI/Content/Animations/Little/Little_SkeletalMesh.uasset" 38
"../../../../TOLWI/TOLWI/Content/Characters/BP_SmallCharacter.uasset" 39
"../../../Engine/Content/BasicShapes/BasicShapeMaterial.uasset" 40
"../../../Engine/Content/Functions/Engine_MaterialFunctions01/Opacity/CameraDepthFade.uasset" 41
"../../../Engine/Content/EngineMaterials/T_Default_Material_Grid_M.uasset" 42
"../../../Engine/Content/EngineMaterials/T_Default_Material_Grid_N.uasset" 43
"../../../Engine/Content/EngineMaterials/DefaultMaterial.uasset" 44
"../../../Engine/Content/BasicShapes/Sphere.uasset" 45
"../../../../TOLWI/TOLWI/Content/Interactables/SpringPuzzles/BP_ThrowPlayerProjectile.uasset" 46
"../../../../TOLWI/TOLWI/Content/Assets/PressurePuzzles/PressurePuzzle_Diffuse.uasset" 47
"../../../../TOLWI/TOLWI/Content/Assets/PressurePuzzles/PressurePuzzle_EmissiveMask.uasset" 48
"../../../../TOLWI/TOLWI/Content/Assets/PressurePuzzles/PressurePuzzle_Normal.uasset" 49
"../../../../TOLWI/TOLWI/Content/Assets/PressurePuzzles/PressurePuzzle.uasset" 50
"../../../../TOLWI/TOLWI/Content/Assets/PressurePuzzles/SmallBlock_Low.uasset" 51
"../../../../TOLWI/TOLWI/Content/Interactables/SpringPuzzles/SpringPuzzle2/BP_ThrowableBoxProjectile.uasset" 52
"../../../../TOLWI/TOLWI/Content/Animations/Big/BigGuy_MAT.uasset" 53
"../../../../TOLWI/TOLWI/Content/Animations/Big/Big_WalkAnim_PhysicsAsset.uasset" 54
"../../../../TOLWI/TOLWI/Content/Animations/Big/Big_SkeletalMesh.uasset" 55
"../../../../TOLWI/TOLWI/Content/Characters/BP_BigCharacter.uasset" 56
"../../../../TOLWI/TOLWI/Content/MyTOLWIGameState.uasset" 57
"../../../../TOLWI/TOLWI/Content/MyTOLWIPlayerController.uasset" 58
"../../../../TOLWI/TOLWI/Content/MyTOLWIPlayerState.uasset" 59
"../../../Engine/Content/EngineMaterials/WorldGridMaterial.uasset" 60
"../../../Engine/Content/BasicShapes/Cube.uasset" 61
"../../../../TOLWI/TOLWI/Content/TestBox.uasset" 62
"../../../../TOLWI/TOLWI/Content/MyTOLWIGameMode.uasset" 63
"../../../../TOLWI/TOLWI/Content/Assets/RunesAndPlatforms/Runes_Diffuse.uasset" 64
"../../../../TOLWI/TOLWI/Content/Assets/RunesAndPlatforms/Runes_Emissive.uasset" 65
"../../../../TOLWI/TOLWI/Content/Assets/RunesAndPlatforms/Runes_Normal.uasset" 66
"../../../../TOLWI/TOLWI/Content/Assets/RunesAndPlatforms/Rune_MAT.uasset" 67
"../../../../TOLWI/TOLWI/Content/Assets/RunesAndPlatforms/RuneButton_Low.uasset" 68
"../../../../TOLWI/TOLWI/Content/Audio/Blast.uasset" 69
"../../../../TOLWI/TOLWI/Content/Interactables/SpringPuzzles/SpringPuzzle1/SmallCharacterRuneButtons/BP_SmallRuneButton.uasset" 70
"../../../../TOLWI/TOLWI/Content/BP_SmallRuneButton.uasset" 71
"../../../../TOLWI/TOLWI/Content/NewMap.uasset" 72
"../../../../TOLWI/TOLWI/Content/Levels/NewMap_BuiltData.uasset" 73
"../../../../TOLWI/TOLWI/Content/NewMap_BuiltData.uasset" 74
"../../../../TOLWI/TOLWI/Content/Assets/Vines/Vines2_Diffuse.uasset" 75
"../../../../TOLWI/TOLWI/Content/Assets/Vines/Vines_Normal.uasset" 76
"../../../../TOLWI/TOLWI/Content/Assets/Vines/Vine_Mat.uasset" 77
"../../../../TOLWI/TOLWI/Content/Assets/Vines/VineDoor_Low.uasset" 78
"../../../../TOLWI/TOLWI/Content/Interactables/SpringPuzzles/SpringPuzzle1/BP_Thorns.uasset" 79
"../../../../TOLWI/TOLWI/Content/TestTrigger.uasset" 80
"../../../../TOLWI/TOLWI/Content/Animations/Big/Big_KickAnim.uasset" 81
"../../../../TOLWI/TOLWI/Content/Animations/Big/Big_KickAnim_Montage.uasset" 82
"../../../../TOLWI/TOLWI/Content/Animations/Big/Big_PushIdleAnim.uasset" 83
"../../../../TOLWI/TOLWI/Content/Animations/Big/BasePoses/Big_HoldingPoseAnim.uasset" 84
"../../../../TOLWI/TOLWI/Content/Animations/Little/Little_ButtonAnim.uasset" 85
"../../../../TOLWI/TOLWI/Content/Animations/Little/Little_ButtonAnim_Montage.uasset" 86
"../../../../TOLWI/TOLWI/Content/Animations/Little/Little_JumpAnim.uasset" 87
"../../../../TOLWI/TOLWI/Content/Animations/Little/Little_JumpLoopAnim.uasset" 88
"../../../../TOLWI/TOLWI/Content/Animations/Little/Little_PuPrepAnim.uasset" 89
"../../../../TOLWI/TOLWI/Content/Animations/Little/testheaddown.uasset" 90
"../../../../TOLWI/TOLWI/Content/Assets/DissolveMaterial/MagicPlatformTemp_TEX.uasset" 91
"../../../../TOLWI/TOLWI/Content/Assets/DissolveMaterial/Vines_MAT.uasset" 92
"../../../../TOLWI/TOLWI/Content/Assets/DissolveMaterial/Vines_INS.uasset" 93
"../../../../TOLWI/TOLWI/Content/Assets/IceMaterial/Ice_height.uasset" 94
"../../../../TOLWI/TOLWI/Content/Assets/Islands/CaveCliffNRM.uasset" 95
"../../../../TOLWI/TOLWI/Content/Assets/Islands/CaveCliff_Mat.uasset" 96
"../../../../TOLWI/TOLWI/Content/Assets/Islands/CaveMesh.uasset" 97
"../../../../TOLWI/TOLWI/Content/Assets/Islands/CliffMesh.uasset" 98
"../../../../TOLWI/TOLWI/Content/Assets/Portal/PortaltoTex_Portal_LowSG_Diffuse.uasset" 99
"../../../../TOLWI/TOLWI/Content/Assets/Portal/PortaltoTex_Portal_LowSG_Normal.uasset" 100
"../../../../TOLWI/TOLWI/Content/Assets/Portal/Portal_Mat.uasset" 101
"../../../Engine/Content/Functions/Engine_MaterialFunctions01/Coordinates/WorldPosition-XY.uasset" 102
"../../../Engine/Content/Functions/Engine_MaterialFunctions02/Utility/BreakOutFloat2Components.uasset" 103
"../../../../TOLWI/TOLWI/Content/Assets/Trees/Autumn/NoiseNormal_A.uasset" 104
"../../../../TOLWI/TOLWI/Content/Assets/Trees/Autumn/NoiseNormal_B.uasset" 105
"../../../../TOLWI/TOLWI/Content/Assets/Trees/cherry_diffuse.uasset" 106
"../../../../TOLWI/TOLWI/Content/Assets/Trees/cherry_mask.uasset" 107
"../../../../TOLWI/TOLWI/Content/Assets/Trees/cherry_mask_2.uasset" 108
"../../../../TOLWI/TOLWI/Content/Assets/Trees/cherry_SSS.uasset" 109
"../../../../TOLWI/TOLWI/Content/Assets/Trees/cherrytrunk_no1_Normal.uasset" 110
"../../../../TOLWI/TOLWI/Content/Assets/Trees/lambert1.uasset" 111
"../../../../TOLWI/TOLWI/Content/Assets/Trees/DeadTree.uasset" 112
"../../../../TOLWI/TOLWI/Content/Assets/Trees/wood1.uasset" 113
"../../../../TOLWI/TOLWI/Content/Assets/Trees/TREE_TreeBottom_PhysicsAsset.uasset" 114
"../../../../TOLWI/TOLWI/Content/Assets/Trees/TREE_TreeBottom_Skeleton.uasset" 115
"../../../../TOLWI/TOLWI/Content/Assets/Trees/TREE_TreeTop_PhysicsAsset.uasset" 116
"../../../../TOLWI/TOLWI/Content/Assets/Trees/TREE_TreeTop_Skeleton.uasset" 117
"../../../../TOLWI/TOLWI/Content/Assets/Trees/TREE.uasset" 118
"../../../../TOLWI/TOLWI/Content/Assets/Trees/TreeBottom.uasset" 119
"../../../../TOLWI/TOLWI/Content/Assets/Trees/TreeTexture_Tree_0SGSubsurface.uasset" 120
"../../../../TOLWI/TOLWI/Content/Assets/Trees/TreeTop.uasset" 121
"../../../../TOLWI/TOLWI/Content/Assets/Trees/TREE_2_Tree_wood1_Diffuse.uasset" 122
"../../../../TOLWI/TOLWI/Content/Assets/Trees/Particles/Particle/FallingLeaf_Particle/FallingLeafParticle_Master.uasset" 123
"../../../../TOLWI/TOLWI/Content/Assets/Trees/Particles/Particle/FallingLeaf_Particle/FallingLeaf_Particle_Mask.uasset" 124
"../../../../TOLWI/TOLWI/Content/Assets/Trees/Particles/Particle/FallingLeaf_Particle/LeafParticlePlane.uasset" 125
"../../../../TOLWI/TOLWI/Content/Assets/Vines/Vines_Winter_Diffuse.uasset" 126
"../../../../TOLWI/TOLWI/Content/Assets/RunesAndPlatforms/Rune1_Low.uasset" 127
"../../../../TOLWI/TOLWI/Content/Interactables/SpringPuzzles/SpringPuzzle1/BigCharacterRuneButtons/BP_RuneButton1.uasset" 128
"../../../../TOLWI/TOLWI/Content/Interactables/SpringPuzzles/BigCharacterRuneButtons/BP_RuneButton1.uasset" 129
"../../../../TOLWI/TOLWI/Content/Assets/RunesAndPlatforms/Rune2_Low.uasset" 130
"../../../../TOLWI/TOLWI/Content/Interactables/SpringPuzzles/SpringPuzzle1/BigCharacterRuneButtons/BP_RuneButton2.uasset" 131
"../../../../TOLWI/TOLWI/Content/Interactables/SpringPuzzles/BigCharacterRuneButtons/BP_RuneButton2.uasset" 132
"../../../../TOLWI/TOLWI/Content/Assets/RunesAndPlatforms/Rune3_Low.uasset" 133
"../../../../TOLWI/TOLWI/Content/Interactables/SpringPuzzles/SpringPuzzle1/BigCharacterRuneButtons/BP_RuneButton3.uasset" 134
"../../../../TOLWI/TOLWI/Content/Interactables/SpringPuzzles/BigCharacterRuneButtons/BP_RuneButton3.uasset" 135
"../../../../TOLWI/TOLWI/Content/Assets/RunesAndPlatforms/Rune4_Low.uasset" 136
"../../../../TOLWI/TOLWI/Content/Interactables/SpringPuzzles/SpringPuzzle1/BigCharacterRuneButtons/BP_RuneButton4.uasset" 137
"../../../../TOLWI/TOLWI/Content/Interactables/SpringPuzzles/BigCharacterRuneButtons/BP_RuneButton4.uasset" 138
"../../../../TOLWI/TOLWI/Content/Interactables/SpringPuzzles/SpringPuzzle1/MagicPlatforms/BP_MagicPlatform2.uasset" 139
"../../../../TOLWI/TOLWI/Content/Interactables/SpringPuzzles/MagicPlatforms/BP_MagicPlatform2.uasset" 140
"../../../../TOLWI/TOLWI/Content/Interactables/SpringPuzzles/SpringPuzzle1/MagicPlatforms/BP_MagicPlatform3.uasset" 141
"../../../../TOLWI/TOLWI/Content/Interactables/SpringPuzzles/MagicPlatforms/BP_MagicPlatform3.uasset" 142
"../../../../TOLWI/TOLWI/Content/Interactables/SpringPuzzles/SpringPuzzle1/MagicPlatforms/BP_MagicPlatform4.uasset" 143
"../../../../TOLWI/TOLWI/Content/Interactables/SpringPuzzles/MagicPlatforms/BP_MagicPlatform4.uasset" 144
"../../../../TOLWI/TOLWI/Content/Assets/RunesAndPlatforms/platformstotex_LargePlatform_LowSG_Diffuse.uasset" 145
"../../../../TOLWI/TOLWI/Content/Assets/RunesAndPlatforms/platformstotex_LargePlatform_LowSG_Normal.uasset" 146
"../../../../TOLWI/TOLWI/Content/Assets/RunesAndPlatforms/Platform.uasset" 147
"../../../../TOLWI/TOLWI/Content/Assets/RunesAndPlatforms/LargePlatform_Low.uasset" 148
"../../../../TOLWI/TOLWI/Content/Interactables/SpringPuzzles/SpringPuzzle2/BP_LargeMovingPlat.uasset" 149
"../../../../TOLWI/TOLWI/Content/Assets/PressurePuzzles/SmallPlatform_Low.uasset" 150
"../../../../TOLWI/TOLWI/Content/Interactables/SpringPuzzles/SpringPuzzle2/BP_SmallCharPressurePlate.uasset" 151
"../../../../TOLWI/TOLWI/Content/Interactables/SpringPuzzles/SpringPuzzle2/BP_ThrowableBox.uasset" 152
"../../../../TOLWI/TOLWI/Content/Mannequin/Character/Mesh/UE4_Mannequin_Skeleton.uasset" 153
"../../../../TOLWI/TOLWI/Content/Mannequin/Animations/ThirdPersonJump_End.uasset" 154
"../../../../TOLWI/TOLWI/Content/Mannequin/Animations/ThirdPerson_Jump.uasset" 155
"../../../../TOLWI/TOLWI/Content/Mannequin/Animations/ThirdPersonJump_Loop.uasset" 156
"../../../../TOLWI/TOLWI/Content/Mannequin/Animations/ThirdPersonJump_Start.uasset" 157
"../../../../TOLWI/TOLWI/Content/Mannequin/Animations/ThirdPersonIdle.uasset" 158
"../../../../TOLWI/TOLWI/Content/Mannequin/Animations/ThirdPersonRun.uasset" 159
"../../../../TOLWI/TOLWI/Content/Mannequin/Animations/ThirdPersonWalk.uasset" 160
"../../../../TOLWI/TOLWI/Content/Mannequin/Animations/ThirdPerson_IdleRun_2D.uasset" 161
"../../../../TOLWI/TOLWI/Content/Mannequin/Animations/ThirdPerson_AnimBP.uasset" 162
"../../../Engine/Content/Functions/Engine_MaterialFunctions02/Utility/BlendAngleCorrectedNormals.uasset" 163
"../../../Engine/Content/Functions/MaterialLayerFunctions/MatLayerBlend_NormalBlend.uasset" 164
"../../../Engine/Content/Functions/MaterialLayerFunctions/MatLayerBlend_Simple.uasset" 165
"../../../../TOLWI/TOLWI/Content/Mannequin/Character/Materials/MaterialLayers/T_ML_Rubber_Blue_01_D.uasset" 166
"../../../../TOLWI/TOLWI/Content/Mannequin/Character/Materials/MaterialLayers/T_ML_Rubber_Blue_01_N.uasset" 167
"../../../../TOLWI/TOLWI/Content/Mannequin/Character/Materials/MaterialLayers/ML_GlossyBlack_Latex_UE4.uasset" 168
"../../../../TOLWI/TOLWI/Content/Mannequin/Character/Materials/MaterialLayers/ML_Plastic_Shiny_Beige.uasset" 169
"../../../../TOLWI/TOLWI/Content/Mannequin/Character/Textures/UE4_LOGO_CARD.uasset" 170
"../../../../TOLWI/TOLWI/Content/Mannequin/Character/Materials/MaterialLayers/ML_Plastic_Shiny_Beige_LOGO.uasset" 171
"../../../../TOLWI/TOLWI/Content/Mannequin/Character/Materials/MaterialLayers/T_ML_Aluminum01.uasset" 172
"../../../../TOLWI/TOLWI/Content/Mannequin/Character/Materials/MaterialLayers/T_ML_Aluminum01_N.uasset" 173
"../../../../TOLWI/TOLWI/Content/Mannequin/Character/Materials/MaterialLayers/ML_SoftMetal_UE4.uasset" 174
"../../../../TOLWI/TOLWI/Content/Mannequin/Character/Textures/UE4_Mannequin__normals.uasset" 175
"../../../../TOLWI/TOLWI/Content/Mannequin/Character/Textures/UE4_Mannequin_MAT_MASKA.uasset" 176
"../../../../TOLWI/TOLWI/Content/Mannequin/Character/Materials/M_UE4Man_Body.uasset" 177
"../../../../TOLWI/TOLWI/Content/Mannequin/Character/Textures/UE4Man_Logo_N.uasset" 178
"../../../../TOLWI/TOLWI/Content/Mannequin/Character/Materials/M_UE4Man_ChestLogo.uasset" 179
"../../../../TOLWI/TOLWI/Content/Mannequin/Character/Mesh/SK_Mannequin_PhysicsAsset.uasset" 180
"../../../../TOLWI/TOLWI/Content/Mannequin/Character/Mesh/SK_Mannequin.uasset" 181
"../../../../TOLWI/TOLWI/Content/MenuSystem/Fonts/Audiowide-Regular.uasset" 182
"../../../../TOLWI/TOLWI/Content/MenuSystem/Fonts/Audiowide-Regular_Font.uasset" 183
"../../../../TOLWI/TOLWI/Content/MenuSystem/Images/9728379504_030f0d6451_o.uasset" 184
"../../../../TOLWI/TOLWI/Content/MenuSystem/Images/button.uasset" 185
"../../../../TOLWI/TOLWI/Content/MenuSystem/Images/button_clicked.uasset" 186
"../../../../TOLWI/TOLWI/Content/MenuSystem/Images/button_highlighted.uasset" 187
"../../../../TOLWI/TOLWI/Content/MenuSystem/Images/exit_icon.uasset" 188
"../../../../TOLWI/TOLWI/Content/OutlineShader/PP_OutlineMAT.uasset" 189
"../../../../TOLWI/TOLWI/Content/OutlineShader/PP_OutlineMATInst.uasset" 190
"../../../../TOLWI/TOLWI/Content/UI/Widgets/CharacterSelectWidget.uasset" 191
"../../../../TOLWI/TOLWI/Content/UI/Images/BackgroundFantasy.uasset" 192
"../../../../TOLWI/TOLWI/Content/UI/Widgets/ServerRow.uasset" 193
"../../../../TOLWI/TOLWI/Content/UI/Widgets/MainMenuWidget.uasset" 194
"../../../Engine/Content/Animation/DefaultAnimCurveCompressionSettings.uasset" 195
"../../../Engine/Content/ArtTools/RenderToTexture/Meshes/S_1_Unit_Plane.uasset" 196
"../../../Engine/Content/BasicShapes/Cone.uasset" 197
"../../../Engine/Content/BasicShapes/Cylinder.uasset" 198
"../../../Engine/Content/BasicShapes/Plane.uasset" 199
"../../../Engine/Content/EditorLandscapeResources/DataLayer.uasset" 200
"../../../Engine/Content/EditorMaterials/MAT_Groups_Toggle.uasset" 201
"../../../Engine/Content/EditorMaterials/MAT_Groups_Visibility.uasset" 202
"../../../Engine/Content/EditorMaterials/PreviewShadowIndicator.uasset" 203
"../../../Engine/Content/EditorMaterials/PreviewShadowIndicatorMaterial.uasset" 204
"../../../Engine/Content/EditorMaterials/MatineeGroups/MAT_ColorTrack.uasset" 205
"../../../Engine/Content/EditorMaterials/MatineeGroups/MAT_Groups_Anim.uasset" 206
"../../../Engine/Content/EditorMaterials/MatineeGroups/MAT_Groups_AudioMaster.uasset" 207
"../../../Engine/Content/EditorMaterials/MatineeGroups/MAT_Groups_Director.uasset" 208
"../../../Engine/Content/EditorMaterials/MatineeGroups/MAT_Groups_Event.uasset" 209
"../../../Engine/Content/EditorMaterials/MatineeGroups/MAT_Groups_Fade.uasset" 210
"../../../Engine/Content/EditorMaterials/MatineeGroups/MAT_Groups_Float.uasset" 211
"../../../Engine/Content/EditorMaterials/MatineeGroups/MAT_Groups_Move.uasset" 212
"../../../Engine/Content/EditorMaterials/MatineeGroups/MAT_Groups_Slomo.uasset" 213
"../../../Engine/Content/EditorMaterials/MatineeGroups/MAT_Groups_Sound.uasset" 214
"../../../Engine/Content/EditorMaterials/MatineeGroups/MAT_Groups_Vector.uasset" 215
"../../../Engine/Content/EditorMaterials/ParticleSystems/PSysThumbnail_NoImage.uasset" 216
"../../../Engine/Content/EditorMaterials/ParticleSystems/PSysThumbnail_OOD.uasset" 217
"../../../Engine/Content/EditorMaterials/Camera/CineMat.uasset" 218
"../../../Engine/Content/EditorMaterials/Camera/MI_CineMat_Rig.uasset" 219
"../../../Engine/Content/EditorMeshes/Camera/SM_CraneRig_Arm.uasset" 220
"../../../Engine/Content/EditorMeshes/Camera/SM_CraneRig_Base.uasset" 221
"../../../Engine/Content/EditorMeshes/Camera/SM_CraneRig_Body.uasset" 222
"../../../Engine/Content/EditorMeshes/Camera/SM_CraneRig_Mount.uasset" 223
"../../../Engine/Content/EditorMeshes/Camera/SM_RailRig_Mount.uasset" 224
"../../../Engine/Content/EditorMeshes/Camera/SM_RailRig_Track.uasset" 225
"../../../Engine/Content/EditorResources/BSPVertex.uasset" 226
"../../../Engine/Content/EditorResources/EmptyActor.uasset" 227
"../../../Engine/Content/EditorResources/S_Actor.uasset" 228
"../../../Engine/Content/EditorResources/S_Note.uasset" 229
"../../../Engine/Content/EditorResources/S_Solver.uasset" 230
"../../../Engine/Content/EditorResources/S_Trigger.uasset" 231
"../../../Engine/Content/EditorResources/LightIcons/S_LightError.uasset" 232
"../../../Engine/Content/EditorResources/SequenceRecorder/Countdown.uasset" 233
"../../../Engine/Content/EditorResources/SequenceRecorder/RecordingIndicator.uasset" 234
"../../../Engine/Content/EditorSounds/Notifications/CompileFailed.uasset" 235
"../../../Engine/Content/EditorSounds/Notifications/CompileFailed_Cue.uasset" 236
"../../../Engine/Content/EditorSounds/Notifications/CompileSuccess.uasset" 237
"../../../Engine/Content/EditorSounds/Notifications/CompileStart_Cue.uasset" 238
"../../../Engine/Content/EditorSounds/Notifications/CompileSuccess_Cue.uasset" 239
"../../../Engine/Content/EngineDamageTypes/DmgTypeBP_Environmental.uasset" 240
"../../../Engine/Content/EngineDebugMaterials/DebugEditorMaterial.uasset" 241
"../../../Engine/Content/EngineDebugMaterials/DebugMeshMaterial.uasset" 242
"../../../Engine/Content/EngineDebugMaterials/M_SimpleTranslucent.uasset" 243
"../../../Engine/Content/Functions/Engine_MaterialFunctions02/Utility/CameraDirectionVector.uasset" 244
"../../../Engine/Content/EngineDebugMaterials/VolumeToRender.uasset" 245
"../../../Engine/Content/EngineDebugMaterials/M_VolumeRenderSphereTracePP.uasset" 246
"../../../Engine/Content/EngineDebugMaterials/WireframeMaterial.uasset" 247
"../../../Engine/Content/EngineFonts/Faces/DroidSansFallback.uasset" 248
"../../../Engine/Content/EngineFonts/Faces/RobotoBold.uasset" 249
"../../../Engine/Content/EngineFonts/Faces/RobotoBoldItalic.uasset" 250
"../../../Engine/Content/EngineFonts/Faces/RobotoItalic.uasset" 251
"../../../Engine/Content/EngineFonts/Faces/RobotoLight.uasset" 252
"../../../Engine/Content/EngineFonts/Faces/RobotoRegular.uasset" 253
"../../../Engine/Content/EngineFonts/Roboto.uasset" 254
"../../../Engine/Content/EngineMaterials/BaseFlattenDiffuseMap.uasset" 255
"../../../Engine/Content/EngineMaterials/BaseFlattenEmissiveMap.uasset" 256
"../../../Engine/Content/EngineMaterials/BaseFlattenGrayscaleMap.uasset" 257
"../../../Engine/Content/EngineMaterials/BaseFlattenNormalMap.uasset" 258
"../../../Engine/Content/EngineMaterials/BaseFlattenMaterial.uasset" 259
"../../../Engine/Content/EngineMaterials/BlueNoise.uasset" 260
"../../../Engine/Content/EngineMaterials/DefaultBloomKernel.uasset" 261
"../../../Engine/Content/EngineMaterials/DefaultBokeh.uasset" 262
"../../../Engine/Content/EngineMaterials/DefaultDiffuse.uasset" 263
"../../../Engine/Content/EngineMaterials/DefaultDeferredDecalMaterial.uasset" 264
"../../../Engine/Content/EngineMaterials/DefaultLightFunctionMaterial.uasset" 265
"../../../Engine/Content/EngineMaterials/DefaultPhysicalMaterial.uasset" 266
"../../../Engine/Content/EngineMaterials/DefaultPostProcessMaterial.uasset" 267
"../../../Engine/Content/EngineFonts/RobotoDistanceField.uasset" 268
"../../../Engine/Content/EngineMaterials/DefaultTextMaterialOpaque.uasset" 269
"../../../Engine/Content/EngineMaterials/DefaultVirtualTextureMaterial.uasset" 270
"../../../Engine/Content/EngineMaterials/DefaultWhiteGrid.uasset" 271
"../../../Engine/Content/EngineMaterials/DefaultWhiteGrid_Low.uasset" 272
"../../../Engine/Content/EngineMaterials/EmissiveMeshMaterial.uasset" 273
"../../../Engine/Content/EngineMaterials/GizmoMaterial.uasset" 274
"../../../Engine/Content/EngineMaterials/Good64x64TilingNoiseHighFreq.uasset" 275
"../../../Engine/Content/EngineMaterials/HairDefaultMaterial.uasset" 276
"../../../Engine/Content/EngineMaterials/MiniFont.uasset" 277
"../../../Engine/Content/EngineMaterials/InvalidLightmapSettings.uasset" 278
"../../../Engine/Content/EngineMaterials/M_InvalidLightmapSettings.uasset" 279
"../../../Engine/Content/Functions/Engine_MaterialFunctions02/WorldPositionOffset/CameraOffset.uasset" 280
"../../../Engine/Content/EngineMaterials/PhAT_JointLimitMaterial.uasset" 281
"../../../Engine/Content/EngineMaterials/PreintegratedSkinBRDF.uasset" 282
"../../../Engine/Content/EngineMaterials/RemoveSurfaceMaterial.uasset" 283
"../../../Engine/Content/EngineMaterials/WeightMapPlaceholderTexture.uasset" 284
"../../../Engine/Content/EngineResources/WhiteSquareTexture.uasset" 285
"../../../Engine/Content/EngineMaterials/Widget3DPassThrough.uasset" 286
"../../../Engine/Content/EngineMaterials/Widget3DPassThrough_Masked.uasset" 287
"../../../Engine/Content/EngineMaterials/Widget3DPassThrough_Opaque.uasset" 288
"../../../Engine/Content/EngineMaterials/Widget3DPassThrough_Masked_OneSided.uasset" 289
"../../../Engine/Content/EngineMaterials/Widget3DPassThrough_Opaque_OneSided.uasset" 290
"../../../Engine/Content/EngineMaterials/Widget3DPassThrough_Translucent.uasset" 291
"../../../Engine/Content/EngineMaterials/Widget3DPassThrough_Translucent_OneSided.uasset" 292
"../../../Engine/Content/EngineMeshes/Cylinder.uasset" 293
"../../../Engine/Content/EngineMeshes/Sphere.uasset" 294
"../../../Engine/Content/EngineResources/Black.uasset" 295
"../../../Engine/Content/EngineResources/DefaultTexture.uasset" 296
"../../../Engine/Content/EngineResources/DefaultTextureCube.uasset" 297
"../../../Engine/Content/EngineResources/DefaultVolumeTexture2D.uasset" 298
"../../../Engine/Content/EngineResources/DefaultVolumeTexture.uasset" 299
"../../../Engine/Content/EngineResources/GradientTexture0.uasset" 300
"../../../Engine/Content/EngineSounds/Master.uasset" 301
"../../../Engine/Content/Functions/Engine_MaterialFunctions01/Shading/ConvertFromDiffSpec.uasset" 302
"../../../Engine/Content/Functions/Engine_MaterialFunctions01/Shading/PowerToRoughness.uasset" 303
"../../../Engine/Content/Maps/Templates/Thumbnails/Default.uasset" 304
"../../../Engine/Content/Maps/Templates/Thumbnails/TimeOfDay.uasset" 305
"../../../Engine/Content/Maps/Templates/Thumbnails/VR-Basic.uasset" 306
"../../../Engine/Content/MobileResources/T_MobileControls_texture.uasset" 307
"../../../Engine/Content/MobileResources/T_MobileMenu2.uasset" 308
"../../../Engine/Content/MobileResources/HUD/AnalogHat.uasset" 309
"../../../Engine/Content/MobileResources/HUD/VirtualJoystick_Background.uasset" 310
"../../../Engine/Content/MobileResources/HUD/VirtualJoystick_Thumb.uasset" 311
"../../../Engine/Content/MobileResources/HUD/DefaultVirtualJoysticks.uasset" 312
"../../../Engine/Content/MobileResources/HUD/LeftVirtualJoystickOnly.uasset" 313
"../../../Engine/Content/MobileResources/HUD/MobileHUDButton1_off.uasset" 314
"../../../Engine/Content/MobileResources/HUD/MobileHUDButton1_on.uasset" 315
"../../../Engine/Content/MobileResources/HUD/MobileHUDButton2_off.uasset" 316
"../../../Engine/Content/MobileResources/HUD/MobileHUDButton2_on.uasset" 317
"../../../Engine/Content/MobileResources/HUD/MobileHUDButton3.uasset" 318
"../../../Engine/Content/MobileResources/HUD/MobileHUDButtonFire.uasset" 319
"../../../Engine/Content/MobileResources/HUD/MobileHUDDirectionPad.uasset" 320
"../../../Engine/Content/MobileResources/HUD/MobileHUDDirectionPad2.uasset" 321
"../../../Engine/Content/MobileResources/HUD/MobileHUDDirectionPad3.uasset" 322
"../../../Engine/Content/MobileResources/HUD/MobileHUDDirectionStick.uasset" 323
"../../../Engine/Content/MobileResources/HUD/T_Castle_ThumbstickInner.uasset" 324
"../../../Engine/Content/MobileResources/HUD/T_Castle_ThumbstickOutter.uasset" 325
"../../../Engine/Content/Tutorial/ContentIntroCurve.uasset" 326
"../../../Engine/Content/Tutorial/Basics/LevelEditorAttract.uasset" 327
"../../../Engine/Content/VREditor/LaserPointer/VR_LaserPower_01.uasset" 328
"../../../Engine/Content/VREditor/TransformGizmo/TransformGizmoMaterial.uasset" 329
"../../../Engine/Content/VREditor/TransformGizmo/TranslucentTransformGizmoMaterial.uasset" 330
"../../../Engine/Content/VREditor/TransformGizmo/BoundingBoxCorner.uasset" 331
"../../../Engine/Content/VREditor/TransformGizmo/BoundingBoxEdge.uasset" 332
"../../../Engine/Content/VREditor/TransformGizmo/PlaneTranslationHandle.uasset" 333
"../../../Engine/Content/VREditor/TransformGizmo/Main.uasset" 334
"../../../Engine/Content/VREditor/TransformGizmo/Xray.uasset" 335
"../../../Engine/Content/VREditor/TransformGizmo/SM_Sequencer_Key.uasset" 336
"../../../Engine/Content/VREditor/TransformGizmo/SM_Sequencer_Node.uasset" 337
"../../Plugins/2D/Paper2D/Content/PlaceholderTextures/DummySpriteTexture.uasset" 338
"../../Plugins/2D/Paper2D/Content/DummySprite.uasset" 339
"../../Plugins/2D/Paper2D/Content/DefaultPaperTerrainMaterial.uasset" 340
"../../Plugins/2D/Paper2D/Content/DummySpriteTexture.uasset" 341
"../../Plugins/2D/Paper2D/Content/DefaultSpriteMaterial.uasset" 342
"../../Plugins/2D/Paper2D/Content/MaskedUnlitSpriteMaterial.uasset" 343
"../../Plugins/2D/Paper2D/Content/OpaqueUnlitSpriteMaterial.uasset" 344
"../../../Engine/Content/Functions/Engine_MaterialFunctions02/Utility/BreakOutFloat4Components.uasset" 345
"../../../Engine/Content/Functions/Engine_MaterialFunctions02/Utility/MakeFloat3.uasset" 346
"../../Plugins/Runtime/Oculus/OculusVR/Content/Materials/OculusMR_ChromaKey.uasset" 347
"../../Plugins/Runtime/Oculus/OculusVR/Content/Materials/OculusMR_ChromaKey_Lit.uasset" 348
"../../Plugins/Runtime/Oculus/OculusVR/Content/Materials/OculusMR_OpaqueColoredMaterial.uasset" 349
"../../Plugins/Runtime/Oculus/OculusVR/Content/Materials/OculusMR_WhiteMaterial.uasset" 350
"../../../Engine/Content/EngineSky/C_Sky_Cloud_Color.uasset" 351
"../../../Engine/Content/EngineSky/C_Sky_Horizon_Color.uasset" 352
"../../../Engine/Content/EngineSky/C_Sky_Zenith_Color.uasset" 353
"../../../Engine/Content/EngineSky/T_Sky_Blue.uasset" 354
"../../../Engine/Content/EngineSky/T_Sky_Clouds_M.uasset" 355
"../../../Engine/Content/EngineSky/T_Sky_Stars.uasset" 356
"../../../Engine/Content/EngineSky/M_Sky_Panning_Clouds2.uasset" 357
"../../../Engine/Content/EngineSky/SM_SkySphere.uasset" 358
"../../../Engine/Content/EngineSky/BP_Sky_Sphere.uasset" 359
"../../../../TOLWI/TOLWI/Content/Levels/Autumn_BuiltData.uasset" 360
"../../../../TOLWI/TOLWI/Content/Assets/Islands/FloatingIsland_lambert3SG_Diffuse_Autumn.uasset" 361
"../../../../TOLWI/TOLWI/Content/Assets/Islands/IslandsAOC.uasset" 362
"../../../../TOLWI/TOLWI/Content/Assets/Islands/IslandsNRM.uasset" 363
"../../../../TOLWI/TOLWI/Content/Assets/Islands/Island_Autumn_Mat.uasset" 364
"../../../../TOLWI/TOLWI/Content/Assets/Trees/TreeTexture_Tree_0SG_Diffuse_Autumn.uasset" 365
"../../../../TOLWI/TOLWI/Content/Assets/Trees/TreeTexture_Tree_0SGMask.uasset" 366
"../../../../TOLWI/TOLWI/Content/Assets/Trees/TreeTexture_Tree_0SGopacity.uasset" 367
"../../../../TOLWI/TOLWI/Content/Assets/Trees/TreeTexture_Tree_0SGSubsurface_Autumn.uasset" 368
"../../../../TOLWI/TOLWI/Content/Assets/Trees/Autumn/TreeAutumn.uasset" 369
"../../../../TOLWI/TOLWI/Content/Assets/Walls/WallPillars_Autumn_Diffuse.uasset" 370
"../../../../TOLWI/TOLWI/Content/Assets/Walls/WallPillars_Emissive_Mask.uasset" 371
"../../../../TOLWI/TOLWI/Content/Assets/Walls/WallPillars_Normal.uasset" 372
"../../../../TOLWI/TOLWI/Content/Assets/Walls/Wall_Autumn_MAT.uasset" 373
"../../../../TOLWI/TOLWI/Content/Assets/WheelAndCog/Wheel_Low_initialShadingGroup_Normal.uasset" 374
"../../../../TOLWI/TOLWI/Content/Assets/WheelAndCog/wheelstotex_Gear_LowSG_Diffuse2.uasset" 375
"../../../../TOLWI/TOLWI/Content/Assets/WheelAndCog/WheelAndGears_Autumn.uasset" 376
"../../../../TOLWI/TOLWI/Content/Assets/Trees/Autumn/Tree_Autumn_initialShadingGroup_Diffuse.uasset" 377
"../../../../TOLWI/TOLWI/Content/Assets/Trees/Autumn/Tree_Autumn_initialShadingGroup_Mask.uasset" 378
"../../../../TOLWI/TOLWI/Content/Assets/Trees/Autumn/Tree_Autumn_initialShadingGroup_sss.uasset" 379
"../../../../TOLWI/TOLWI/Content/Assets/Trees/Autumn/TreeAutumn2.uasset" 380
"../../../../TOLWI/TOLWI/Content/Assets/Trees/Autumn/TreeAutumn2_Inst.uasset" 381
"../../../../TOLWI/TOLWI/Content/Assets/Islands/FloatingIsland_lambert3SG_Diffuse.uasset" 382
"../../../../TOLWI/TOLWI/Content/Assets/Islands/Islands_Mat.uasset" 383
"../../../../TOLWI/TOLWI/Content/Assets/Islands/BigIsland.uasset" 384
"../../../../TOLWI/TOLWI/Content/Assets/Trees/Autumn/lambert1.uasset" 385
"../../../../TOLWI/TOLWI/Content/Assets/Trees/Autumn/Tree_Autumn.uasset" 386
"../../../../TOLWI/TOLWI/Content/Assets/Trees/Particles/FallingLeaf_Particle_Mask.uasset" 387
"../../../../TOLWI/TOLWI/Content/Assets/Trees/Particles/FellingLeafParticle_Mat.uasset" 388
"../../../../TOLWI/TOLWI/Content/Assets/Trees/Particles/LeafPlane.uasset" 389
"../../../../TOLWI/TOLWI/Content/Assets/Trees/Particles/Particle/FallingLeaf_Particle/FallingLeaf.uasset" 390
"../../../../TOLWI/TOLWI/Content/Assets/Trees/TreeTexture_Tree_0SG_Diffuse.uasset" 391
"../../../../TOLWI/TOLWI/Content/Assets/Trees/lambert2.uasset" 392
"../../../../TOLWI/TOLWI/Content/Assets/Trees/Tree1.uasset" 393
"../../../../TOLWI/TOLWI/Content/Assets/Vines/VineBridge_Low.uasset" 394
"../../../../TOLWI/TOLWI/Content/Assets/Walls/WallPillars_Diffuse.uasset" 395
"../../../../TOLWI/TOLWI/Content/Assets/Walls/WallPillars_Summer_Diffuse.uasset" 396
"../../../../TOLWI/TOLWI/Content/Assets/Walls/Wall_MAT.uasset" 397
"../../../../TOLWI/TOLWI/Content/Assets/Walls/DoorIn_Low.uasset" 398
"../../../../TOLWI/TOLWI/Content/Assets/Walls/DoorOut_Low.uasset" 399
"../../../../TOLWI/TOLWI/Content/Assets/Walls/Pillar1_Low.uasset" 400
"../../../../TOLWI/TOLWI/Content/Assets/Walls/Wall_Low.uasset" 401
"../../../../TOLWI/TOLWI/Content/Assets/Walls/WallCorner_Low.uasset" 402
"../../../../TOLWI/TOLWI/Content/Assets/Walls/WallEnd_Low.uasset" 403
"../../../../TOLWI/TOLWI/Content/Assets/WheelAndCog/wheelstotex_Gear_LowSG_Diffuse.uasset" 404
"../../../../TOLWI/TOLWI/Content/Assets/WheelAndCog/WheelAndGears.uasset" 405
"../../../../TOLWI/TOLWI/Content/Assets/WheelAndCog/Gear_Low.uasset" 406
"../../../../TOLWI/TOLWI/Content/Assets/WheelAndCog/Wheel_Low.uasset" 407
"../../../../TOLWI/TOLWI/Content/Levels/Autumn.umap" 408
"../../../../TOLWI/TOLWI/Content/Levels/CharacterSelection.umap" 409
"../../../../TOLWI/TOLWI/Content/Levels/Lobby.umap" 410
"../../../../TOLWI/TOLWI/Content/Levels/MainMenu_BuiltData.uasset" 411
"../../../../TOLWI/TOLWI/Content/Levels/MainMenu.umap" 412
"../../../../TOLWI/TOLWI/Content/Assets/Portal/PortaltoTex_Portal_LowSG_Diffuse_Spring.uasset" 413
"../../../../TOLWI/TOLWI/Content/Assets/Portal/Portal.uasset" 414
"../../../../TOLWI/TOLWI/Content/Assets/Portal/Portal_Low.uasset" 415
"../../../../TOLWI/TOLWI/Content/Interactables/SpringPuzzles/SpringPortal.uasset" 416
"../../../../TOLWI/TOLWI/Content/Assets/Wall_MAT.uasset" 417
"../../../../TOLWI/TOLWI/Content/Assets/Wall_Low.uasset" 418
"../../../../TOLWI/TOLWI/Content/Mechanism.uasset" 419
"../../../../TOLWI/TOLWI/Content/Mechanism1.uasset" 420
"../../../../TOLWI/TOLWI/Content/MovingPlatform.uasset" 421
"../../../../TOLWI/TOLWI/Content/MovingPlatform1.uasset" 422
"../../../Engine/Content/MapTemplates/SM_Template_Map_Floor.uasset" 423
"../../../../TOLWI/TOLWI/Content/Levels/NewMap.umap" 424
"../../../../TOLWI/TOLWI/Content/Levels/Spring_BuiltData.uasset" 425
"../../../../TOLWI/TOLWI/Content/Assets/PressurePuzzles/PressurePuzzle_Spring_Diffuse.uasset" 426
"../../../../TOLWI/TOLWI/Content/Assets/PressurePuzzles/PressurePuzzle_Spring.uasset" 427
"../../../../TOLWI/TOLWI/Content/Assets/Walls/WallPillars_Spring_Diffuse.uasset" 428
"../../../../TOLWI/TOLWI/Content/Assets/Walls/Wall_Spring_MAT.uasset" 429
"../../../../TOLWI/TOLWI/Content/OutlineShader/PP_Outline_SeethroughMAT.uasset" 430
"../../../../TOLWI/TOLWI/Content/OutlineShader/PP_Outline_SeethroughMATINST.uasset" 431
"../../../Engine/Content/Functions/Engine_MaterialFunctions01/Density/ExponentialDensity.uasset" 432
"../../../Engine/Content/Functions/Engine_MaterialFunctions01/Gradient/RadialGradientExponential.uasset" 433
"../../../../TOLWI/TOLWI/Content/Assets/IceMaterial/SnowParticle/SnowParticle_MAT.uasset" 434
"../../../../TOLWI/TOLWI/Content/Assets/IceMaterial/SnowParticle/Snow_Particle.uasset" 435
"../../../../TOLWI/TOLWI/Content/Assets/Islands/MediumIsland.uasset" 436
"../../../../TOLWI/TOLWI/Content/Assets/Islands/SmallIsland.uasset" 437
"../../../../TOLWI/TOLWI/Content/Assets/PressurePuzzles/BigBlock_Low.uasset" 438
"../../../../TOLWI/TOLWI/Content/Assets/PressurePuzzles/BigPlatform_Low.uasset" 439
"../../../../TOLWI/TOLWI/Content/Assets/Trees/lambert1_Inst.uasset" 440
"../../../../TOLWI/TOLWI/Content/Assets/Trees/CherryTree.uasset" 441
"../../../../TOLWI/TOLWI/Content/Assets/Trees/Particles/CherryBlossomPetal_Mask.uasset" 442
"../../../../TOLWI/TOLWI/Content/Assets/Trees/Particles/CherryBlossomParticle_Mat1.uasset" 443
"../../../../TOLWI/TOLWI/Content/Assets/Trees/Particles/CherryBlossom_Mask.uasset" 444
"../../../../TOLWI/TOLWI/Content/Assets/Trees/Particles/CherryBlossomPetalParticle_Mat.uasset" 445
"../../../../TOLWI/TOLWI/Content/Assets/Trees/Particles/CherryBlossomPetalPlane2.uasset" 446
"../../../../TOLWI/TOLWI/Content/Assets/Trees/Particles/CherryBlossomPlane1.uasset" 447
"../../../../TOLWI/TOLWI/Content/Assets/Trees/Particles/Particle/FallingLeaf_Particle/FallingCherryBlossom.uasset" 448
"../../../../TOLWI/TOLWI/Content/Assets/Walls/Pillar2_Low.uasset" 449
"../../../../TOLWI/TOLWI/Content/Assets/Walls/Pillar3_Low.uasset" 450
"../../../../TOLWI/TOLWI/Content/Assets/Walls/Pillar4_Low.uasset" 451
"../../../../TOLWI/TOLWI/Content/Assets/Walls/WallHole_Low.uasset" 452
"../../../../TOLWI/TOLWI/Content/Assets/Walls/WallT_Low.uasset" 453
"../../../../TOLWI/TOLWI/Content/Levels/Spring.umap" 454
"../../../../TOLWI/TOLWI/Content/Assets/WaterPuzzle/WaterPuzzle.uasset" 455
"../../../../TOLWI/TOLWI/Content/Assets/WaterPuzzle/WaterTile_Low.uasset" 456
"../../../../TOLWI/TOLWI/Content/Assets/WaterPuzzle/WaterTileCorner_Low.uasset" 457
"../../../../TOLWI/TOLWI/Content/Assets/WaterPuzzle/WaterTilePool_Low.uasset" 458
"../../../../TOLWI/TOLWI/Content/Assets/WaterPuzzle/WaterTileStraight_Low.uasset" 459
"../../../../TOLWI/TOLWI/Content/Levels/Summer.umap" 460
"../../../../TOLWI/TOLWI/Content/Assets/IcePuzzle/PuzzleBorder.uasset" 461
"../../../../TOLWI/TOLWI/Content/Assets/IcePuzzle/Corner_Low.uasset" 462
"../../../../TOLWI/TOLWI/Content/Assets/IceMaterial/Ice_ambientocclusion.uasset" 463
"../../../../TOLWI/TOLWI/Content/Assets/IceMaterial/Ice_basecolor_1.uasset" 464
"../../../../TOLWI/TOLWI/Content/Assets/IceMaterial/Ice_emissive.uasset" 465
"../../../../TOLWI/TOLWI/Content/Assets/IceMaterial/Ice_metallic.uasset" 466
"../../../../TOLWI/TOLWI/Content/Assets/IceMaterial/Ice_normal.uasset" 467
"../../../../TOLWI/TOLWI/Content/Assets/IceMaterial/Ice_roughness.uasset" 468
"../../../../TOLWI/TOLWI/Content/Assets/IceMaterial/Ice_MAT.uasset" 469
"../../../../TOLWI/TOLWI/Content/Assets/IceMaterial/IceFade_MAT.uasset" 470
"../../../../TOLWI/TOLWI/Content/Assets/IceMaterial/IceFade_INS.uasset" 471
"../../../../TOLWI/TOLWI/Content/Assets/IcePuzzle/IcePillar_Low.uasset" 472
"../../../../TOLWI/TOLWI/Content/Assets/IcePuzzle/Side_Low.uasset" 473
"../../../../TOLWI/TOLWI/Content/Assets/IcePuzzle/Tile_Low.uasset" 474
"../../../../TOLWI/TOLWI/Content/Levels/Winter.umap" 475
"../../../Engine/Content/Maps/Entry_BuiltData.uasset" 476
"../../../Engine/Content/Maps/Entry.umap" 477
