Log file open, 05/11/20 10:52:19
LogWindows: Failed to load 'aqProf.dll' (GetLastError=126)
LogWindows: File 'aqProf.dll' does not exist
LogWindows: Failed to load 'VtuneApi.dll' (GetLastError=126)
LogWindows: File 'VtuneApi.dll' does not exist
LogWindows: Failed to load 'VtuneApi32e.dll' (GetLastError=126)
LogWindows: File 'VtuneApi32e.dll' does not exist
LogConsoleResponse: Display: Failed to find resolution value strings in scalability ini. Falling back to default.
LogInit: Display: Running engine for game: TOLWI
LogPlatformFile: Not using cached read wrapper
LogTaskGraph: Started task graph with 5 named threads and 47 total threads with 3 sets of task threads.
LogStats: Stats thread started at 4.286746
LogD3D11RHI: Loaded GFSDK_Aftermath_Lib.x64.dll
LogICUInternationalization: ICU TimeZone Detection - Raw Offset: +12:00, Platform Override: ''
LogPluginManager: Mounting plugin Paper2D
LogPluginManager: Mounting plugin AISupport
LogPluginManager: Mounting plugin LightPropagationVolume
LogPluginManager: Mounting plugin ActorLayerUtilities
LogPluginManager: Mounting plugin AnimationSharing
LogPluginManager: Mounting plugin CLionSourceCodeAccess
LogPluginManager: Mounting plugin CodeLiteSourceCodeAccess
LogPluginManager: Mounting plugin GitSourceControl
LogPluginManager: Mounting plugin KDevelopSourceCodeAccess
LogPluginManager: Mounting plugin NullSourceCodeAccess
LogPluginManager: Mounting plugin PerforceSourceControl
LogPluginManager: Mounting plugin PlasticSourceControl
LogPluginManager: Mounting plugin SubversionSourceControl
LogPluginManager: Mounting plugin UObjectPlugin
LogPluginManager: Mounting plugin VisualStudioCodeSourceCodeAccess
LogPluginManager: Mounting plugin VisualStudioSourceCodeAccess
LogPluginManager: Mounting plugin XCodeSourceCodeAccess
LogPluginManager: Mounting plugin AssetManagerEditor
LogPluginManager: Mounting plugin CryptoKeys
LogPluginManager: Mounting plugin CurveEditorTools
LogPluginManager: Mounting plugin DataValidation
LogPluginManager: Mounting plugin FacialAnimation
LogPluginManager: Mounting plugin GameplayTagsEditor
LogPluginManager: Mounting plugin MacGraphicsSwitching
LogPluginManager: Mounting plugin MaterialAnalyzer
LogPluginManager: Mounting plugin MobileLauncherProfileWizard
LogPluginManager: Mounting plugin PluginBrowser
LogPluginManager: Mounting plugin SpeedTreeImporter
LogPluginManager: Mounting plugin DatasmithContent
LogPluginManager: Mounting plugin VariantManagerContent
LogPluginManager: Mounting plugin AlembicImporter
LogPluginManager: Mounting plugin AutomationUtils
LogPluginManager: Mounting plugin BackChannel
LogPluginManager: Mounting plugin CharacterAI
LogPluginManager: Mounting plugin GeometryCache
LogPluginManager: Mounting plugin PlatformCrypto
LogPluginManager: Mounting plugin ProxyLODPlugin
LogPluginManager: Mounting plugin SkeletalReduction
LogPluginManager: Mounting plugin MagicLeap
LogPluginManager: Mounting plugin MagicLeapMedia
LogPluginManager: Mounting plugin MLSDK
LogPluginManager: Mounting plugin AndroidMedia
LogPluginManager: Mounting plugin AvfMedia
LogPluginManager: Mounting plugin ImgMedia
LogPluginManager: Mounting plugin MediaCompositing
LogPluginManager: Mounting plugin MediaPlayerEditor
LogPluginManager: Mounting plugin WebMMedia
LogPluginManager: Mounting plugin WmfMedia
LogPluginManager: Mounting plugin TcpMessaging
LogPluginManager: Mounting plugin UdpMessaging
LogPluginManager: Mounting plugin ActorSequence
LogPluginManager: Mounting plugin LevelSequenceEditor
LogPluginManager: Mounting plugin MatineeToLevelSequence
LogPluginManager: Mounting plugin NetcodeUnitTest
LogPluginManager: Mounting plugin NUTUnrealEngine4
LogPluginManager: Mounting plugin OnlineSubsystemGooglePlay
LogPluginManager: Mounting plugin OnlineSubsystemIOS
LogPluginManager: Mounting plugin OnlineSubsystem
LogPluginManager: Mounting plugin OnlineSubsystemNull
LogPluginManager: Mounting plugin OnlineSubsystemSteam
LogPluginManager: Mounting plugin OnlineSubsystemUtils
LogPluginManager: Mounting plugin LauncherChunkInstaller
LogPluginManager: Mounting plugin AndroidDeviceProfileSelector
LogPluginManager: Mounting plugin AndroidMoviePlayer
LogPluginManager: Mounting plugin AndroidPermission
LogPluginManager: Mounting plugin AppleImageUtils
LogPluginManager: Mounting plugin AppleMoviePlayer
LogPluginManager: Mounting plugin ArchVisCharacter
LogPluginManager: Mounting plugin AssetTags
LogPluginManager: Mounting plugin AudioCapture
LogPluginManager: Mounting plugin CableComponent
LogPluginManager: Mounting plugin CustomMeshComponent
LogPluginManager: Mounting plugin EditableMesh
LogPluginManager: Mounting plugin ExampleDeviceProfileSelector
LogPluginManager: Mounting plugin GoogleCloudMessaging
LogPluginManager: Mounting plugin IOSDeviceProfileSelector
LogPluginManager: Mounting plugin LinuxDeviceProfileSelector
LogPluginManager: Mounting plugin LocationServicesBPLibrary
LogPluginManager: Mounting plugin MobilePatchingUtils
LogPluginManager: Mounting plugin OculusVR
LogPluginManager: Mounting plugin PhysXVehicles
LogPluginManager: Mounting plugin PostSplashScreen
LogPluginManager: Mounting plugin ProceduralMeshComponent
LogPluginManager: Mounting plugin RuntimePhysXCooking
LogPluginManager: Mounting plugin SignificanceManager
LogPluginManager: Mounting plugin SteamShared
LogPluginManager: Mounting plugin SteamVR
LogPluginManager: Mounting plugin WebMMoviePlayer
LogPluginManager: Mounting plugin WindowsMoviePlayer
LogPluginManager: Mounting plugin ScreenshotTools
LogInit: Using libcurl 7.55.1-DEV
LogInit:  - built for x86_64-pc-win32
LogInit:  - supports SSL with OpenSSL/1.1.1
LogInit:  - supports HTTP deflate (compression) using libz 1.2.8
LogInit:  - other features:
LogInit:      CURL_VERSION_SSL
LogInit:      CURL_VERSION_LIBZ
LogInit:      CURL_VERSION_IPV6
LogInit:      CURL_VERSION_ASYNCHDNS
LogInit:      CURL_VERSION_LARGEFILE
LogInit:      CURL_VERSION_IDN
LogInit:  CurlRequestOptions (configurable via config and command line):
LogInit:  - bVerifyPeer = true  - Libcurl will verify peer certificate
LogInit:  - bUseHttpProxy = false  - Libcurl will NOT use HTTP proxy
LogInit:  - bDontReuseConnections = false  - Libcurl will reuse connections
LogInit:  - MaxHostConnections = 16  - Libcurl will limit the number of connections to a host
LogInit:  - LocalHostAddr = Default
LogInit:  - BufferSize = 65536
LogSteamShared: Display: Loading Steam SDK 1.46
LogSteamShared: Steam SDK Loaded!
LogOnline: OSS: Creating online subsystem instance for: Steam
LogOnline: Display: STEAM: OnlineSubsystemSteam::Shutdown()
LogOnline: OSS: Unable to create OnlineSubsystem module Steam
LogOnline: OSS: Creating online subsystem instance for: NULL
LogInit: WinSock: version 1.1 (2.2), MaxSocks=32767, MaxUdp=65467
LogOnline: OSS: TryLoadSubsystemAndSetDefault: Loaded subsystem for module [NULL]
LogInit: Build: ++UE4+Release-4.24-CL-11590370
LogInit: Engine Version: 4.24.3-11590370+++UE4+Release-4.24
LogInit: Compatible Engine Version: 4.24.0-10570792+++UE4+Release-4.24
LogInit: Net CL: 10570792
LogInit: OS: Windows 10 (Release 1903) (), CPU: Intel(R) Core(TM) i7-7820X CPU @ 3.60GHz, GPU: NVIDIA GeForce GTX 1080
LogInit: Compiled (64-bit): Feb 24 2020 15:39:18
LogInit: Compiled with Visual C++: 19.16.27032.01
LogInit: Build Configuration: Development
LogInit: Branch Name: ++UE4+Release-4.24
LogInit: Command Line: 
LogInit: Base Directory: D:/UE_4.24/Engine/Binaries/Win64/
LogInit: Installed Engine Build: 1
LogDevObjectVersion: Number of dev versions registered: 25
LogDevObjectVersion:   Dev-Blueprints (B0D832E4-1F89-4F0D-ACCF-7EB736FD4AA2): 10
LogDevObjectVersion:   Dev-Build (E1C64328-A22C-4D53-A36C-8E866417BD8C): 0
LogDevObjectVersion:   Dev-Core (375EC13C-06E4-48FB-B500-84F0262A717E): 3
LogDevObjectVersion:   Dev-Editor (E4B068ED-F494-42E9-A231-DA0B2E46BB41): 37
LogDevObjectVersion:   Dev-Framework (CFFC743F-43B0-4480-9391-14DF171D2073): 36
LogDevObjectVersion:   Dev-Mobile (B02B49B5-BB20-44E9-A304-32B752E40360): 2
LogDevObjectVersion:   Dev-Networking (A4E4105C-59A1-49B5-A7C5-40C4547EDFEE): 0
LogDevObjectVersion:   Dev-Online (39C831C9-5AE6-47DC-9A44-9C173E1C8E7C): 0
LogDevObjectVersion:   Dev-Physics (78F01B33-EBEA-4F98-B9B4-84EACCB95AA2): 2
LogDevObjectVersion:   Dev-Platform (6631380F-2D4D-43E0-8009-CF276956A95A): 0
LogDevObjectVersion:   Dev-Rendering (12F88B9F-8875-4AFC-A67C-D90C383ABD29): 36
LogDevObjectVersion:   Dev-Sequencer (7B5AE74C-D270-4C10-A958-57980B212A5A): 11
LogDevObjectVersion:   Dev-VR (D7296918-1DD6-4BDD-9DE2-64A83CC13884): 2
LogDevObjectVersion:   Dev-LoadTimes (C2A15278-BFE7-4AFE-6C17-90FF531DF755): 1
LogDevObjectVersion:   Private-Geometry (6EACA3D4-40EC-4CC1-B786-8BED09428FC5): 3
LogDevObjectVersion:   Dev-AnimPhys (29E575DD-E0A3-4627-9D10-D276232CDCEA): 17
LogDevObjectVersion:   Dev-Anim (AF43A65D-7FD3-4947-9873-3E8ED9C1BB05): 2
LogDevObjectVersion:   Dev-ReflectionCapture (6B266CEC-1EC7-4B8F-A30B-E4D90942FC07): 1
LogDevObjectVersion:   Dev-Automation (0DF73D61-A23F-47EA-B727-89E90C41499A): 1
LogDevObjectVersion:   FortniteMain (601D1886-AC64-4F84-AA16-D3DE0DEAC7D6): 31
LogDevObjectVersion:   Dev-Enterprise (9DFFBCD6-494F-0158-E221-12823C92A888): 8
LogDevObjectVersion:   Dev-Niagara (F2AED0AC-9AFE-416F-8664-AA7FFA26D6FC): 1
LogDevObjectVersion:   Dev-Destruction (174F1F0B-B4C6-45A5-B13F-2EE8D0FB917D): 9
LogDevObjectVersion:   Dev-Physics-Ext (35F94A83-E258-406C-A318-09F59610247C): 8
LogDevObjectVersion:   Dev-CineCamera (B2E18506-4273-CFC2-A54E-F4BB758BBA07): 1
LogInit: Presizing for max 25165824 objects, including 0 objects not considered by GC, pre-allocating 0 bytes for permanent pool.
LogInit: Object subsystem initialized
LogConfig: Setting CVar [[con.DebugEarlyDefault:1]]
LogConfig: Setting CVar [[r.setres:1280x720]]
[2020.05.10-22.52.22:612][  0]LogConfig: Setting CVar [[r.VSync:0]]
[2020.05.10-22.52.22:612][  0]LogConfig: Setting CVar [[r.RHICmdBypass:0]]
[2020.05.10-22.52.22:615][  0]LogConfig: Applying CVar settings from Section [/Script/Engine.RendererSettings] File [D:/TOLWI/Saved/Config/Windows/Engine.ini]
[2020.05.10-22.52.22:616][  0]LogConfig: Setting CVar [[r.GPUCrashDebugging:0]]
[2020.05.10-22.52.22:616][  0]LogConfig: Applying CVar settings from Section [/Script/Engine.RendererOverrideSettings] File [D:/TOLWI/Saved/Config/Windows/Engine.ini]
[2020.05.10-22.52.22:616][  0]LogConfig: Applying CVar settings from Section [/Script/Engine.StreamingSettings] File [D:/TOLWI/Saved/Config/Windows/Engine.ini]
[2020.05.10-22.52.22:616][  0]LogConfig: Setting CVar [[s.MinBulkDataSizeForAsyncLoading:131072]]
[2020.05.10-22.52.22:616][  0]LogConfig: Setting CVar [[s.AsyncLoadingThreadEnabled:0]]
[2020.05.10-22.52.22:616][  0]LogConfig: Setting CVar [[s.EventDrivenLoaderEnabled:1]]
[2020.05.10-22.52.22:616][  0]LogConfig: Setting CVar [[s.WarnIfTimeLimitExceeded:0]]
[2020.05.10-22.52.22:616][  0]LogConfig: Setting CVar [[s.TimeLimitExceededMultiplier:1.5]]
[2020.05.10-22.52.22:616][  0]LogConfig: Setting CVar [[s.TimeLimitExceededMinTime:0.005]]
[2020.05.10-22.52.22:616][  0]LogConfig: Setting CVar [[s.UseBackgroundLevelStreaming:1]]
[2020.05.10-22.52.22:616][  0]LogConfig: Setting CVar [[s.PriorityAsyncLoadingExtraTime:15.0]]
[2020.05.10-22.52.22:616][  0]LogConfig: Setting CVar [[s.LevelStreamingActorsUpdateTimeLimit:5.0]]
[2020.05.10-22.52.22:616][  0]LogConfig: Setting CVar [[s.PriorityLevelStreamingActorsUpdateExtraTime:5.0]]
[2020.05.10-22.52.22:616][  0]LogConfig: Setting CVar [[s.LevelStreamingComponentsRegistrationGranularity:10]]
[2020.05.10-22.52.22:616][  0]LogConfig: Setting CVar [[s.UnregisterComponentsTimeLimit:1.0]]
[2020.05.10-22.52.22:616][  0]LogConfig: Setting CVar [[s.LevelStreamingComponentsUnregistrationGranularity:5]]
[2020.05.10-22.52.22:616][  0]LogConfig: Setting CVar [[s.FlushStreamingOnExit:1]]
[2020.05.10-22.52.22:616][  0]LogConfig: Applying CVar settings from Section [/Script/Engine.GarbageCollectionSettings] File [D:/TOLWI/Saved/Config/Windows/Engine.ini]
[2020.05.10-22.52.22:616][  0]LogConfig: Setting CVar [[gc.MaxObjectsNotConsideredByGC:1]]
[2020.05.10-22.52.22:616][  0]LogConfig: Setting CVar [[gc.SizeOfPermanentObjectPool:0]]
[2020.05.10-22.52.22:616][  0]LogConfig: Setting CVar [[gc.FlushStreamingOnGC:0]]
[2020.05.10-22.52.22:616][  0]LogConfig: Setting CVar [[gc.NumRetriesBeforeForcingGC:10]]
[2020.05.10-22.52.22:616][  0]LogConfig: Setting CVar [[gc.AllowParallelGC:1]]
[2020.05.10-22.52.22:617][  0]LogConfig: Setting CVar [[gc.TimeBetweenPurgingPendingKillObjects:61.1]]
[2020.05.10-22.52.22:617][  0]LogConfig: Setting CVar [[gc.MaxObjectsInEditor:25165824]]
[2020.05.10-22.52.22:617][  0]LogConfig: Setting CVar [[gc.IncrementalBeginDestroyEnabled:1]]
[2020.05.10-22.52.22:617][  0]LogConfig: Setting CVar [[gc.CreateGCClusters:1]]
[2020.05.10-22.52.22:617][  0]LogConfig: Setting CVar [[gc.MinGCClusterSize:5]]
[2020.05.10-22.52.22:617][  0]LogConfig: Setting CVar [[gc.ActorClusteringEnabled:0]]
[2020.05.10-22.52.22:617][  0]LogConfig: Setting CVar [[gc.BlueprintClusteringEnabled:0]]
[2020.05.10-22.52.22:617][  0]LogConfig: Setting CVar [[gc.UseDisregardForGCOnDedicatedServers:0]]
[2020.05.10-22.52.22:617][  0]LogConfig: Applying CVar settings from Section [/Script/Engine.NetworkSettings] File [D:/TOLWI/Saved/Config/Windows/Engine.ini]
[2020.05.10-22.52.22:617][  0]LogConfig: Applying CVar settings from Section [/Script/UnrealEd.CookerSettings] File [D:/TOLWI/Saved/Config/Windows/Engine.ini]
[2020.05.10-22.52.22:651][  0]LogConfig: Applying CVar settings from Section [ViewDistanceQuality@3] File [D:/TOLWI/Saved/Config/Windows/Scalability.ini]
[2020.05.10-22.52.22:651][  0]LogConfig: Setting CVar [[r.SkeletalMeshLODBias:0]]
[2020.05.10-22.52.22:651][  0]LogConfig: Setting CVar [[r.ViewDistanceScale:1.0]]
[2020.05.10-22.52.22:651][  0]LogConfig: Applying CVar settings from Section [AntiAliasingQuality@3] File [D:/TOLWI/Saved/Config/Windows/Scalability.ini]
[2020.05.10-22.52.22:651][  0]LogConfig: Setting CVar [[r.PostProcessAAQuality:4]]
[2020.05.10-22.52.22:651][  0]LogConfig: Applying CVar settings from Section [ShadowQuality@3] File [D:/TOLWI/Saved/Config/Windows/Scalability.ini]
[2020.05.10-22.52.22:651][  0]LogConfig: Setting CVar [[r.LightFunctionQuality:1]]
[2020.05.10-22.52.22:651][  0]LogConfig: Setting CVar [[r.ShadowQuality:5]]
[2020.05.10-22.52.22:651][  0]LogConfig: Setting CVar [[r.Shadow.CSM.MaxCascades:10]]
[2020.05.10-22.52.22:651][  0]LogConfig: Setting CVar [[r.Shadow.MaxResolution:2048]]
[2020.05.10-22.52.22:651][  0]LogConfig: Setting CVar [[r.Shadow.MaxCSMResolution:2048]]
[2020.05.10-22.52.22:651][  0]LogConfig: Setting CVar [[r.Shadow.RadiusThreshold:0.01]]
[2020.05.10-22.52.22:651][  0]LogConfig: Setting CVar [[r.Shadow.DistanceScale:1.0]]
[2020.05.10-22.52.22:651][  0]LogConfig: Setting CVar [[r.Shadow.CSM.TransitionScale:1.0]]
[2020.05.10-22.52.22:651][  0]LogConfig: Setting CVar [[r.Shadow.PreShadowResolutionFactor:1.0]]
[2020.05.10-22.52.22:651][  0]LogConfig: Setting CVar [[r.DistanceFieldShadowing:1]]
[2020.05.10-22.52.22:651][  0]LogConfig: Setting CVar [[r.DistanceFieldAO:1]]
[2020.05.10-22.52.22:651][  0]LogConfig: Setting CVar [[r.AOQuality:2]]
[2020.05.10-22.52.22:651][  0]LogConfig: Setting CVar [[r.VolumetricFog:1]]
[2020.05.10-22.52.22:651][  0]LogConfig: Setting CVar [[r.VolumetricFog.GridPixelSize:8]]
[2020.05.10-22.52.22:652][  0]LogConfig: Setting CVar [[r.VolumetricFog.GridSizeZ:128]]
[2020.05.10-22.52.22:652][  0]LogConfig: Setting CVar [[r.VolumetricFog.HistoryMissSupersampleCount:4]]
[2020.05.10-22.52.22:652][  0]LogConfig: Setting CVar [[r.LightMaxDrawDistanceScale:1]]
[2020.05.10-22.52.22:652][  0]LogConfig: Setting CVar [[r.CapsuleShadows:1]]
[2020.05.10-22.52.22:652][  0]LogConfig: Applying CVar settings from Section [PostProcessQuality@3] File [D:/TOLWI/Saved/Config/Windows/Scalability.ini]
[2020.05.10-22.52.22:652][  0]LogConfig: Setting CVar [[r.MotionBlurQuality:4]]
[2020.05.10-22.52.22:652][  0]LogConfig: Setting CVar [[r.AmbientOcclusionMipLevelFactor:0.4]]
[2020.05.10-22.52.22:652][  0]LogConfig: Setting CVar [[r.AmbientOcclusionMaxQuality:100]]
[2020.05.10-22.52.22:652][  0]LogConfig: Setting CVar [[r.AmbientOcclusionLevels:-1]]
[2020.05.10-22.52.22:652][  0]LogConfig: Setting CVar [[r.AmbientOcclusionRadiusScale:1.0]]
[2020.05.10-22.52.22:652][  0]LogConfig: Setting CVar [[r.DepthOfFieldQuality:2]]
[2020.05.10-22.52.22:652][  0]LogConfig: Setting CVar [[r.RenderTargetPoolMin:400]]
[2020.05.10-22.52.22:652][  0]LogConfig: Setting CVar [[r.LensFlareQuality:2]]
[2020.05.10-22.52.22:652][  0]LogConfig: Setting CVar [[r.SceneColorFringeQuality:1]]
[2020.05.10-22.52.22:652][  0]LogConfig: Setting CVar [[r.EyeAdaptationQuality:2]]
[2020.05.10-22.52.22:652][  0]LogConfig: Setting CVar [[r.BloomQuality:5]]
[2020.05.10-22.52.22:652][  0]LogConfig: Setting CVar [[r.FastBlurThreshold:100]]
[2020.05.10-22.52.22:652][  0]LogConfig: Setting CVar [[r.Upscale.Quality:3]]
[2020.05.10-22.52.22:652][  0]LogConfig: Setting CVar [[r.Tonemapper.GrainQuantization:1]]
[2020.05.10-22.52.22:652][  0]LogConfig: Setting CVar [[r.LightShaftQuality:1]]
[2020.05.10-22.52.22:652][  0]LogConfig: Setting CVar [[r.Filter.SizeScale:1]]
[2020.05.10-22.52.22:652][  0]LogConfig: Setting CVar [[r.Tonemapper.Quality:5]]
[2020.05.10-22.52.22:652][  0]LogConfig: Setting CVar [[r.DOF.Gather.AccumulatorQuality:1        ; higher gathering accumulator quality]]
[2020.05.10-22.52.22:652][  0]LogConfig: Setting CVar [[r.DOF.Gather.PostfilterMethod:1          ; Median3x3 postfilering method]]
[2020.05.10-22.52.22:653][  0]LogConfig: Setting CVar [[r.DOF.Gather.EnableBokehSettings:0       ; no bokeh simulation when gathering]]
[2020.05.10-22.52.22:653][  0]LogConfig: Setting CVar [[r.DOF.Gather.RingCount:4                 ; medium number of samples when gathering]]
[2020.05.10-22.52.22:653][  0]LogConfig: Setting CVar [[r.DOF.Scatter.ForegroundCompositing:1    ; additive foreground scattering]]
[2020.05.10-22.52.22:653][  0]LogConfig: Setting CVar [[r.DOF.Scatter.BackgroundCompositing:2    ; additive background scattering]]
[2020.05.10-22.52.22:653][  0]LogConfig: Setting CVar [[r.DOF.Scatter.EnableBokehSettings:1      ; bokeh simulation when scattering]]
[2020.05.10-22.52.22:653][  0]LogConfig: Setting CVar [[r.DOF.Scatter.MaxSpriteRatio:0.1         ; only a maximum of 10% of scattered bokeh]]
[2020.05.10-22.52.22:653][  0]LogConfig: Setting CVar [[r.DOF.Recombine.Quality:1                ; cheap slight out of focus]]
[2020.05.10-22.52.22:653][  0]LogConfig: Setting CVar [[r.DOF.Recombine.EnableBokehSettings:0    ; no bokeh simulation on slight out of focus]]
[2020.05.10-22.52.22:653][  0]LogConfig: Setting CVar [[r.DOF.TemporalAAQuality:1                ; more stable temporal accumulation]]
[2020.05.10-22.52.22:653][  0]LogConfig: Setting CVar [[r.DOF.Kernel.MaxForegroundRadius:0.025]]
[2020.05.10-22.52.22:653][  0]LogConfig: Setting CVar [[r.DOF.Kernel.MaxBackgroundRadius:0.025]]
[2020.05.10-22.52.22:653][  0]LogConfig: Applying CVar settings from Section [TextureQuality@3] File [D:/TOLWI/Saved/Config/Windows/Scalability.ini]
[2020.05.10-22.52.22:653][  0]LogConfig: Setting CVar [[r.Streaming.MipBias:0]]
[2020.05.10-22.52.22:653][  0]LogConfig: Setting CVar [[r.Streaming.AmortizeCPUToGPUCopy:0]]
[2020.05.10-22.52.22:653][  0]LogConfig: Setting CVar [[r.Streaming.MaxNumTexturesToStreamPerFrame:0]]
[2020.05.10-22.52.22:653][  0]LogConfig: Setting CVar [[r.Streaming.Boost:1]]
[2020.05.10-22.52.22:653][  0]LogConfig: Setting CVar [[r.MaxAnisotropy:8]]
[2020.05.10-22.52.22:653][  0]LogConfig: Setting CVar [[r.VT.MaxAnisotropy:8]]
[2020.05.10-22.52.22:653][  0]LogConfig: Setting CVar [[r.Streaming.LimitPoolSizeToVRAM:0]]
[2020.05.10-22.52.22:653][  0]LogConfig: Setting CVar [[r.Streaming.PoolSize:1000]]
[2020.05.10-22.52.22:653][  0]LogConfig: Setting CVar [[r.Streaming.MaxEffectiveScreenSize:0]]
[2020.05.10-22.52.22:653][  0]LogConfig: Applying CVar settings from Section [EffectsQuality@3] File [D:/TOLWI/Saved/Config/Windows/Scalability.ini]
[2020.05.10-22.52.22:653][  0]LogConfig: Setting CVar [[r.TranslucencyLightingVolumeDim:64]]
[2020.05.10-22.52.22:653][  0]LogConfig: Setting CVar [[r.RefractionQuality:2]]
[2020.05.10-22.52.22:653][  0]LogConfig: Setting CVar [[r.SSR.Quality:3]]
[2020.05.10-22.52.22:654][  0]LogConfig: Setting CVar [[r.SSR.HalfResSceneColor:0]]
[2020.05.10-22.52.22:654][  0]LogConfig: Setting CVar [[r.SceneColorFormat:4]]
[2020.05.10-22.52.22:654][  0]LogConfig: Setting CVar [[r.DetailMode:2]]
[2020.05.10-22.52.22:654][  0]LogConfig: Setting CVar [[r.TranslucencyVolumeBlur:1]]
[2020.05.10-22.52.22:654][  0]LogConfig: Setting CVar [[r.MaterialQualityLevel:1 ; High quality]]
[2020.05.10-22.52.22:654][  0]LogConfig: Setting CVar [[r.SSS.Scale:1]]
[2020.05.10-22.52.22:654][  0]LogConfig: Setting CVar [[r.SSS.SampleSet:2]]
[2020.05.10-22.52.22:654][  0]LogConfig: Setting CVar [[r.SSS.Quality:1]]
[2020.05.10-22.52.22:654][  0]LogConfig: Setting CVar [[r.SSS.HalfRes:1]]
[2020.05.10-22.52.22:654][  0]LogConfig: Setting CVar [[r.SSGI.Quality:3]]
[2020.05.10-22.52.22:654][  0]LogConfig: Setting CVar [[r.EmitterSpawnRateScale:1.0]]
[2020.05.10-22.52.22:654][  0]LogConfig: Setting CVar [[r.ParticleLightQuality:2]]
[2020.05.10-22.52.22:654][  0]LogConfig: Setting CVar [[r.SkyAtmosphere.AerialPerspectiveLUT.FastApplyOnOpaque:1 ; Always have FastSkyLUT 1 in this case to avoid wrong sky]]
[2020.05.10-22.52.22:654][  0]LogConfig: Setting CVar [[r.SkyAtmosphere.AerialPerspectiveLUT.SampleCountPerSlice:1]]
[2020.05.10-22.52.22:654][  0]LogConfig: Setting CVar [[r.SkyAtmosphere.AerialPerspectiveLUT.DepthResolution:16.0]]
[2020.05.10-22.52.22:654][  0]LogConfig: Setting CVar [[r.SkyAtmosphere.FastSkyLUT:1]]
[2020.05.10-22.52.22:654][  0]LogConfig: Setting CVar [[r.SkyAtmosphere.FastSkyLUT.SampleCountMin:4.0]]
[2020.05.10-22.52.22:654][  0]LogConfig: Setting CVar [[r.SkyAtmosphere.FastSkyLUT.SampleCountMax:32.0]]
[2020.05.10-22.52.22:654][  0]LogConfig: Setting CVar [[r.SkyAtmosphere.SampleCountMin:4.0]]
[2020.05.10-22.52.22:654][  0]LogConfig: Setting CVar [[r.SkyAtmosphere.SampleCountMax:32.0]]
[2020.05.10-22.52.22:654][  0]LogConfig: Setting CVar [[r.SkyAtmosphere.TransmittanceLUT.UseSmallFormat:0]]
[2020.05.10-22.52.22:654][  0]LogConfig: Setting CVar [[r.SkyAtmosphere.TransmittanceLUT.SampleCount:10.0]]
[2020.05.10-22.52.22:654][  0]LogConfig: Setting CVar [[r.SkyAtmosphere.MultiScatteringLUT.SampleCount:15.0]]
[2020.05.10-22.52.22:654][  0]LogConfig: Applying CVar settings from Section [FoliageQuality@3] File [D:/TOLWI/Saved/Config/Windows/Scalability.ini]
[2020.05.10-22.52.22:654][  0]LogConfig: Setting CVar [[foliage.DensityScale:1.0]]
[2020.05.10-22.52.22:655][  0]LogConfig: Setting CVar [[grass.DensityScale:1.0]]
[2020.05.10-22.52.22:655][  0]LogConfig: Applying CVar settings from Section [ShadingQuality@3] File [D:/TOLWI/Saved/Config/Windows/Scalability.ini]
[2020.05.10-22.52.22:655][  0]LogConfig: Setting CVar [[r.HairStrands.SkyLighting.SampleCount:16]]
[2020.05.10-22.52.22:655][  0]LogConfig: Setting CVar [[r.HairStrands.SkyLighting.JitterIntegration:0]]
[2020.05.10-22.52.22:655][  0]LogConfig: Setting CVar [[r.HairStrands.SkyAO.SampleCount:16]]
[2020.05.10-22.52.22:660][  0]LogInit: Selected Device Profile: [Windows]
[2020.05.10-22.52.22:660][  0]LogInit: Applying CVar settings loaded from the selected device profile: [Windows]
[2020.05.10-22.52.22:713][  0]LogHAL: Display: Platform has ~ 64 GB [68592717824 / 68719476736 / 64], which maps to Largest [LargestMinGB=32, LargerMinGB=12, DefaultMinGB=8, SmallerMinGB=6, SmallestMinGB=0)
[2020.05.10-22.52.22:713][  0]LogInit: Going up to parent DeviceProfile []
[2020.05.10-22.52.22:713][  0]LogConfig: Applying CVar settings from Section [ViewDistanceQuality@3] File [D:/TOLWI/Saved/Config/Windows/Scalability.ini]
[2020.05.10-22.52.22:713][  0]LogConfig: Setting CVar [[r.SkeletalMeshLODBias:0]]
[2020.05.10-22.52.22:713][  0]LogConfig: Setting CVar [[r.ViewDistanceScale:1.0]]
[2020.05.10-22.52.22:713][  0]LogConfig: Applying CVar settings from Section [AntiAliasingQuality@3] File [D:/TOLWI/Saved/Config/Windows/Scalability.ini]
[2020.05.10-22.52.22:713][  0]LogConfig: Setting CVar [[r.PostProcessAAQuality:4]]
[2020.05.10-22.52.22:713][  0]LogConfig: Applying CVar settings from Section [ShadowQuality@3] File [D:/TOLWI/Saved/Config/Windows/Scalability.ini]
[2020.05.10-22.52.22:713][  0]LogConfig: Setting CVar [[r.LightFunctionQuality:1]]
[2020.05.10-22.52.22:713][  0]LogConfig: Setting CVar [[r.ShadowQuality:5]]
[2020.05.10-22.52.22:713][  0]LogConfig: Setting CVar [[r.Shadow.CSM.MaxCascades:10]]
[2020.05.10-22.52.22:713][  0]LogConfig: Setting CVar [[r.Shadow.MaxResolution:2048]]
[2020.05.10-22.52.22:713][  0]LogConfig: Setting CVar [[r.Shadow.MaxCSMResolution:2048]]
[2020.05.10-22.52.22:713][  0]LogConfig: Setting CVar [[r.Shadow.RadiusThreshold:0.01]]
[2020.05.10-22.52.22:713][  0]LogConfig: Setting CVar [[r.Shadow.DistanceScale:1.0]]
[2020.05.10-22.52.22:713][  0]LogConfig: Setting CVar [[r.Shadow.CSM.TransitionScale:1.0]]
[2020.05.10-22.52.22:714][  0]LogConfig: Setting CVar [[r.Shadow.PreShadowResolutionFactor:1.0]]
[2020.05.10-22.52.22:714][  0]LogConfig: Setting CVar [[r.DistanceFieldShadowing:1]]
[2020.05.10-22.52.22:714][  0]LogConfig: Setting CVar [[r.DistanceFieldAO:1]]
[2020.05.10-22.52.22:714][  0]LogConfig: Setting CVar [[r.AOQuality:2]]
[2020.05.10-22.52.22:714][  0]LogConfig: Setting CVar [[r.VolumetricFog:1]]
[2020.05.10-22.52.22:714][  0]LogConfig: Setting CVar [[r.VolumetricFog.GridPixelSize:8]]
[2020.05.10-22.52.22:714][  0]LogConfig: Setting CVar [[r.VolumetricFog.GridSizeZ:128]]
[2020.05.10-22.52.22:714][  0]LogConfig: Setting CVar [[r.VolumetricFog.HistoryMissSupersampleCount:4]]
[2020.05.10-22.52.22:714][  0]LogConfig: Setting CVar [[r.LightMaxDrawDistanceScale:1]]
[2020.05.10-22.52.22:714][  0]LogConfig: Setting CVar [[r.CapsuleShadows:1]]
[2020.05.10-22.52.22:714][  0]LogConfig: Applying CVar settings from Section [PostProcessQuality@3] File [D:/TOLWI/Saved/Config/Windows/Scalability.ini]
[2020.05.10-22.52.22:714][  0]LogConfig: Setting CVar [[r.MotionBlurQuality:4]]
[2020.05.10-22.52.22:714][  0]LogConfig: Setting CVar [[r.AmbientOcclusionMipLevelFactor:0.4]]
[2020.05.10-22.52.22:714][  0]LogConfig: Setting CVar [[r.AmbientOcclusionMaxQuality:100]]
[2020.05.10-22.52.22:714][  0]LogConfig: Setting CVar [[r.AmbientOcclusionLevels:-1]]
[2020.05.10-22.52.22:714][  0]LogConfig: Setting CVar [[r.AmbientOcclusionRadiusScale:1.0]]
[2020.05.10-22.52.22:714][  0]LogConfig: Setting CVar [[r.DepthOfFieldQuality:2]]
[2020.05.10-22.52.22:714][  0]LogConfig: Setting CVar [[r.RenderTargetPoolMin:400]]
[2020.05.10-22.52.22:714][  0]LogConfig: Setting CVar [[r.LensFlareQuality:2]]
[2020.05.10-22.52.22:715][  0]LogConfig: Setting CVar [[r.SceneColorFringeQuality:1]]
[2020.05.10-22.52.22:715][  0]LogConfig: Setting CVar [[r.EyeAdaptationQuality:2]]
[2020.05.10-22.52.22:715][  0]LogConfig: Setting CVar [[r.BloomQuality:5]]
[2020.05.10-22.52.22:715][  0]LogConfig: Setting CVar [[r.FastBlurThreshold:100]]
[2020.05.10-22.52.22:715][  0]LogConfig: Setting CVar [[r.Upscale.Quality:3]]
[2020.05.10-22.52.22:715][  0]LogConfig: Setting CVar [[r.Tonemapper.GrainQuantization:1]]
[2020.05.10-22.52.22:715][  0]LogConfig: Setting CVar [[r.LightShaftQuality:1]]
[2020.05.10-22.52.22:715][  0]LogConfig: Setting CVar [[r.Filter.SizeScale:1]]
[2020.05.10-22.52.22:715][  0]LogConfig: Setting CVar [[r.Tonemapper.Quality:5]]
[2020.05.10-22.52.22:715][  0]LogConfig: Setting CVar [[r.DOF.Gather.AccumulatorQuality:1        ; higher gathering accumulator quality]]
[2020.05.10-22.52.22:715][  0]LogConfig: Setting CVar [[r.DOF.Gather.PostfilterMethod:1          ; Median3x3 postfilering method]]
[2020.05.10-22.52.22:715][  0]LogConfig: Setting CVar [[r.DOF.Gather.EnableBokehSettings:0       ; no bokeh simulation when gathering]]
[2020.05.10-22.52.22:715][  0]LogConfig: Setting CVar [[r.DOF.Gather.RingCount:4                 ; medium number of samples when gathering]]
[2020.05.10-22.52.22:715][  0]LogConfig: Setting CVar [[r.DOF.Scatter.ForegroundCompositing:1    ; additive foreground scattering]]
[2020.05.10-22.52.22:715][  0]LogConfig: Setting CVar [[r.DOF.Scatter.BackgroundCompositing:2    ; additive background scattering]]
[2020.05.10-22.52.22:715][  0]LogConfig: Setting CVar [[r.DOF.Scatter.EnableBokehSettings:1      ; bokeh simulation when scattering]]
[2020.05.10-22.52.22:715][  0]LogConfig: Setting CVar [[r.DOF.Scatter.MaxSpriteRatio:0.1         ; only a maximum of 10% of scattered bokeh]]
[2020.05.10-22.52.22:715][  0]LogConfig: Setting CVar [[r.DOF.Recombine.Quality:1                ; cheap slight out of focus]]
[2020.05.10-22.52.22:715][  0]LogConfig: Setting CVar [[r.DOF.Recombine.EnableBokehSettings:0    ; no bokeh simulation on slight out of focus]]
[2020.05.10-22.52.22:715][  0]LogConfig: Setting CVar [[r.DOF.TemporalAAQuality:1                ; more stable temporal accumulation]]
[2020.05.10-22.52.22:715][  0]LogConfig: Setting CVar [[r.DOF.Kernel.MaxForegroundRadius:0.025]]
[2020.05.10-22.52.22:715][  0]LogConfig: Setting CVar [[r.DOF.Kernel.MaxBackgroundRadius:0.025]]
[2020.05.10-22.52.22:715][  0]LogConfig: Applying CVar settings from Section [TextureQuality@3] File [D:/TOLWI/Saved/Config/Windows/Scalability.ini]
[2020.05.10-22.52.22:715][  0]LogConfig: Setting CVar [[r.Streaming.MipBias:0]]
[2020.05.10-22.52.22:715][  0]LogConfig: Setting CVar [[r.Streaming.AmortizeCPUToGPUCopy:0]]
[2020.05.10-22.52.22:715][  0]LogConfig: Setting CVar [[r.Streaming.MaxNumTexturesToStreamPerFrame:0]]
[2020.05.10-22.52.22:715][  0]LogConfig: Setting CVar [[r.Streaming.Boost:1]]
[2020.05.10-22.52.22:715][  0]LogConfig: Setting CVar [[r.MaxAnisotropy:8]]
[2020.05.10-22.52.22:715][  0]LogConfig: Setting CVar [[r.VT.MaxAnisotropy:8]]
[2020.05.10-22.52.22:715][  0]LogConfig: Setting CVar [[r.Streaming.LimitPoolSizeToVRAM:0]]
[2020.05.10-22.52.22:715][  0]LogConfig: Setting CVar [[r.Streaming.PoolSize:1000]]
[2020.05.10-22.52.22:715][  0]LogConfig: Setting CVar [[r.Streaming.MaxEffectiveScreenSize:0]]
[2020.05.10-22.52.22:715][  0]LogConfig: Applying CVar settings from Section [EffectsQuality@3] File [D:/TOLWI/Saved/Config/Windows/Scalability.ini]
[2020.05.10-22.52.22:715][  0]LogConfig: Setting CVar [[r.TranslucencyLightingVolumeDim:64]]
[2020.05.10-22.52.22:715][  0]LogConfig: Setting CVar [[r.RefractionQuality:2]]
[2020.05.10-22.52.22:715][  0]LogConfig: Setting CVar [[r.SSR.Quality:3]]
[2020.05.10-22.52.22:715][  0]LogConfig: Setting CVar [[r.SSR.HalfResSceneColor:0]]
[2020.05.10-22.52.22:715][  0]LogConfig: Setting CVar [[r.SceneColorFormat:4]]
[2020.05.10-22.52.22:715][  0]LogConfig: Setting CVar [[r.DetailMode:2]]
[2020.05.10-22.52.22:715][  0]LogConfig: Setting CVar [[r.TranslucencyVolumeBlur:1]]
[2020.05.10-22.52.22:715][  0]LogConfig: Setting CVar [[r.MaterialQualityLevel:1 ; High quality]]
[2020.05.10-22.52.22:715][  0]LogConfig: Setting CVar [[r.SSS.Scale:1]]
[2020.05.10-22.52.22:715][  0]LogConfig: Setting CVar [[r.SSS.SampleSet:2]]
[2020.05.10-22.52.22:715][  0]LogConfig: Setting CVar [[r.SSS.Quality:1]]
[2020.05.10-22.52.22:715][  0]LogConfig: Setting CVar [[r.SSS.HalfRes:1]]
[2020.05.10-22.52.22:715][  0]LogConfig: Setting CVar [[r.SSGI.Quality:3]]
[2020.05.10-22.52.22:715][  0]LogConfig: Setting CVar [[r.EmitterSpawnRateScale:1.0]]
[2020.05.10-22.52.22:715][  0]LogConfig: Setting CVar [[r.ParticleLightQuality:2]]
[2020.05.10-22.52.22:715][  0]LogConfig: Setting CVar [[r.SkyAtmosphere.AerialPerspectiveLUT.FastApplyOnOpaque:1 ; Always have FastSkyLUT 1 in this case to avoid wrong sky]]
[2020.05.10-22.52.22:715][  0]LogConfig: Setting CVar [[r.SkyAtmosphere.AerialPerspectiveLUT.SampleCountPerSlice:1]]
[2020.05.10-22.52.22:715][  0]LogConfig: Setting CVar [[r.SkyAtmosphere.AerialPerspectiveLUT.DepthResolution:16.0]]
[2020.05.10-22.52.22:715][  0]LogConfig: Setting CVar [[r.SkyAtmosphere.FastSkyLUT:1]]
[2020.05.10-22.52.22:715][  0]LogConfig: Setting CVar [[r.SkyAtmosphere.FastSkyLUT.SampleCountMin:4.0]]
[2020.05.10-22.52.22:715][  0]LogConfig: Setting CVar [[r.SkyAtmosphere.FastSkyLUT.SampleCountMax:32.0]]
[2020.05.10-22.52.22:715][  0]LogConfig: Setting CVar [[r.SkyAtmosphere.SampleCountMin:4.0]]
[2020.05.10-22.52.22:715][  0]LogConfig: Setting CVar [[r.SkyAtmosphere.SampleCountMax:32.0]]
[2020.05.10-22.52.22:715][  0]LogConfig: Setting CVar [[r.SkyAtmosphere.TransmittanceLUT.UseSmallFormat:0]]
[2020.05.10-22.52.22:715][  0]LogConfig: Setting CVar [[r.SkyAtmosphere.TransmittanceLUT.SampleCount:10.0]]
[2020.05.10-22.52.22:715][  0]LogConfig: Setting CVar [[r.SkyAtmosphere.MultiScatteringLUT.SampleCount:15.0]]
[2020.05.10-22.52.22:715][  0]LogConfig: Applying CVar settings from Section [FoliageQuality@3] File [D:/TOLWI/Saved/Config/Windows/Scalability.ini]
[2020.05.10-22.52.22:715][  0]LogConfig: Setting CVar [[foliage.DensityScale:1.0]]
[2020.05.10-22.52.22:715][  0]LogConfig: Setting CVar [[grass.DensityScale:1.0]]
[2020.05.10-22.52.22:716][  0]LogConfig: Applying CVar settings from Section [ShadingQuality@3] File [D:/TOLWI/Saved/Config/Windows/Scalability.ini]
[2020.05.10-22.52.22:716][  0]LogConfig: Setting CVar [[r.HairStrands.SkyLighting.SampleCount:16]]
[2020.05.10-22.52.22:716][  0]LogConfig: Setting CVar [[r.HairStrands.SkyLighting.JitterIntegration:0]]
[2020.05.10-22.52.22:716][  0]LogConfig: Setting CVar [[r.HairStrands.SkyAO.SampleCount:16]]
[2020.05.10-22.52.22:716][  0]LogConfig: Applying CVar settings from Section [Startup] File [../../../Engine/Config/ConsoleVariables.ini]
[2020.05.10-22.52.22:736][  0]LogConfig: Setting CVar [[net.UseAdaptiveNetUpdateFrequency:0]]
[2020.05.10-22.52.22:736][  0]LogConfig: Setting CVar [[p.chaos.AllowCreatePhysxBodies:1]]
[2020.05.10-22.52.22:736][  0]LogConfig: Applying CVar settings from Section [ConsoleVariables] File [D:/TOLWI/Saved/Config/Windows/Engine.ini]
[2020.05.10-22.52.22:752][  0]LogInit: Computer: DESKTOP-FC7SNQS
[2020.05.10-22.52.22:752][  0]LogInit: User: JeremyB
[2020.05.10-22.52.22:752][  0]LogInit: CPU Page size=4096, Cores=8
[2020.05.10-22.52.22:752][  0]LogInit: High frequency timer resolution =10.000000 MHz
[2020.05.10-22.52.22:752][  0]LogMemory: Memory total: Physical=63.9GB (64GB approx)
[2020.05.10-22.52.22:752][  0]LogMemory: Platform Memory Stats for Windows
[2020.05.10-22.52.22:752][  0]LogMemory: Process Physical Memory: 107.38 MB used, 107.39 MB peak
[2020.05.10-22.52.22:752][  0]LogMemory: Process Virtual Memory: 102.43 MB used, 102.43 MB peak
[2020.05.10-22.52.22:752][  0]LogMemory: Physical Memory: 10003.03 MB used,  55412.08 MB free, 65415.11 MB total
[2020.05.10-22.52.22:752][  0]LogMemory: Virtual Memory: 5180.77 MB used,  134212544.00 MB free, 134217728.00 MB total
[2020.05.10-22.52.22:802][  0]LogWindows: WindowsPlatformFeatures enabled
[2020.05.10-22.52.23:758][  0]LogInit: Using OS detected language (en-US).
[2020.05.10-22.52.23:758][  0]LogInit: Using OS detected locale (en-NZ).
[2020.05.10-22.52.23:771][  0]LogTextLocalizationManager: No specific localization for 'en-US' exists, so the 'en' localization will be used.
[2020.05.10-22.52.24:532][  0]LogInit: Setting process to per monitor DPI aware
[2020.05.10-22.52.25:083][  0]LogSlate: New Slate User Created.  User Index 0, Is Virtual User: 0
[2020.05.10-22.52.25:083][  0]LogSlate: Slate User Registered.  User Index 0, Is Virtual User: 0
[2020.05.10-22.52.28:990][  0]LogHMD: Failed to initialize OpenVR with code 101
[2020.05.10-22.52.28:990][  0]LogD3D11RHI: D3D11 min allowed feature level: 11_0
[2020.05.10-22.52.28:990][  0]LogD3D11RHI: D3D11 max allowed feature level: 11_0
[2020.05.10-22.52.28:990][  0]LogD3D11RHI: D3D11 adapters:
[2020.05.10-22.52.29:097][  0]LogD3D11RHI:    0. 'NVIDIA GeForce GTX 1080' (Feature Level 11_0)
[2020.05.10-22.52.29:097][  0]LogD3D11RHI:       8079/0/32707 MB DedicatedVideo/DedicatedSystem/SharedSystem, Outputs:1, VendorId:0x10de
[2020.05.10-22.52.29:101][  0]LogD3D11RHI:    1. 'Microsoft Basic Render Driver' (Feature Level 11_0)
[2020.05.10-22.52.29:101][  0]LogD3D11RHI:       0/0/32707 MB DedicatedVideo/DedicatedSystem/SharedSystem, Outputs:0, VendorId:0x1414
[2020.05.10-22.52.29:101][  0]LogD3D11RHI: Chosen D3D11 Adapter: 0
[2020.05.10-22.52.29:120][  0]LogD3D11RHI: Creating new Direct3DDevice
[2020.05.10-22.52.29:120][  0]LogD3D11RHI:     GPU DeviceId: 0x1b80 (for the marketing name, search the web for "GPU Device Id")
[2020.05.10-22.52.29:120][  0]LogWindows: EnumDisplayDevices:
[2020.05.10-22.52.29:121][  0]LogWindows:    0. 'NVIDIA GeForce GTX 1080' (P:1 D:1)
[2020.05.10-22.52.29:121][  0]LogWindows:    1. 'NVIDIA GeForce GTX 1080' (P:0 D:0)
[2020.05.10-22.52.29:122][  0]LogWindows:    2. 'NVIDIA GeForce GTX 1080' (P:0 D:0)
[2020.05.10-22.52.29:122][  0]LogWindows:    3. 'NVIDIA GeForce GTX 1080' (P:0 D:0)
[2020.05.10-22.52.29:123][  0]LogWindows: DebugString: FoundDriverCount:4 
[2020.05.10-22.52.29:123][  0]LogD3D11RHI:     Adapter Name: NVIDIA GeForce GTX 1080
[2020.05.10-22.52.29:123][  0]LogD3D11RHI:   Driver Version: 445.75 (internal:26.21.14.4575, unified:445.75)
[2020.05.10-22.52.29:123][  0]LogD3D11RHI:      Driver Date: 3-17-2020
[2020.05.10-22.52.29:123][  0]LogRHI: Texture pool is 5655 MB (70% of 8079 MB)
[2020.05.10-22.52.29:218][  0]LogD3D11RHI: RHI has support for 64 bit atomics
[2020.05.10-22.52.29:218][  0]LogD3D11RHI: Async texture creation enabled
[2020.05.10-22.52.29:369][  0]LogD3D11RHI: GPU Timing Frequency: 1000.000000 (Debug: 2 1)
[2020.05.10-22.52.30:267][  0]LogTargetPlatformManager: Display: Loaded TargetPlatform 'AllDesktop'
[2020.05.10-22.52.30:458][  0]LogTargetPlatformManager: Display: Loaded TargetPlatform 'Android'
[2020.05.10-22.52.30:458][  0]LogTargetPlatformManager: Display: Loaded TargetPlatform 'Android_ASTC'
[2020.05.10-22.52.30:458][  0]LogTargetPlatformManager: Display: Loaded TargetPlatform 'Android_ATC'
[2020.05.10-22.52.30:459][  0]LogTargetPlatformManager: Display: Loaded TargetPlatform 'Android_DXT'
[2020.05.10-22.52.30:459][  0]LogTargetPlatformManager: Display: Loaded TargetPlatform 'Android_ETC1'
[2020.05.10-22.52.30:459][  0]LogTargetPlatformManager: Display: Loaded TargetPlatform 'Android_ETC1a'
[2020.05.10-22.52.30:459][  0]LogTargetPlatformManager: Display: Loaded TargetPlatform 'Android_ETC2'
[2020.05.10-22.52.30:459][  0]LogTargetPlatformManager: Display: Loaded TargetPlatform 'Android_PVRTC'
[2020.05.10-22.52.30:459][  0]LogTargetPlatformManager: Display: Loaded TargetPlatform 'AndroidClient'
[2020.05.10-22.52.30:459][  0]LogTargetPlatformManager: Display: Loaded TargetPlatform 'Android_ASTCClient'
[2020.05.10-22.52.30:459][  0]LogTargetPlatformManager: Display: Loaded TargetPlatform 'Android_ATCClient'
[2020.05.10-22.52.30:459][  0]LogTargetPlatformManager: Display: Loaded TargetPlatform 'Android_DXTClient'
[2020.05.10-22.52.30:459][  0]LogTargetPlatformManager: Display: Loaded TargetPlatform 'Android_ETC1Client'
[2020.05.10-22.52.30:459][  0]LogTargetPlatformManager: Display: Loaded TargetPlatform 'Android_ETC1aClient'
[2020.05.10-22.52.30:459][  0]LogTargetPlatformManager: Display: Loaded TargetPlatform 'Android_ETC2Client'
[2020.05.10-22.52.30:459][  0]LogTargetPlatformManager: Display: Loaded TargetPlatform 'Android_PVRTCClient'
[2020.05.10-22.52.30:459][  0]LogTargetPlatformManager: Display: Loaded TargetPlatform 'Android_Multi'
[2020.05.10-22.52.30:459][  0]LogTargetPlatformManager: Display: Loaded TargetPlatform 'Android_MultiClient'
[2020.05.10-22.52.30:643][  0]LogTargetPlatformManager: Display: Loaded TargetPlatform 'IOSClient'
[2020.05.10-22.52.30:643][  0]LogTargetPlatformManager: Display: Loaded TargetPlatform 'IOS'
[2020.05.10-22.52.30:710][  0]LogTargetPlatformManager: Display: Loaded TargetPlatform 'LinuxNoEditor'
[2020.05.10-22.52.30:742][  0]LogTargetPlatformManager: Display: Loaded TargetPlatform 'LinuxClient'
[2020.05.10-22.52.30:764][  0]LogTargetPlatformManager: Display: Loaded TargetPlatform 'LinuxServer'
[2020.05.10-22.52.30:834][  0]LogTargetPlatformManager: Display: Loaded TargetPlatform 'LinuxAArch64NoEditor'
[2020.05.10-22.52.30:867][  0]LogTargetPlatformManager: Display: Loaded TargetPlatform 'LinuxAArch64Client'
[2020.05.10-22.52.30:894][  0]LogTargetPlatformManager: Display: Loaded TargetPlatform 'LinuxAArch64Server'
[2020.05.10-22.52.30:960][  0]LogTargetPlatformManager: Display: Loaded TargetPlatform 'Lumin'
[2020.05.10-22.52.30:960][  0]LogTargetPlatformManager: Display: Loaded TargetPlatform 'LuminClient'
[2020.05.10-22.52.31:001][  0]LogTargetPlatformManager: Display: Loaded TargetPlatform 'TVOSClient'
[2020.05.10-22.52.31:001][  0]LogTargetPlatformManager: Display: Loaded TargetPlatform 'TVOS'
[2020.05.10-22.52.31:073][  0]LogTargetPlatformManager: Display: Loaded TargetPlatform 'WindowsNoEditor'
[2020.05.10-22.52.31:133][  0]LogTargetPlatformManager: Display: Loaded TargetPlatform 'Windows'
[2020.05.10-22.52.31:160][  0]LogTargetPlatformManager: Display: Loaded TargetPlatform 'WindowsClient'
[2020.05.10-22.52.31:186][  0]LogTargetPlatformManager: Display: Loaded TargetPlatform 'WindowsServer'
[2020.05.10-22.52.31:186][  0]LogTargetPlatformManager: Display: Building Assets For Windows
[2020.05.10-22.52.31:366][  0]LogAudioDebug: Display: Lib vorbis DLL was dynamically loaded.
[2020.05.10-22.52.32:355][  0]LogShaderCompilers: Guid format shader working directory is 31 characters bigger than the processId version (../../../../TOLWI/Intermediate/Shaders/WorkingDirectory/37864/).
[2020.05.10-22.52.32:355][  0]LogShaderCompilers: Cleaned the shader compiler working directory 'C:/Users/Jeremy B/AppData/Local/Temp/UnrealShaderWorkingDir/1F740FEE444EEFCB8AB0F7B3FB6F8CDD/'.
[2020.05.10-22.52.32:357][  0]LogXGEController: Cleaning working directory: C:/Users/Jeremy B/AppData/Local/Temp/UnrealXGEWorkingDir/
[2020.05.10-22.52.32:358][  0]LogXGEController: Cannot use XGE Controller as Incredibuild is not installed on this machine.
[2020.05.10-22.52.32:358][  0]LogShaderCompilers: Cannot use XGE Shader Compiler as Incredibuild is not installed on this machine.
[2020.05.10-22.52.32:358][  0]LogShaderCompilers: Display: Using Local Shader Compiler.
[2020.05.10-22.52.36:460][  0]LogDerivedDataCache: Display: Max Cache Size: 512 MB
[2020.05.10-22.52.36:649][  0]LogDerivedDataCache: Loaded boot cache 0.19s 110MB C:/Users/Jeremy B/AppData/Local/UnrealEngine/4.24/DerivedDataCache/Boot.ddc.
[2020.05.10-22.52.36:650][  0]LogDerivedDataCache: Display: Loaded Boot cache: C:/Users/Jeremy B/AppData/Local/UnrealEngine/4.24/DerivedDataCache/Boot.ddc
[2020.05.10-22.52.36:650][  0]LogDerivedDataCache: FDerivedDataBackendGraph:  Pak pak cache file ../../../../TOLWI/DerivedDataCache/DDC.ddp not found, will not use a pak cache.
[2020.05.10-22.52.36:650][  0]LogDerivedDataCache: Unable to find inner node Pak for hierarchical cache Hierarchy.
[2020.05.10-22.52.36:650][  0]LogDerivedDataCache: FDerivedDataBackendGraph:  CompressedPak pak cache file ../../../../TOLWI/DerivedDataCache/Compressed.ddp not found, will not use a pak cache.
[2020.05.10-22.52.36:650][  0]LogDerivedDataCache: Unable to find inner node CompressedPak for hierarchical cache Hierarchy.
[2020.05.10-22.52.36:707][  0]LogDerivedDataCache: Display: Pak cache opened for reading ../../../Engine/DerivedDataCache/Compressed.ddp.
[2020.05.10-22.52.36:707][  0]LogDerivedDataCache: FDerivedDataBackendGraph:  EnterprisePak pak cache file ../../../Enterprise/DerivedDataCache/Compressed.ddp not found, will not use a pak cache.
[2020.05.10-22.52.36:707][  0]LogDerivedDataCache: Unable to find inner node EnterprisePak for hierarchical cache Hierarchy.
[2020.05.10-22.52.36:710][  0]LogDerivedDataCache: Using Local data cache path C:/Users/Jeremy B/AppData/Local/UnrealEngine/Common/DerivedDataCache: Writable
[2020.05.10-22.52.36:710][  0]LogDerivedDataCache: Shared data cache path not found in *engine.ini, will not use an Shared cache.
[2020.05.10-22.52.36:710][  0]LogDerivedDataCache: Unable to find inner node Shared for hierarchical cache Hierarchy.
[2020.05.10-22.52.36:810][  0]LogMaterial: Verifying Global Shaders for PCD3D_SM5
[2020.05.10-22.52.36:873][  0]LogSlate: Using FreeType 2.10.0
[2020.05.10-22.52.37:033][  0]LogSlate: SlateFontServices - WITH_FREETYPE: 1, WITH_HARFBUZZ: 1
[2020.05.10-22.52.37:995][  0]LogAssetRegistry: FAssetRegistry took 0.0069 seconds to start up
[2020.05.10-22.52.41:235][  0]LogInit: Selected Device Profile: [Windows]
[2020.05.10-22.52.42:788][  0]LogMeshReduction: Using QuadricMeshReduction for automatic static mesh reduction
[2020.05.10-22.52.42:789][  0]LogMeshReduction: Using SimplygonMeshReduction for automatic skeletal mesh reduction
[2020.05.10-22.52.42:789][  0]LogMeshReduction: Using ProxyLODMeshReduction for automatic mesh merging
[2020.05.10-22.52.42:789][  0]LogMeshReduction: No distributed automatic mesh merging module available
[2020.05.10-22.52.42:789][  0]LogMeshMerging: No distributed automatic mesh merging module available
[2020.05.10-22.52.43:123][  0]LogNetVersion: TOLWI 1.0.0, NetCL: 10570792, EngineNetVer: 13, GameNetVer: 0 (Checksum: 138115532)
[2020.05.10-22.52.56:247][  0]LogPackageLocalizationCache: Processed 10 localized package path(s) for 1 prioritized culture(s) in 0.106335 seconds
[2020.05.10-22.52.56:277][  0]LogUObjectArray: 46759 objects as part of root set at end of initial load.
[2020.05.10-22.52.56:277][  0]LogUObjectAllocator: 8148360 out of 0 bytes used by permanent object pool.
[2020.05.10-22.52.56:277][  0]LogUObjectArray: CloseDisregardForGC: 0/0 objects in disregard for GC pool
[2020.05.10-22.53.01:714][  0]LogTcpMessaging: Initializing TcpMessaging bridge
[2020.05.10-22.53.01:773][  0]LogUdpMessaging: Initializing bridge on interface 0.0.0.0:0 to multicast group 230.0.0.1:6666.
[2020.05.10-22.53.04:260][  0]SourceControl: Source control is disabled
[2020.05.10-22.53.06:445][  0]LogAndroidPermission: UAndroidPermissionCallbackProxy::GetInstance
[2020.05.10-22.53.06:632][  0]LogAudioCaptureCore: Display: No Audio Capture implementations found. Audio input will be silent.
[2020.05.10-22.53.06:632][  0]LogAudioCaptureCore: Display: No Audio Capture implementations found. Audio input will be silent.
[2020.05.10-22.53.07:312][  0]LogOcInput: OculusInput pre-init called
[2020.05.10-22.53.07:437][  0]LogWindows: Failed to load 'OVRPlugin.dll' (GetLastError=126)
[2020.05.10-22.53.07:437][  0]LogWindows: File 'OVRPlugin.dll' does not exist
[2020.05.10-22.53.08:350][  0]LogEngine: Initializing Engine...
[2020.05.10-22.53.08:375][  0]LogHMD: Failed to initialize OpenVR with code 101
[2020.05.10-22.53.08:409][  0]LogStats: UGameplayTagsManager::InitializeManager -  0.014 s
[2020.05.10-22.53.09:772][  0]LogInit: Initializing FReadOnlyCVARCache
[2020.05.10-22.53.10:099][  0]LogAIModule: Creating AISystem for world Untitled
[2020.05.10-22.53.10:269][  0]LogAudioMixer: Display: Audio Mixer Platform Settings:
[2020.05.10-22.53.10:269][  0]LogAudioMixer: Display: 	Sample Rate:						  48000
[2020.05.10-22.53.10:269][  0]LogAudioMixer: Display: 	Callback Buffer Frame Size Requested: 1024
[2020.05.10-22.53.10:269][  0]LogAudioMixer: Display: 	Callback Buffer Frame Size To Use:	  1024
[2020.05.10-22.53.10:269][  0]LogAudioMixer: Display: 	Number of buffers to queue:			  2
[2020.05.10-22.53.10:269][  0]LogAudioMixer: Display: 	Max Channels (voices):				  32
[2020.05.10-22.53.10:269][  0]LogAudioMixer: Display: 	Number of Async Source Workers:		  0
[2020.05.10-22.53.10:269][  0]LogAudio: Display: AudioDevice MaxSources: 32
[2020.05.10-22.53.10:276][  0]LogAudio: Display: Using built-in audio occlusion.
[2020.05.10-22.53.10:276][  0]LogAudioMixer: Display: Initializing audio mixer.
[2020.05.10-22.53.10:514][  0]LogAudioMixer: Display: Audio Device Output Speaker Info:
[2020.05.10-22.53.10:514][  0]LogAudioMixer: Display: Name: Acer RT280K (NVIDIA High Definition Audio)
[2020.05.10-22.53.10:514][  0]LogAudioMixer: Display: Is Default: Yes
[2020.05.10-22.53.10:514][  0]LogAudioMixer: Display: Sample Rate: 48000
[2020.05.10-22.53.10:514][  0]LogAudioMixer: Display: Channel Count Used: 2
[2020.05.10-22.53.10:514][  0]LogAudioMixer: Display: Device Channel Count: 2
[2020.05.10-22.53.10:514][  0]LogAudioMixer: Display: Channel Order:
[2020.05.10-22.53.10:514][  0]LogAudioMixer: Display: 0: FrontLeft
[2020.05.10-22.53.10:514][  0]LogAudioMixer: Display: 1: FrontRight
[2020.05.10-22.53.10:544][  0]LogAudioMixer: Display: Using Audio Device Acer RT280K (NVIDIA High Definition Audio)
[2020.05.10-22.53.10:560][  0]LogInit: FAudioDevice initialized.
[2020.05.10-22.53.10:560][  0]LogNetVersion: Set ProjectVersion to 1.0.0.0. Version Checksum will be recalculated on next use.
[2020.05.10-22.53.10:698][  0]LogDerivedDataCache: Saved boot cache 0.14s 110MB C:/Users/Jeremy B/AppData/Local/UnrealEngine/4.24/DerivedDataCache/Boot.ddc.
[2020.05.10-22.53.10:714][  0]LogInit: Texture streaming: Enabled
[2020.05.10-22.53.11:016][  0]LogEngineSessionManager: EngineSessionManager initialized
[2020.05.10-22.53.11:017][  0]LogEditorSessionSummary: Verbose: Initializing EditorSessionSummaryWriter for editor session tracking
[2020.05.10-22.53.11:021][  0]LogEditorSessionSummary: EditorSessionSummaryWriter initialized
[2020.05.10-22.53.11:362][  0]LogInit: Transaction tracking system initialized
[2020.05.10-22.53.11:783][  0]BlueprintLog: New page: Editor Load
[2020.05.10-22.53.12:945][  0]LocalizationService: Localization service is disabled
[2020.05.10-22.53.13:637][  0]LogLinker: Warning: Failed to load '/Game/ThirdPersonBP/ThirdPersonOverview': Can't find file.
[2020.05.10-22.53.13:638][  0]LogLinker: Warning: Failed to load '/Game/ThirdPersonBP/ThirdPersonOverview': Can't find file.
[2020.05.10-22.53.13:638][  0]LogUObjectGlobals: Warning: Failed to find object 'Class /Game/ThirdPersonBP/ThirdPersonOverview.ThirdPersonOverview_C'
[2020.05.10-22.53.15:737][  0]LogFileCache: Scanning file cache for directory 'D:/TOLWI/Content/' took 0.01s
[2020.05.10-22.53.15:737][  0]LogCook: Display: Max memory allowance for cook 16384mb min free memory 0mb
[2020.05.10-22.53.15:737][  0]LogCook: Display: Mobile HDR setting 1
[2020.05.10-22.53.18:705][  0]Cmd: MAP LOAD FILE="../../../../TOLWI/Content/Levels/MainMenu.umap" TEMPLATE=0 SHOWPROGRESS=1 FEATURELEVEL=3
[2020.05.10-22.53.18:706][  0]LightingResults: New page: Lighting Build
[2020.05.10-22.53.18:754][  0]LogWorld: UWorld::CleanupWorld for Untitled, bSessionEnded=true, bCleanupResources=true
[2020.05.10-22.53.18:778][  0]LogSlate: InvalidateAllWidgets triggered.  All widgets were invalidated
[2020.05.10-22.53.18:786][  0]MapCheck: New page: Map Check
[2020.05.10-22.53.18:786][  0]LightingResults: New page: Lighting Build
[2020.05.10-22.53.19:028][  0]LogUObjectHash: Compacting FUObjectHashTables data took   5.24ms
[2020.05.10-22.53.19:059][  0]LogAIModule: Creating AISystem for world MainMenu
[2020.05.10-22.53.19:154][  0]LogEditorServer: Finished looking for orphan Actors (0.000 secs)
[2020.05.10-22.53.19:279][  0]LogUObjectHash: Compacting FUObjectHashTables data took   1.79ms
[2020.05.10-22.53.19:279][  0]Cmd: MAP CHECKDEP NOCLEARLOG
[2020.05.10-22.53.19:290][  0]MapCheck: Map check complete: 0 Error(s), 0 Warning(s), took 5.436ms to complete.
[2020.05.10-22.53.19:290][  0]LogFileHelpers: Loading map 'MainMenu' took 0.601
[2020.05.10-22.53.20:439][  0]LogSlate: Updating window title bar state: overlay mode, drag disabled, window buttons hidden, title bar hidden
[2020.05.10-22.53.20:450][  0]LogSlate: Updating window title bar state: overlay mode, drag disabled, window buttons hidden, title bar hidden
[2020.05.10-22.53.20:455][  0]LogSlate: Updating window title bar state: overlay mode, drag disabled, window buttons hidden, title bar hidden
[2020.05.10-22.53.20:460][  0]LogSlate: Updating window title bar state: overlay mode, drag disabled, window buttons hidden, title bar hidden
[2020.05.10-22.53.20:522][  0]LogCollectionManager: Loaded 0 collections in 0.000833 seconds
[2020.05.10-22.53.20:659][  0]LogFileCache: Scanning file cache for directory 'D:/TOLWI/Saved/Collections/' took 0.00s
[2020.05.10-22.53.20:659][  0]LogFileCache: Scanning file cache for directory 'D:/TOLWI/Content/Developers/JeremyB/Collections/' took 0.00s
[2020.05.10-22.53.20:659][  0]LogFileCache: Scanning file cache for directory 'D:/TOLWI/Content/Collections/' took 0.00s
[2020.05.10-22.53.20:659][  0]LogContentBrowser: Native class hierarchy populated in 0.0859 seconds. Added 3029 classes and 724 folders.
[2020.05.10-22.53.20:692][  0]LogContentBrowser: Native class hierarchy updated for 'WidgetCarousel' in 0.0005 seconds. Added 0 classes and 0 folders.
[2020.05.10-22.53.21:767][  0]LogContentBrowser: Native class hierarchy updated for 'AddContentDialog' in 0.0004 seconds. Added 0 classes and 0 folders.
[2020.05.10-22.53.21:832][  0]LogContentBrowser: Native class hierarchy updated for 'SceneOutliner' in 0.0004 seconds. Added 2 classes and 3 folders.
[2020.05.10-22.53.22:589][  0]LogSlate: Took 0.029181 seconds to synchronously load lazily loaded font '../../../Engine/Content/Slate/Fonts/Roboto-Regular.ttf' (155K)
[2020.05.10-22.53.22:670][  0]LogSlate: Took 0.022156 seconds to synchronously load lazily loaded font '../../../Engine/Content/Slate/Fonts/Roboto-Bold.ttf' (160K)
[2020.05.10-22.53.22:714][  0]LogSlate: Took 0.017839 seconds to synchronously load lazily loaded font '../../../Engine/Content/Editor/Slate/Fonts/FontAwesome.ttf' (139K)
[2020.05.10-22.53.23:112][  0]LogRenderer: Reallocating scene render targets to support 1348x864 Format 10 NumSamples 1 (Frame:1).
[2020.05.10-22.53.23:513][  0]LogContentBrowser: Native class hierarchy updated for 'HierarchicalLODOutliner' in 0.0005 seconds. Added 0 classes and 0 folders.
[2020.05.10-22.53.23:513][  0]LogLoad: (Engine Initialization) Total time: 76.89 seconds
[2020.05.10-22.53.23:513][  0]LogLoad: (Engine Initialization) Total Blueprint compile time: 0.00 seconds
[2020.05.10-22.53.23:670][  0]LogContentStreaming: Texture pool size now 1000 MB
[2020.05.10-22.53.25:121][ 21]LogAssetRegistry: Asset discovery search completed in 47.1276 seconds
[2020.05.10-22.53.25:124][ 21]LogCollectionManager: Fixed up redirectors for 0 collections in 0.000024 seconds (updated 0 objects)
[2020.05.10-22.54.43:873][405]LogAudioMixer: Warning: Changing default audio render device to new device: {0.0.0.00000000}.{9fbb2ee1-6f37-4546-8595-d6876601834b}.
[2020.05.10-22.54.43:873][405]LogTemp: Resetting audio stream to device id 
[2020.05.10-22.54.43:931][405]LogAudioMixer: Display: Audio Device Output Speaker Info:
[2020.05.10-22.54.43:931][405]LogAudioMixer: Display: Name: Speakers/Headphones (Realtek(R) Audio)
[2020.05.10-22.54.43:931][405]LogAudioMixer: Display: Is Default: Yes
[2020.05.10-22.54.43:931][405]LogAudioMixer: Display: Sample Rate: 48000
[2020.05.10-22.54.43:931][405]LogAudioMixer: Display: Channel Count Used: 8
[2020.05.10-22.54.43:931][405]LogAudioMixer: Display: Device Channel Count: 8
[2020.05.10-22.54.43:931][405]LogAudioMixer: Display: Channel Order:
[2020.05.10-22.54.43:931][405]LogAudioMixer: Display: 0: FrontLeft
[2020.05.10-22.54.43:931][405]LogAudioMixer: Display: 1: FrontRight
[2020.05.10-22.54.43:931][405]LogAudioMixer: Display: 2: FrontCenter
[2020.05.10-22.54.43:931][405]LogAudioMixer: Display: 3: LowFrequency
[2020.05.10-22.54.43:931][405]LogAudioMixer: Display: 4: BackLeft
[2020.05.10-22.54.43:931][405]LogAudioMixer: Display: 5: BackRight
[2020.05.10-22.54.43:931][405]LogAudioMixer: Display: 6: SideLeft
[2020.05.10-22.54.43:931][405]LogAudioMixer: Display: 7: SideRight
[2020.05.11-03.33.35:058][345]LogHotReload: New module detected: UE4Editor-TOLWI-0022.dll
[2020.05.11-03.34.20:709][687]LogSlate: Took 0.020203 seconds to synchronously load lazily loaded font '../../../Engine/Content/Slate/Fonts/Roboto-Light.ttf' (167K)
[2020.05.11-03.34.20:739][687]Cmd: OBJ SAVEPACKAGE PACKAGE="/Game/Levels/MainMenu" FILE="../../../../TOLWI/Content/Levels/MainMenu.umap" SILENT=true AUTOSAVING=false KEEPDIRTY=false
[2020.05.11-03.34.20:799][687]LogUObjectHash: Compacting FUObjectHashTables data took   0.85ms
[2020.05.11-03.34.21:179][687]LogSavePackage: Moving '../../../../TOLWI/Saved/MainMenu47AEF67149811D4CB2BDC9AA9851E9EF.tmp' to '../../../../TOLWI/Content/Levels/MainMenu.umap'
[2020.05.11-03.34.21:319][687]Cmd: OBJ SAVEPACKAGE PACKAGE="/Game/Levels/MainMenu_BuiltData" FILE="../../../../TOLWI/Content/Levels/MainMenu_BuiltData.uasset" SILENT=true
[2020.05.11-03.34.21:334][687]LogSavePackage: Moving '../../../../TOLWI/Saved/MainMenu_BuiltData9B9C1ADF49C0B8CA56C6418C881288FC.tmp' to '../../../../TOLWI/Content/Levels/MainMenu_BuiltData.uasset'
[2020.05.11-03.34.21:348][687]AssetCheck: New page: Asset Save: multiple assets
[2020.05.11-03.34.21:348][687]LogContentValidation: Display: Validating World /Game/Levels/MainMenu.MainMenu
[2020.05.11-03.34.21:348][687]LogContentValidation: Display: Validating MapBuildDataRegistry /Game/Levels/MainMenu_BuiltData.MainMenu_BuiltData
[2020.05.11-03.34.41:565][682]SourceControl: fatal: /Script: '/Script' is outside repository
[2020.05.11-03.34.46:491][243]LogSlate: Window 'Project Settings' being destroyed
[2020.05.11-03.34.46:496][243]LogSlate: Window 'Project Settings' being destroyed
[2020.05.11-03.34.47:645][346]Cmd: OBJ SAVEPACKAGE PACKAGE="/Game/Levels/MainMenu" FILE="../../../../TOLWI/Content/Levels/MainMenu.umap" SILENT=true AUTOSAVING=false KEEPDIRTY=false
[2020.05.11-03.34.47:691][346]LogUObjectHash: Compacting FUObjectHashTables data took   1.80ms
[2020.05.11-03.34.47:790][346]LogSavePackage: Moving '../../../../TOLWI/Saved/MainMenuC7EF1CE64B86BB394DC8529A6E0903BE.tmp' to '../../../../TOLWI/Content/Levels/MainMenu.umap'
[2020.05.11-03.34.47:935][346]Cmd: OBJ SAVEPACKAGE PACKAGE="/Game/Levels/MainMenu_BuiltData" FILE="../../../../TOLWI/Content/Levels/MainMenu_BuiltData.uasset" SILENT=true
[2020.05.11-03.34.47:944][346]LogSavePackage: Moving '../../../../TOLWI/Saved/MainMenu_BuiltDataA8C3AAE2478AABE8A746FAB2E7FF0ABD.tmp' to '../../../../TOLWI/Content/Levels/MainMenu_BuiltData.uasset'
[2020.05.11-03.34.47:954][346]AssetCheck: New page: Asset Save: multiple assets
[2020.05.11-03.34.47:954][346]LogContentValidation: Display: Validating World /Game/Levels/MainMenu.MainMenu
[2020.05.11-03.34.47:954][346]LogContentValidation: Display: Validating MapBuildDataRegistry /Game/Levels/MainMenu_BuiltData.MainMenu_BuiltData
[2020.05.11-03.34.48:512][406]Candidate modules for hot reload:
[2020.05.11-03.34.48:512][406]  TOLWI
[2020.05.11-03.34.48:512][406]Launching UnrealBuildTool... [D:/UE_4.24/Engine/Binaries/DotNET/UnrealBuildTool.exe  -ModuleWithSuffix=TOLWI,7335 Win64 Development -TargetType=Editor -Project="D:/TOLWI/TOLWI.uproject" "D:/TOLWI/TOLWI.uproject"  -IgnoreJunk]
[2020.05.11-03.34.48:514][406]Warning: Starting HotReload took  0.0s.
[2020.05.11-03.34.56:734][518]CompilerResultsLog: New page: Compilation - 12/05/2020, 3:34:56 am
[2020.05.11-03.34.56:734][518]CompilerResultsLog: Using 'git status' to determine working set for adaptive non-unity build (D:\TOLWI).
[2020.05.11-03.34.56:734][518]CompilerResultsLog: Parsing headers for TOLWIEditor
[2020.05.11-03.34.56:734][518]CompilerResultsLog:   Running UnrealHeaderTool "D:\TOLWI\TOLWI.uproject" "D:\TOLWI\Intermediate\Build\Win64\TOLWIEditor\Development\TOLWIEditor.uhtmanifest" -LogCmds="loginit warning, logexit warning, logdatabase error" -Unattended -WarningsAsErrors -installed
[2020.05.11-03.34.56:734][518]CompilerResultsLog: Reflection code generated for TOLWIEditor in 4.9102277 seconds
[2020.05.11-03.34.56:734][518]CompilerResultsLog: Building TOLWIEditor...
[2020.05.11-03.34.56:734][518]CompilerResultsLog: Using Visual Studio 2017 14.16.27035 toolchain (C:\Program Files (x86)\Microsoft Visual Studio\2017\Community\VC\Tools\MSVC\14.16.27023) and Windows 10.0.17763.0 SDK (C:\Program Files (x86)\Windows Kits\10).
[2020.05.11-03.34.56:734][518]CompilerResultsLog: [Upgrade]
[2020.05.11-03.34.56:734][518]CompilerResultsLog: [Upgrade] Using backward-compatible build settings. The latest version of UE4 sets the following values by default, which may require code changes:
[2020.05.11-03.34.56:734][518]CompilerResultsLog: [Upgrade]     bLegacyPublicIncludePaths = false                 => Omits subfolders from public include paths to reduce compiler command line length. (Previously: true).
[2020.05.11-03.34.56:734][518]CompilerResultsLog: [Upgrade]     ShadowVariableWarningLevel = WarningLevel.Error   => Treats shadowed variable warnings as errors. (Previously: WarningLevel.Warning).
[2020.05.11-03.34.56:734][518]CompilerResultsLog: [Upgrade]     PCHUsage = PCHUsageMode.UseExplicitOrSharedPCHs   => Set in build.cs files to enables IWYU-style PCH model. See https://docs.unrealengine.com/en-US/Programming/BuildTools/UnrealBuildTool/IWYU/index.html. (Previously: PCHUsageMode.UseSharedPCHs).
[2020.05.11-03.34.56:734][518]CompilerResultsLog: [Upgrade] Suppress this message by setting 'DefaultBuildSettings = BuildSettingsVersion.V2;' in TOLWIEditor.Target.cs, and explicitly overriding settings that differ from the new defaults.
[2020.05.11-03.34.56:734][518]CompilerResultsLog: [Upgrade]
[2020.05.11-03.34.56:734][518]CompilerResultsLog: Building 5 actions with 16 processes...
[2020.05.11-03.34.56:734][518]CompilerResultsLog:   [1/5] TOLWIGameModeBase.cpp
[2020.05.11-03.34.56:734][518]CompilerResultsLog:   [2/5] TOLWIGameModeBase.gen.cpp
[2020.05.11-03.34.56:734][518]CompilerResultsLog:   [3/5] UE4Editor-TOLWI-7335.lib
[2020.05.11-03.34.56:734][518]CompilerResultsLog:      Creating library D:\TOLWI\Intermediate\Build\Win64\UE4Editor\Development\TOLWI\UE4Editor-TOLWI-7335.lib and object D:\TOLWI\Intermediate\Build\Win64\UE4Editor\Development\TOLWI\UE4Editor-TOLWI-7335.exp
[2020.05.11-03.34.56:734][518]CompilerResultsLog:   [4/5] UE4Editor-TOLWI-7335.dll
[2020.05.11-03.34.56:734][518]CompilerResultsLog:      Creating library D:\TOLWI\Intermediate\Build\Win64\UE4Editor\Development\TOLWI\UE4Editor-TOLWI-7335.suppressed.lib and object D:\TOLWI\Intermediate\Build\Win64\UE4Editor\Development\TOLWI\UE4Editor-TOLWI-7335.suppressed.exp
[2020.05.11-03.34.56:734][518]CompilerResultsLog: Error:   TOLWIGameModeBase.gen.cpp.obj : error LNK2019: unresolved external symbol "public: __cdecl ATOLWIGameModeBase::ATOLWIGameModeBase(void)" (??0ATOLWIGameModeBase@@QEAA@XZ) referenced in function "void __cdecl InternalConstructor<class ATOLWIGameModeBase>(class FObjectInitializer const &)" (??$InternalConstructor@VATOLWIGameModeBase@@@@YAXAEBVFObjectInitializer@@@Z)
[2020.05.11-03.34.56:734][518]CompilerResultsLog: Error:   D:\TOLWI\Binaries\Win64\UE4Editor-TOLWI-7335.dll : fatal error LNK1120: 1 unresolved externals
[2020.05.11-03.34.56:734][518]LogMainFrame: MainFrame: Module compiling took 8.235 seconds
[2020.05.11-03.34.56:734][518]Warning: HotReload failed, recompile failed
[2020.05.11-03.35.27:573][480]LogSlate: Window 'Message Log' being destroyed
[2020.05.11-03.35.27:576][480]LogSlate: Window 'Message Log' being destroyed
[2020.05.11-03.45.46:947][583]Candidate modules for hot reload:
[2020.05.11-03.45.46:947][583]  TOLWI
[2020.05.11-03.45.46:947][583]Launching UnrealBuildTool... [D:/UE_4.24/Engine/Binaries/DotNET/UnrealBuildTool.exe  -ModuleWithSuffix=TOLWI,683 Win64 Development -TargetType=Editor -Project="D:/TOLWI/TOLWI.uproject" "D:/TOLWI/TOLWI.uproject"  -IgnoreJunk]
[2020.05.11-03.45.46:949][583]Warning: Starting HotReload took  0.0s.
[2020.05.11-03.45.51:116][644]CompilerResultsLog: New page: Compilation - 12/05/2020, 3:45:51 am
[2020.05.11-03.45.51:116][644]CompilerResultsLog: Using 'git status' to determine working set for adaptive non-unity build (D:\TOLWI).
[2020.05.11-03.45.51:116][644]CompilerResultsLog: Building TOLWIEditor...
[2020.05.11-03.45.51:116][644]CompilerResultsLog: Using Visual Studio 2017 14.16.27035 toolchain (C:\Program Files (x86)\Microsoft Visual Studio\2017\Community\VC\Tools\MSVC\14.16.27023) and Windows 10.0.17763.0 SDK (C:\Program Files (x86)\Windows Kits\10).
[2020.05.11-03.45.51:116][644]CompilerResultsLog: [Upgrade]
[2020.05.11-03.45.51:116][644]CompilerResultsLog: [Upgrade] Using backward-compatible build settings. The latest version of UE4 sets the following values by default, which may require code changes:
[2020.05.11-03.45.51:116][644]CompilerResultsLog: [Upgrade]     bLegacyPublicIncludePaths = false                 => Omits subfolders from public include paths to reduce compiler command line length. (Previously: true).
[2020.05.11-03.45.51:116][644]CompilerResultsLog: [Upgrade]     ShadowVariableWarningLevel = WarningLevel.Error   => Treats shadowed variable warnings as errors. (Previously: WarningLevel.Warning).
[2020.05.11-03.45.51:116][644]CompilerResultsLog: [Upgrade]     PCHUsage = PCHUsageMode.UseExplicitOrSharedPCHs   => Set in build.cs files to enables IWYU-style PCH model. See https://docs.unrealengine.com/en-US/Programming/BuildTools/UnrealBuildTool/IWYU/index.html. (Previously: PCHUsageMode.UseSharedPCHs).
[2020.05.11-03.45.51:116][644]CompilerResultsLog: [Upgrade] Suppress this message by setting 'DefaultBuildSettings = BuildSettingsVersion.V2;' in TOLWIEditor.Target.cs, and explicitly overriding settings that differ from the new defaults.
[2020.05.11-03.45.51:116][644]CompilerResultsLog: [Upgrade]
[2020.05.11-03.45.51:117][644]CompilerResultsLog: Building 4 actions with 16 processes...
[2020.05.11-03.45.51:117][644]CompilerResultsLog:   [1/4] TOLWIGameMode.cpp
[2020.05.11-03.45.51:117][644]CompilerResultsLog:   [2/4] UE4Editor-TOLWI-0683.lib
[2020.05.11-03.45.51:117][644]CompilerResultsLog:      Creating library D:\TOLWI\Intermediate\Build\Win64\UE4Editor\Development\TOLWI\UE4Editor-TOLWI-0683.lib and object D:\TOLWI\Intermediate\Build\Win64\UE4Editor\Development\TOLWI\UE4Editor-TOLWI-0683.exp
[2020.05.11-03.45.51:117][644]CompilerResultsLog:   [3/4] UE4Editor-TOLWI-0683.dll
[2020.05.11-03.45.51:117][644]CompilerResultsLog:      Creating library D:\TOLWI\Intermediate\Build\Win64\UE4Editor\Development\TOLWI\UE4Editor-TOLWI-0683.suppressed.lib and object D:\TOLWI\Intermediate\Build\Win64\UE4Editor\Development\TOLWI\UE4Editor-TOLWI-0683.suppressed.exp
[2020.05.11-03.45.51:117][644]CompilerResultsLog:   [4/4] TOLWIEditor.target
[2020.05.11-03.45.51:117][644]CompilerResultsLog: Total time in Parallel executor: 2.86 seconds
[2020.05.11-03.45.51:117][644]CompilerResultsLog: Total execution time: 3.77 seconds
[2020.05.11-03.45.51:117][644]LogMainFrame: MainFrame: Module compiling took 4.173 seconds
[2020.05.11-03.45.51:166][644]LogUObjectHash: Compacting FUObjectHashTables data took   2.00ms
[2020.05.11-03.45.51:179][644]LogContentBrowser: Native class hierarchy populated in 0.0075 seconds. Added 3031 classes and 727 folders.
[2020.05.11-03.45.51:179][644]Display: HotReload took  4.2s.
[2020.05.11-03.45.54:256][783]LogTemp: Repeating last play command: New Editor Window (PIE)
[2020.05.11-03.45.54:272][783]LogBlueprintUserMessages: Early PlayInEditor Detection: Level '/Game/Levels/MainMenu.MainMenu:PersistentLevel' has LevelScriptBlueprint '/Game/Levels/MainMenu.MainMenu:PersistentLevel.MainMenu' with GeneratedClass '/Game/Levels/MainMenu.MainMenu_C' with ClassGeneratedBy '/Game/Levels/MainMenu.MainMenu:PersistentLevel.MainMenu'
[2020.05.11-03.45.54:272][783]LogPlayLevel: PlayLevel: No blueprints needed recompiling
[2020.05.11-03.45.54:272][783]PIE: New page: PIE session: MainMenu (12/05/2020, 3:45:54 am)
[2020.05.11-03.45.54:305][783]LogOnline: OSS: Creating online subsystem instance for: Steam
[2020.05.11-03.45.54:305][783]LogOnline: Display: STEAM: OnlineSubsystemSteam::Shutdown()
[2020.05.11-03.45.54:305][783]LogOnline: OSS: Creating online subsystem instance for: NULL
[2020.05.11-03.45.54:313][783]LogOnline: OSS: TryLoadSubsystemAndSetDefault: Loaded subsystem for module [NULL]
[2020.05.11-03.45.54:313][783]LogPlayLevel: Creating play world package: /Game/Levels/UEDPIE_1_MainMenu
[2020.05.11-03.45.54:319][783]LogPlayLevel: PIE: StaticDuplicateObject took: (0.005370s)
[2020.05.11-03.45.54:321][783]LogAIModule: Creating AISystem for world MainMenu
[2020.05.11-03.45.54:321][783]LogPlayLevel: PIE: World Init took: (0.002451s)
[2020.05.11-03.45.54:321][783]LogPlayLevel: PIE: Created PIE world by copying editor world from /Game/Levels/MainMenu.MainMenu to /Game/Levels/UEDPIE_1_MainMenu.MainMenu (0.008269s)
[2020.05.11-03.45.54:379][783]LogUObjectHash: Compacting FUObjectHashTables data took   1.27ms
[2020.05.11-03.45.54:380][783]LogTemp: Warning: Found subsystem NULL
[2020.05.11-03.45.54:380][783]LogAudioMixer: Display: Audio Mixer Platform Settings:
[2020.05.11-03.45.54:380][783]LogAudioMixer: Display: 	Sample Rate:						  48000
[2020.05.11-03.45.54:380][783]LogAudioMixer: Display: 	Callback Buffer Frame Size Requested: 1024
[2020.05.11-03.45.54:380][783]LogAudioMixer: Display: 	Callback Buffer Frame Size To Use:	  1024
[2020.05.11-03.45.54:380][783]LogAudioMixer: Display: 	Number of buffers to queue:			  2
[2020.05.11-03.45.54:380][783]LogAudioMixer: Display: 	Max Channels (voices):				  32
[2020.05.11-03.45.54:380][783]LogAudioMixer: Display: 	Number of Async Source Workers:		  0
[2020.05.11-03.45.54:380][783]LogAudio: Display: AudioDevice MaxSources: 32
[2020.05.11-03.45.54:381][783]LogAudio: Display: Using built-in audio occlusion.
[2020.05.11-03.45.54:381][783]LogAudioMixer: Display: Initializing audio mixer.
[2020.05.11-03.45.54:402][783]LogAudioMixer: Display: Audio Device Output Speaker Info:
[2020.05.11-03.45.54:402][783]LogAudioMixer: Display: Name: Speakers/Headphones (Realtek(R) Audio)
[2020.05.11-03.45.54:402][783]LogAudioMixer: Display: Is Default: Yes
[2020.05.11-03.45.54:402][783]LogAudioMixer: Display: Sample Rate: 48000
[2020.05.11-03.45.54:402][783]LogAudioMixer: Display: Channel Count Used: 8
[2020.05.11-03.45.54:402][783]LogAudioMixer: Display: Device Channel Count: 8
[2020.05.11-03.45.54:402][783]LogAudioMixer: Display: Channel Order:
[2020.05.11-03.45.54:402][783]LogAudioMixer: Display: 0: FrontLeft
[2020.05.11-03.45.54:402][783]LogAudioMixer: Display: 1: FrontRight
[2020.05.11-03.45.54:402][783]LogAudioMixer: Display: 2: FrontCenter
[2020.05.11-03.45.54:402][783]LogAudioMixer: Display: 3: LowFrequency
[2020.05.11-03.45.54:402][783]LogAudioMixer: Display: 4: BackLeft
[2020.05.11-03.45.54:402][783]LogAudioMixer: Display: 5: BackRight
[2020.05.11-03.45.54:402][783]LogAudioMixer: Display: 6: SideLeft
[2020.05.11-03.45.54:402][783]LogAudioMixer: Display: 7: SideRight
[2020.05.11-03.45.54:450][783]LogAudioMixer: Display: Using Audio Device Speakers/Headphones (Realtek(R) Audio)
[2020.05.11-03.45.54:452][783]LogInit: FAudioDevice initialized.
[2020.05.11-03.45.54:509][783]LogSlate: Updating window title bar state: overlay mode, drag disabled, window buttons hidden, title bar hidden
[2020.05.11-03.45.54:511][783]LogLoad: Game class is 'TOLWIGameMode'
[2020.05.11-03.45.54:514][783]LogWorld: Bringing World /Game/Levels/UEDPIE_1_MainMenu.MainMenu up for play (max tick rate 0) at 2020.05.11-15.45.54
[2020.05.11-03.45.54:515][783]LogWorld: Bringing up level for play took: 0.000895
[2020.05.11-03.45.54:515][783]LogOnline: OSS: Creating online subsystem instance for: :Context_3
[2020.05.11-03.45.54:550][783]LogContentBrowser: Native class hierarchy updated for 'MovieSceneCapture' in 0.0004 seconds. Added 20 classes and 0 folders.
[2020.05.11-03.45.54:550][783]LogNet: ReplicationDriverClass is null! Not using ReplicationDriver.
[2020.05.11-03.45.54:550][783]LogNetCore: DDoS detection status: detection enabled: 0 analytics enabled: 0
[2020.05.11-03.45.54:551][783]LogInit: WinSock: I am DESKTOP-FC7SNQS (192.168.1.15:0)
[2020.05.11-03.45.54:551][783]LogInit: WinSock: Socket queue. Rx: 131072 (config 131072) Tx: 131072 (config 131072)
[2020.05.11-03.45.54:551][783]PacketHandlerLog: Loaded PacketHandler component: Engine.EngineHandlerComponentFactory (StatelessConnectHandlerComponent)
[2020.05.11-03.45.54:551][783]LogNet: GameNetDriver IpNetDriver_0 IpNetDriver listening on port 17777
[2020.05.11-03.45.54:551][783]LogGameMode: Display: Match State Changed from EnteringMap to WaitingToStart
[2020.05.11-03.45.54:551][783]LogGameState: Match State Changed from EnteringMap to WaitingToStart
[2020.05.11-03.45.54:551][783]LogGameMode: Display: Match State Changed from WaitingToStart to InProgress
[2020.05.11-03.45.54:576][783]LogPlayerController: Error: InputMode:UIOnly - Attempting to focus Non-Focusable widget SObjectWidget [Widget.cpp(776)]!
[2020.05.11-03.45.54:576][783]LogGameState: Match State Changed from WaitingToStart to InProgress
[2020.05.11-03.45.54:589][783]PIE: Play in editor start time for /Game/Levels/UEDPIE_1_MainMenu -0.555
[2020.05.11-03.45.54:592][783]LogTemp: Warning: Found subsystem NULL
[2020.05.11-03.45.54:641][783]LogSlate: Updating window title bar state: overlay mode, drag disabled, window buttons hidden, title bar hidden
[2020.05.11-03.45.54:641][783]LogNet: Browse: 127.0.0.1:17777//Game/Levels/MainMenu
[2020.05.11-03.45.54:642][783]LogInit: WinSock: Socket queue. Rx: 32768 (config 32768) Tx: 32768 (config 32768)
[2020.05.11-03.45.54:642][783]PacketHandlerLog: Loaded PacketHandler component: Engine.EngineHandlerComponentFactory (StatelessConnectHandlerComponent)
[2020.05.11-03.45.54:642][783]LogNet: Game client on port 17777, rate 10000
[2020.05.11-03.45.54:644][783]PIE: Play in editor start time for /Game/Levels/MainMenu -0.499
[2020.05.11-03.45.54:656][783]LogBlueprintUserMessages: Late PlayInEditor Detection: Level '/Game/Levels/MainMenu.MainMenu:PersistentLevel' has LevelScriptBlueprint '/Game/Levels/MainMenu.MainMenu:PersistentLevel.MainMenu' with GeneratedClass '/Game/Levels/MainMenu.MainMenu_C' with ClassGeneratedBy '/Game/Levels/MainMenu.MainMenu:PersistentLevel.MainMenu'
[2020.05.11-03.45.54:656][783]LogNet: NotifyAcceptingConnection accepted from: 127.0.0.1:55310
[2020.05.11-03.45.54:656][783]LogHandshake: SendConnectChallenge. Timestamp: 0.008334, Cookie: 150038029035137208110105242194020103218064211103198251141241
[2020.05.11-03.45.54:667][783]LogHandshake: SendChallengeResponse. Timestamp: 0.008334, Cookie: 150038029035137208110105242194020103218064211103198251141241
[2020.05.11-03.45.54:702][784]LogNet: NotifyAcceptingConnection accepted from: 127.0.0.1:55310
[2020.05.11-03.45.54:702][784]LogHandshake: SendChallengeAck. InCookie: 150038029035137208110105242194020103218064211103198251141241
[2020.05.11-03.45.54:702][784]LogNet: Server accepting post-challenge connection from: 127.0.0.1:55310
[2020.05.11-03.45.54:703][784]PacketHandlerLog: Loaded PacketHandler component: Engine.EngineHandlerComponentFactory (StatelessConnectHandlerComponent)
[2020.05.11-03.45.54:703][784]LogNet: NotifyAcceptedConnection: Name: MainMenu, TimeStamp: 05/11/20 15:45:54, [UNetConnection] RemoteAddr: 127.0.0.1:55310, Name: IpConnection_1, Driver: GameNetDriver IpNetDriver_0, IsServer: YES, PC: NULL, Owner: NULL, UniqueId: INVALID
[2020.05.11-03.45.54:703][784]LogNet: AddClientConnection: Added client connection: [UNetConnection] RemoteAddr: 127.0.0.1:55310, Name: IpConnection_1, Driver: GameNetDriver IpNetDriver_0, IsServer: YES, PC: NULL, Owner: NULL, UniqueId: INVALID
[2020.05.11-03.45.54:705][784]LogNetVersion: TOLWI 1.0.0.0, NetCL: 10570792, EngineNetVer: 13, GameNetVer: 0 (Checksum: 2916101841)
[2020.05.11-03.45.54:705][784]LogNet: UPendingNetGame::SendInitialJoin: Sending hello. [UNetConnection] RemoteAddr: 127.0.0.1:17777, Name: IpConnection_0, Driver: PendingNetDriver IpNetDriver_1, IsServer: NO, PC: NULL, Owner: NULL, UniqueId: INVALID
[2020.05.11-03.45.54:757][785]LogNet: NotifyAcceptingChannel Control 0 server World /Game/Levels/UEDPIE_1_MainMenu.MainMenu: Accepted
[2020.05.11-03.45.54:768][785]LogNet: Remote platform little endian=1
[2020.05.11-03.45.54:768][785]LogNet: This platform little endian=1
[2020.05.11-03.45.54:769][785]LogOnline: OSS: Creating online subsystem instance for: :Context_4
[2020.05.11-03.45.54:775][786]LogNet: Login request: /Game/Levels/MainMenu?Name=DESKTOP-FC7SNQS-2FBB8B394E5BF129946136A14215E006 userId: NULL:DESKTOP-FC7SNQS-2FBB8B394E5BF129946136A14215E006 platform: NULL
[2020.05.11-03.45.54:776][786]LogNet: Welcomed by server (Level: /Game/Levels/UEDPIE_1_MainMenu, Game: /Script/TOLWI.TOLWIGameMode)
[2020.05.11-03.45.54:776][786]LogLoad: LoadMap: 127.0.0.1:17777//Game/Levels/UEDPIE_1_MainMenu?game=/Script/TOLWI.TOLWIGameMode
[2020.05.11-03.45.54:776][786]LogWorld: BeginTearingDown for /Temp/Untitled_1
[2020.05.11-03.45.54:776][786]LogWorld: UWorld::CleanupWorld for Untitled, bSessionEnded=true, bCleanupResources=true
[2020.05.11-03.45.54:776][786]LogSlate: InvalidateAllWidgets triggered.  All widgets were invalidated
[2020.05.11-03.45.54:776][786]LogAudioMixer: Display: No commands were queued while flushing the source manager.
[2020.05.11-03.45.54:820][786]LogUObjectHash: Compacting FUObjectHashTables data took   1.41ms
[2020.05.11-03.45.54:834][786]LogAIModule: Creating AISystem for world MainMenu
[2020.05.11-03.45.54:834][786]LogWorld: Bringing World /Game/Levels/UEDPIE_2_MainMenu.MainMenu up for play (max tick rate 0) at 2020.05.11-15.45.54
[2020.05.11-03.45.54:835][786]LogWorld: Bringing up level for play took: 0.000193
[2020.05.11-03.45.54:835][786]LogLoad: Took 0.058434 seconds to LoadMap(/Game/Levels/UEDPIE_1_MainMenu)
[2020.05.11-03.45.54:842][787]LogNet: Client netspeed is 10000
[2020.05.11-03.45.54:842][787]LogNet: Join request: /Game/Levels/MainMenu?Name=DESKTOP-FC7SNQS-2FBB8B394E5BF129946136A14215E006?SplitscreenCount=1
[2020.05.11-03.45.54:842][787]LogOnlineSession: Warning: OSS: No game present to join for session (GameSession)
[2020.05.11-03.45.54:844][787]LogNet: Join succeeded: DESKTOP-FC7SNQS-2FBB
[2020.05.11-03.45.55:005][805]LogPlayerController: Error: InputMode:UIOnly - Attempting to focus Non-Focusable widget SObjectWidget [Widget.cpp(776)]!
[2020.05.11-03.45.55:094][810]LogOnlineSession: Warning: OSS: No game present to join for session (GameSession)
[2020.05.11-03.45.55:135][813]LogOnlineSession: Warning: OSS: No game present to join for session (GameSession)
[2020.05.11-03.45.58:368][199]LogSlate: WidgetSwitcher ('None') active index changed to 3
[2020.05.11-03.46.02:621][709]LogGameMode: Display: Match State Changed from InProgress to LeavingMap
[2020.05.11-03.46.02:621][709]LogGameState: Match State Changed from InProgress to LeavingMap
[2020.05.11-03.46.02:621][709]LogGameMode: ProcessServerTravel: /Game/Levels/NewMap?listen
[2020.05.11-03.46.02:623][709]LogEngine: Server switch level: /Game/Levels/NewMap?listen
[2020.05.11-03.46.02:623][709]LogNet: Browse: 127.0.0.1:17777//Game/Levels/NewMap?game=/Script/TOLWI.TOLWIGameMode?listen
[2020.05.11-03.46.02:623][709]LogNet: World NetDriver shutdown IpNetDriver_1 [GameNetDriver]
[2020.05.11-03.46.02:623][709]LogNet: DestroyNamedNetDriver IpNetDriver_1 [GameNetDriver]
[2020.05.11-03.46.02:623][709]LogNet: UNetConnection::Close: [UNetConnection] RemoteAddr: 127.0.0.1:17777, Name: IpConnection_0, Driver: GameNetDriver IpNetDriver_1, IsServer: NO, PC: PlayerController_1, Owner: PlayerController_1, UniqueId: NULL:DESKTOP-FC7SNQS-2FBB8B394E5BF129946136A14215E006, Channels: 11, Time: 2020.05.11-03.46.02
[2020.05.11-03.46.02:623][709]LogNet: UChannel::Close: Sending CloseBunch. ChIndex == 0. Name: [UChannel] ChIndex: 0, Closing: 0 [UNetConnection] RemoteAddr: 127.0.0.1:17777, Name: IpConnection_0, Driver: GameNetDriver IpNetDriver_1, IsServer: NO, PC: PlayerController_1, Owner: PlayerController_1, UniqueId: NULL:DESKTOP-FC7SNQS-2FBB8B394E5BF129946136A14215E006
[2020.05.11-03.46.02:631][709]LogExit: GameNetDriver IpNetDriver_1 shut down
[2020.05.11-03.46.02:631][709]LogInit: WinSock: Socket queue. Rx: 32768 (config 32768) Tx: 32768 (config 32768)
[2020.05.11-03.46.02:631][709]PacketHandlerLog: Loaded PacketHandler component: Engine.EngineHandlerComponentFactory (StatelessConnectHandlerComponent)
[2020.05.11-03.46.02:632][709]LogNet: Game client on port 17777, rate 10000
[2020.05.11-03.46.02:632][709]LogLoad: Warning: UEngine::TickWorldTravel failed to Handle server travel to URL: /Game/Levels/NewMap?listen. Error: 
[2020.05.11-03.46.02:639][709]LogOutputDevice: Warning: 

Script Stack (0 frames):

[2020.05.11-03.46.02:640][709]LogWindows: Windows GetLastError: The operation completed successfully. (0)
[2020.05.11-03.46.06:380][709]LogWindows: Error: === Critical error: ===
[2020.05.11-03.46.06:380][709]LogWindows: Error: 
[2020.05.11-03.46.06:380][709]LogWindows: Error: Assertion failed: Ret != EBrowseReturnVal::Pending [File:D:/Build/++UE4/Sync/Engine/Source/Runtime/Engine/Private/UnrealEngine.cpp] [Line: 12142] 
[2020.05.11-03.46.06:380][709]LogWindows: Error: 
[2020.05.11-03.46.06:380][709]LogWindows: Error: 
[2020.05.11-03.46.06:380][709]LogWindows: Error: 
[2020.05.11-03.46.06:380][709]LogWindows: Error: [Callstack] 0x00007ff9622ba799 KERNELBASE.dll!UnknownFunction []
[2020.05.11-03.46.06:380][709]LogWindows: Error: [Callstack] 0x00007ff8f7f4a7b6 UE4Editor-Core.dll!UnknownFunction []
[2020.05.11-03.46.06:380][709]LogWindows: Error: [Callstack] 0x00007ff8f7f4dc58 UE4Editor-Core.dll!UnknownFunction []
[2020.05.11-03.46.06:380][709]LogWindows: Error: [Callstack] 0x00007ff8f7d02c7d UE4Editor-Core.dll!UnknownFunction []
[2020.05.11-03.46.06:380][709]LogWindows: Error: [Callstack] 0x00007ff8f7c8fd43 UE4Editor-Core.dll!UnknownFunction []
[2020.05.11-03.46.06:380][709]LogWindows: Error: [Callstack] 0x00007ff8f7c920c0 UE4Editor-Core.dll!UnknownFunction []
[2020.05.11-03.46.06:380][709]LogWindows: Error: [Callstack] 0x00007ff8caa32ec2 UE4Editor-Engine.dll!UnknownFunction []
[2020.05.11-03.46.06:380][709]LogWindows: Error: [Callstack] 0x00007ff8e2e6a847 UE4Editor-UnrealEd.dll!UnknownFunction []
[2020.05.11-03.46.06:380][709]LogWindows: Error: [Callstack] 0x00007ff8e36ce476 UE4Editor-UnrealEd.dll!UnknownFunction []
[2020.05.11-03.46.06:380][709]LogWindows: Error: [Callstack] 0x00007ff797e77f62 UE4Editor.exe!UnknownFunction []
[2020.05.11-03.46.06:380][709]LogWindows: Error: [Callstack] 0x00007ff797e8c3ec UE4Editor.exe!UnknownFunction []
[2020.05.11-03.46.06:380][709]LogWindows: Error: [Callstack] 0x00007ff797e8c4ca UE4Editor.exe!UnknownFunction []
[2020.05.11-03.46.06:380][709]LogWindows: Error: [Callstack] 0x00007ff797e9ceae UE4Editor.exe!UnknownFunction []
[2020.05.11-03.46.06:380][709]LogWindows: Error: [Callstack] 0x00007ff797e9fcbe UE4Editor.exe!UnknownFunction []
[2020.05.11-03.46.06:380][709]LogWindows: Error: [Callstack] 0x00007ff963cb7bd4 KERNEL32.DLL!UnknownFunction []
[2020.05.11-03.46.06:380][709]LogWindows: Error: [Callstack] 0x00007ff964a2ce51 ntdll.dll!UnknownFunction []
[2020.05.11-03.46.06:380][709]LogWindows: Error: 
[2020.05.11-03.46.06:432][709]LogExit: Executing StaticShutdownAfterError
[2020.05.11-03.46.06:434][709]LogWindows: FPlatformMisc::RequestExit(1)
[2020.05.11-03.46.06:435][709]LogCore: Engine exit requested (reason: Win RequestExit)
[2020.05.11-03.46.06:479][709]Log file closed, 05/11/20 15:46:06
