Log file open, 05/12/20 17:27:51
LogWindows: Failed to load 'aqProf.dll' (GetLastError=126)
LogWindows: File 'aqProf.dll' does not exist
LogWindows: Failed to load 'VtuneApi.dll' (GetLastError=126)
LogWindows: File 'VtuneApi.dll' does not exist
LogWindows: Failed to load 'VtuneApi32e.dll' (GetLastError=126)
LogWindows: File 'VtuneApi32e.dll' does not exist
LogConsoleResponse: Display: Failed to find resolution value strings in scalability ini. Falling back to default.
LogInit: Display: Running engine for game: TOLWI
LogPlatformFile: Not using cached read wrapper
LogTaskGraph: Started task graph with 5 named threads and 47 total threads with 3 sets of task threads.
LogStats: Stats thread started at 0.058010
LogD3D11RHI: Loaded GFSDK_Aftermath_Lib.x64.dll
LogICUInternationalization: ICU TimeZone Detection - Raw Offset: +12:00, Platform Override: ''
LogPluginManager: Mounting plugin Paper2D
LogPluginManager: Mounting plugin AISupport
LogPluginManager: Mounting plugin LightPropagationVolume
LogPluginManager: Mounting plugin ActorLayerUtilities
LogPluginManager: Mounting plugin AnimationSharing
LogPluginManager: Mounting plugin CLionSourceCodeAccess
LogPluginManager: Mounting plugin CodeLiteSourceCodeAccess
LogPluginManager: Mounting plugin GitSourceControl
LogPluginManager: Mounting plugin KDevelopSourceCodeAccess
LogPluginManager: Mounting plugin NullSourceCodeAccess
LogPluginManager: Mounting plugin PerforceSourceControl
LogPluginManager: Mounting plugin PlasticSourceControl
LogPluginManager: Mounting plugin SubversionSourceControl
LogPluginManager: Mounting plugin UObjectPlugin
LogPluginManager: Mounting plugin VisualStudioCodeSourceCodeAccess
LogPluginManager: Mounting plugin VisualStudioSourceCodeAccess
LogPluginManager: Mounting plugin XCodeSourceCodeAccess
LogPluginManager: Mounting plugin AssetManagerEditor
LogPluginManager: Mounting plugin CryptoKeys
LogPluginManager: Mounting plugin CurveEditorTools
LogPluginManager: Mounting plugin DataValidation
LogPluginManager: Mounting plugin FacialAnimation
LogPluginManager: Mounting plugin GameplayTagsEditor
LogPluginManager: Mounting plugin MacGraphicsSwitching
LogPluginManager: Mounting plugin MaterialAnalyzer
LogPluginManager: Mounting plugin MobileLauncherProfileWizard
LogPluginManager: Mounting plugin PluginBrowser
LogPluginManager: Mounting plugin SpeedTreeImporter
LogPluginManager: Mounting plugin DatasmithContent
LogPluginManager: Mounting plugin VariantManagerContent
LogPluginManager: Mounting plugin AlembicImporter
LogPluginManager: Mounting plugin AutomationUtils
LogPluginManager: Mounting plugin BackChannel
LogPluginManager: Mounting plugin CharacterAI
LogPluginManager: Mounting plugin GeometryCache
LogPluginManager: Mounting plugin PlatformCrypto
LogPluginManager: Mounting plugin ProxyLODPlugin
LogPluginManager: Mounting plugin SkeletalReduction
LogPluginManager: Mounting plugin MagicLeap
LogPluginManager: Mounting plugin MagicLeapMedia
LogPluginManager: Mounting plugin MLSDK
LogPluginManager: Mounting plugin AndroidMedia
LogPluginManager: Mounting plugin AvfMedia
LogPluginManager: Mounting plugin ImgMedia
LogPluginManager: Mounting plugin MediaCompositing
LogPluginManager: Mounting plugin MediaPlayerEditor
LogPluginManager: Mounting plugin WebMMedia
LogPluginManager: Mounting plugin WmfMedia
LogPluginManager: Mounting plugin TcpMessaging
LogPluginManager: Mounting plugin UdpMessaging
LogPluginManager: Mounting plugin ActorSequence
LogPluginManager: Mounting plugin LevelSequenceEditor
LogPluginManager: Mounting plugin MatineeToLevelSequence
LogPluginManager: Mounting plugin NetcodeUnitTest
LogPluginManager: Mounting plugin NUTUnrealEngine4
LogPluginManager: Mounting plugin OnlineSubsystemGooglePlay
LogPluginManager: Mounting plugin OnlineSubsystemIOS
LogPluginManager: Mounting plugin OnlineSubsystem
LogPluginManager: Mounting plugin OnlineSubsystemNull
LogPluginManager: Mounting plugin OnlineSubsystemSteam
LogPluginManager: Mounting plugin OnlineSubsystemUtils
LogPluginManager: Mounting plugin LauncherChunkInstaller
LogPluginManager: Mounting plugin AndroidDeviceProfileSelector
LogPluginManager: Mounting plugin AndroidMoviePlayer
LogPluginManager: Mounting plugin AndroidPermission
LogPluginManager: Mounting plugin AppleImageUtils
LogPluginManager: Mounting plugin AppleMoviePlayer
LogPluginManager: Mounting plugin ArchVisCharacter
LogPluginManager: Mounting plugin AssetTags
LogPluginManager: Mounting plugin AudioCapture
LogPluginManager: Mounting plugin CableComponent
LogPluginManager: Mounting plugin CustomMeshComponent
LogPluginManager: Mounting plugin EditableMesh
LogPluginManager: Mounting plugin ExampleDeviceProfileSelector
LogPluginManager: Mounting plugin GoogleCloudMessaging
LogPluginManager: Mounting plugin IOSDeviceProfileSelector
LogPluginManager: Mounting plugin LinuxDeviceProfileSelector
LogPluginManager: Mounting plugin LocationServicesBPLibrary
LogPluginManager: Mounting plugin MobilePatchingUtils
LogPluginManager: Mounting plugin OculusVR
LogPluginManager: Mounting plugin PhysXVehicles
LogPluginManager: Mounting plugin PostSplashScreen
LogPluginManager: Mounting plugin ProceduralMeshComponent
LogPluginManager: Mounting plugin RuntimePhysXCooking
LogPluginManager: Mounting plugin SignificanceManager
LogPluginManager: Mounting plugin SteamShared
LogPluginManager: Mounting plugin SteamVR
LogPluginManager: Mounting plugin WebMMoviePlayer
LogPluginManager: Mounting plugin WindowsMoviePlayer
LogPluginManager: Mounting plugin ScreenshotTools
LogInit: Using libcurl 7.55.1-DEV
LogInit:  - built for x86_64-pc-win32
LogInit:  - supports SSL with OpenSSL/1.1.1
LogInit:  - supports HTTP deflate (compression) using libz 1.2.8
LogInit:  - other features:
LogInit:      CURL_VERSION_SSL
LogInit:      CURL_VERSION_LIBZ
LogInit:      CURL_VERSION_IPV6
LogInit:      CURL_VERSION_ASYNCHDNS
LogInit:      CURL_VERSION_LARGEFILE
LogInit:      CURL_VERSION_IDN
LogInit:  CurlRequestOptions (configurable via config and command line):
LogInit:  - bVerifyPeer = true  - Libcurl will verify peer certificate
LogInit:  - bUseHttpProxy = false  - Libcurl will NOT use HTTP proxy
LogInit:  - bDontReuseConnections = false  - Libcurl will reuse connections
LogInit:  - MaxHostConnections = 16  - Libcurl will limit the number of connections to a host
LogInit:  - LocalHostAddr = Default
LogInit:  - BufferSize = 65536
LogSteamShared: Display: Loading Steam SDK 1.46
LogSteamShared: Steam SDK Loaded!
LogOnline: OSS: Creating online subsystem instance for: Steam
LogOnline: Warning: STEAM: Steam App Id provided (0) is invalid, must be greater than 0!
LogOnline: Warning: STEAM: Could not create/update the steam_appid.txt file! Make sure the directory is writable and there isn't another instance using this file
LogOnline: Warning: STEAM: Could not set up the steam environment! Falling back to another OSS.
LogOnline: Warning: STEAM: Steam API failed to initialize!
LogOnline: Display: STEAM: OnlineSubsystemSteam::Shutdown()
LogOnline: OSS: Unable to create OnlineSubsystem module Steam
LogOnline: OSS: Creating online subsystem instance for: NULL
LogInit: WinSock: version 1.1 (2.2), MaxSocks=32767, MaxUdp=65467
LogOnline: OSS: TryLoadSubsystemAndSetDefault: Loaded subsystem for module [NULL]
LogInit: Build: ++UE4+Release-4.24-CL-11590370
LogInit: Engine Version: 4.24.3-11590370+++UE4+Release-4.24
LogInit: Compatible Engine Version: 4.24.0-10570792+++UE4+Release-4.24
LogInit: Net CL: 10570792
LogInit: OS: Windows 10 (Release 1903) (), CPU: Intel(R) Core(TM) i7-7820X CPU @ 3.60GHz, GPU: NVIDIA GeForce GTX 1080
LogInit: Compiled (64-bit): Feb 24 2020 15:39:18
LogInit: Compiled with Visual C++: 19.16.27032.01
LogInit: Build Configuration: Development
LogInit: Branch Name: ++UE4+Release-4.24
LogInit: Command Line:  -game
LogInit: Base Directory: D:/UE_4.24/Engine/Binaries/Win64/
LogInit: Installed Engine Build: 1
LogDevObjectVersion: Number of dev versions registered: 25
LogDevObjectVersion:   Dev-Blueprints (B0D832E4-1F89-4F0D-ACCF-7EB736FD4AA2): 10
LogDevObjectVersion:   Dev-Build (E1C64328-A22C-4D53-A36C-8E866417BD8C): 0
LogDevObjectVersion:   Dev-Core (375EC13C-06E4-48FB-B500-84F0262A717E): 3
LogDevObjectVersion:   Dev-Editor (E4B068ED-F494-42E9-A231-DA0B2E46BB41): 37
LogDevObjectVersion:   Dev-Framework (CFFC743F-43B0-4480-9391-14DF171D2073): 36
LogDevObjectVersion:   Dev-Mobile (B02B49B5-BB20-44E9-A304-32B752E40360): 2
LogDevObjectVersion:   Dev-Networking (A4E4105C-59A1-49B5-A7C5-40C4547EDFEE): 0
LogDevObjectVersion:   Dev-Online (39C831C9-5AE6-47DC-9A44-9C173E1C8E7C): 0
LogDevObjectVersion:   Dev-Physics (78F01B33-EBEA-4F98-B9B4-84EACCB95AA2): 2
LogDevObjectVersion:   Dev-Platform (6631380F-2D4D-43E0-8009-CF276956A95A): 0
LogDevObjectVersion:   Dev-Rendering (12F88B9F-8875-4AFC-A67C-D90C383ABD29): 36
LogDevObjectVersion:   Dev-Sequencer (7B5AE74C-D270-4C10-A958-57980B212A5A): 11
LogDevObjectVersion:   Dev-VR (D7296918-1DD6-4BDD-9DE2-64A83CC13884): 2
LogDevObjectVersion:   Dev-LoadTimes (C2A15278-BFE7-4AFE-6C17-90FF531DF755): 1
LogDevObjectVersion:   Private-Geometry (6EACA3D4-40EC-4CC1-B786-8BED09428FC5): 3
LogDevObjectVersion:   Dev-AnimPhys (29E575DD-E0A3-4627-9D10-D276232CDCEA): 17
LogDevObjectVersion:   Dev-Anim (AF43A65D-7FD3-4947-9873-3E8ED9C1BB05): 2
LogDevObjectVersion:   Dev-ReflectionCapture (6B266CEC-1EC7-4B8F-A30B-E4D90942FC07): 1
LogDevObjectVersion:   Dev-Automation (0DF73D61-A23F-47EA-B727-89E90C41499A): 1
LogDevObjectVersion:   FortniteMain (601D1886-AC64-4F84-AA16-D3DE0DEAC7D6): 31
LogDevObjectVersion:   Dev-Enterprise (9DFFBCD6-494F-0158-E221-12823C92A888): 8
LogDevObjectVersion:   Dev-Niagara (F2AED0AC-9AFE-416F-8664-AA7FFA26D6FC): 1
LogDevObjectVersion:   Dev-Destruction (174F1F0B-B4C6-45A5-B13F-2EE8D0FB917D): 9
LogDevObjectVersion:   Dev-Physics-Ext (35F94A83-E258-406C-A318-09F59610247C): 8
LogDevObjectVersion:   Dev-CineCamera (B2E18506-4273-CFC2-A54E-F4BB758BBA07): 1
LogInit: Presizing for max 25165824 objects, including 0 objects not considered by GC, pre-allocating 0 bytes for permanent pool.
LogInit: Object subsystem initialized
LogConfig: Setting CVar [[con.DebugEarlyDefault:1]]
LogConfig: Setting CVar [[r.setres:1280x720]]
[2020.05.12-05.27.51:774][  0]LogConfig: Setting CVar [[con.DebugEarlyDefault:1]]
[2020.05.12-05.27.51:774][  0]LogConfig: Setting CVar [[r.setres:1280x720]]
[2020.05.12-05.27.51:774][  0]LogConfig: Applying CVar settings from Section [/Script/Engine.RendererSettings] File [D:/TOLWI/Saved/Config/Windows/Engine.ini]
[2020.05.12-05.27.51:774][  0]LogConfig: Setting CVar [[r.GPUCrashDebugging:0]]
[2020.05.12-05.27.51:774][  0]LogConfig: Applying CVar settings from Section [/Script/Engine.RendererOverrideSettings] File [D:/TOLWI/Saved/Config/Windows/Engine.ini]
[2020.05.12-05.27.51:774][  0]LogConfig: Applying CVar settings from Section [/Script/Engine.StreamingSettings] File [D:/TOLWI/Saved/Config/Windows/Engine.ini]
[2020.05.12-05.27.51:774][  0]LogConfig: Setting CVar [[s.MinBulkDataSizeForAsyncLoading:131072]]
[2020.05.12-05.27.51:774][  0]LogConfig: Setting CVar [[s.AsyncLoadingThreadEnabled:0]]
[2020.05.12-05.27.51:774][  0]LogConfig: Setting CVar [[s.EventDrivenLoaderEnabled:1]]
[2020.05.12-05.27.51:774][  0]LogConfig: Setting CVar [[s.WarnIfTimeLimitExceeded:0]]
[2020.05.12-05.27.51:774][  0]LogConfig: Setting CVar [[s.TimeLimitExceededMultiplier:1.5]]
[2020.05.12-05.27.51:774][  0]LogConfig: Setting CVar [[s.TimeLimitExceededMinTime:0.005]]
[2020.05.12-05.27.51:774][  0]LogConfig: Setting CVar [[s.UseBackgroundLevelStreaming:1]]
[2020.05.12-05.27.51:774][  0]LogConfig: Setting CVar [[s.PriorityAsyncLoadingExtraTime:15.0]]
[2020.05.12-05.27.51:774][  0]LogConfig: Setting CVar [[s.LevelStreamingActorsUpdateTimeLimit:5.0]]
[2020.05.12-05.27.51:774][  0]LogConfig: Setting CVar [[s.PriorityLevelStreamingActorsUpdateExtraTime:5.0]]
[2020.05.12-05.27.51:774][  0]LogConfig: Setting CVar [[s.LevelStreamingComponentsRegistrationGranularity:10]]
[2020.05.12-05.27.51:774][  0]LogConfig: Setting CVar [[s.UnregisterComponentsTimeLimit:1.0]]
[2020.05.12-05.27.51:774][  0]LogConfig: Setting CVar [[s.LevelStreamingComponentsUnregistrationGranularity:5]]
[2020.05.12-05.27.51:774][  0]LogConfig: Setting CVar [[s.FlushStreamingOnExit:1]]
[2020.05.12-05.27.51:774][  0]LogConfig: Applying CVar settings from Section [/Script/Engine.GarbageCollectionSettings] File [D:/TOLWI/Saved/Config/Windows/Engine.ini]
[2020.05.12-05.27.51:774][  0]LogConfig: Setting CVar [[gc.MaxObjectsNotConsideredByGC:1]]
[2020.05.12-05.27.51:774][  0]LogConfig: Setting CVar [[gc.SizeOfPermanentObjectPool:0]]
[2020.05.12-05.27.51:774][  0]LogConfig: Setting CVar [[gc.FlushStreamingOnGC:0]]
[2020.05.12-05.27.51:775][  0]LogConfig: Setting CVar [[gc.NumRetriesBeforeForcingGC:10]]
[2020.05.12-05.27.51:775][  0]LogConfig: Setting CVar [[gc.AllowParallelGC:1]]
[2020.05.12-05.27.51:775][  0]LogConfig: Setting CVar [[gc.TimeBetweenPurgingPendingKillObjects:61.1]]
[2020.05.12-05.27.51:775][  0]LogConfig: Setting CVar [[gc.MaxObjectsInEditor:25165824]]
[2020.05.12-05.27.51:775][  0]LogConfig: Setting CVar [[gc.IncrementalBeginDestroyEnabled:1]]
[2020.05.12-05.27.51:775][  0]LogConfig: Setting CVar [[gc.CreateGCClusters:1]]
[2020.05.12-05.27.51:775][  0]LogConfig: Setting CVar [[gc.MinGCClusterSize:5]]
[2020.05.12-05.27.51:775][  0]LogConfig: Setting CVar [[gc.ActorClusteringEnabled:0]]
[2020.05.12-05.27.51:775][  0]LogConfig: Setting CVar [[gc.BlueprintClusteringEnabled:0]]
[2020.05.12-05.27.51:775][  0]LogConfig: Setting CVar [[gc.UseDisregardForGCOnDedicatedServers:0]]
[2020.05.12-05.27.51:775][  0]LogConfig: Applying CVar settings from Section [/Script/Engine.NetworkSettings] File [D:/TOLWI/Saved/Config/Windows/Engine.ini]
[2020.05.12-05.27.51:775][  0]LogConfig: Applying CVar settings from Section [/Script/UnrealEd.CookerSettings] File [D:/TOLWI/Saved/Config/Windows/Engine.ini]
[2020.05.12-05.27.51:778][  0]LogConfig: Applying CVar settings from Section [ViewDistanceQuality@3] File [D:/TOLWI/Saved/Config/Windows/Scalability.ini]
[2020.05.12-05.27.51:778][  0]LogConfig: Setting CVar [[r.SkeletalMeshLODBias:0]]
[2020.05.12-05.27.51:778][  0]LogConfig: Setting CVar [[r.ViewDistanceScale:1.0]]
[2020.05.12-05.27.51:778][  0]LogConfig: Applying CVar settings from Section [AntiAliasingQuality@3] File [D:/TOLWI/Saved/Config/Windows/Scalability.ini]
[2020.05.12-05.27.51:778][  0]LogConfig: Setting CVar [[r.PostProcessAAQuality:4]]
[2020.05.12-05.27.51:778][  0]LogConfig: Applying CVar settings from Section [ShadowQuality@3] File [D:/TOLWI/Saved/Config/Windows/Scalability.ini]
[2020.05.12-05.27.51:778][  0]LogConfig: Setting CVar [[r.LightFunctionQuality:1]]
[2020.05.12-05.27.51:778][  0]LogConfig: Setting CVar [[r.ShadowQuality:5]]
[2020.05.12-05.27.51:778][  0]LogConfig: Setting CVar [[r.Shadow.CSM.MaxCascades:10]]
[2020.05.12-05.27.51:778][  0]LogConfig: Setting CVar [[r.Shadow.MaxResolution:2048]]
[2020.05.12-05.27.51:778][  0]LogConfig: Setting CVar [[r.Shadow.MaxCSMResolution:2048]]
[2020.05.12-05.27.51:778][  0]LogConfig: Setting CVar [[r.Shadow.RadiusThreshold:0.01]]
[2020.05.12-05.27.51:778][  0]LogConfig: Setting CVar [[r.Shadow.DistanceScale:1.0]]
[2020.05.12-05.27.51:778][  0]LogConfig: Setting CVar [[r.Shadow.CSM.TransitionScale:1.0]]
[2020.05.12-05.27.51:778][  0]LogConfig: Setting CVar [[r.Shadow.PreShadowResolutionFactor:1.0]]
[2020.05.12-05.27.51:778][  0]LogConfig: Setting CVar [[r.DistanceFieldShadowing:1]]
[2020.05.12-05.27.51:778][  0]LogConfig: Setting CVar [[r.DistanceFieldAO:1]]
[2020.05.12-05.27.51:779][  0]LogConfig: Setting CVar [[r.AOQuality:2]]
[2020.05.12-05.27.51:779][  0]LogConfig: Setting CVar [[r.VolumetricFog:1]]
[2020.05.12-05.27.51:779][  0]LogConfig: Setting CVar [[r.VolumetricFog.GridPixelSize:8]]
[2020.05.12-05.27.51:779][  0]LogConfig: Setting CVar [[r.VolumetricFog.GridSizeZ:128]]
[2020.05.12-05.27.51:779][  0]LogConfig: Setting CVar [[r.VolumetricFog.HistoryMissSupersampleCount:4]]
[2020.05.12-05.27.51:779][  0]LogConfig: Setting CVar [[r.LightMaxDrawDistanceScale:1]]
[2020.05.12-05.27.51:779][  0]LogConfig: Setting CVar [[r.CapsuleShadows:1]]
[2020.05.12-05.27.51:779][  0]LogConfig: Applying CVar settings from Section [PostProcessQuality@3] File [D:/TOLWI/Saved/Config/Windows/Scalability.ini]
[2020.05.12-05.27.51:779][  0]LogConfig: Setting CVar [[r.MotionBlurQuality:4]]
[2020.05.12-05.27.51:779][  0]LogConfig: Setting CVar [[r.AmbientOcclusionMipLevelFactor:0.4]]
[2020.05.12-05.27.51:779][  0]LogConfig: Setting CVar [[r.AmbientOcclusionMaxQuality:100]]
[2020.05.12-05.27.51:779][  0]LogConfig: Setting CVar [[r.AmbientOcclusionLevels:-1]]
[2020.05.12-05.27.51:779][  0]LogConfig: Setting CVar [[r.AmbientOcclusionRadiusScale:1.0]]
[2020.05.12-05.27.51:779][  0]LogConfig: Setting CVar [[r.DepthOfFieldQuality:2]]
[2020.05.12-05.27.51:779][  0]LogConfig: Setting CVar [[r.RenderTargetPoolMin:400]]
[2020.05.12-05.27.51:779][  0]LogConfig: Setting CVar [[r.LensFlareQuality:2]]
[2020.05.12-05.27.51:779][  0]LogConfig: Setting CVar [[r.SceneColorFringeQuality:1]]
[2020.05.12-05.27.51:779][  0]LogConfig: Setting CVar [[r.EyeAdaptationQuality:2]]
[2020.05.12-05.27.51:779][  0]LogConfig: Setting CVar [[r.BloomQuality:5]]
[2020.05.12-05.27.51:779][  0]LogConfig: Setting CVar [[r.FastBlurThreshold:100]]
[2020.05.12-05.27.51:779][  0]LogConfig: Setting CVar [[r.Upscale.Quality:3]]
[2020.05.12-05.27.51:779][  0]LogConfig: Setting CVar [[r.Tonemapper.GrainQuantization:1]]
[2020.05.12-05.27.51:779][  0]LogConfig: Setting CVar [[r.LightShaftQuality:1]]
[2020.05.12-05.27.51:779][  0]LogConfig: Setting CVar [[r.Filter.SizeScale:1]]
[2020.05.12-05.27.51:779][  0]LogConfig: Setting CVar [[r.Tonemapper.Quality:5]]
[2020.05.12-05.27.51:779][  0]LogConfig: Setting CVar [[r.DOF.Gather.AccumulatorQuality:1        ; higher gathering accumulator quality]]
[2020.05.12-05.27.51:779][  0]LogConfig: Setting CVar [[r.DOF.Gather.PostfilterMethod:1          ; Median3x3 postfilering method]]
[2020.05.12-05.27.51:779][  0]LogConfig: Setting CVar [[r.DOF.Gather.EnableBokehSettings:0       ; no bokeh simulation when gathering]]
[2020.05.12-05.27.51:779][  0]LogConfig: Setting CVar [[r.DOF.Gather.RingCount:4                 ; medium number of samples when gathering]]
[2020.05.12-05.27.51:779][  0]LogConfig: Setting CVar [[r.DOF.Scatter.ForegroundCompositing:1    ; additive foreground scattering]]
[2020.05.12-05.27.51:779][  0]LogConfig: Setting CVar [[r.DOF.Scatter.BackgroundCompositing:2    ; additive background scattering]]
[2020.05.12-05.27.51:779][  0]LogConfig: Setting CVar [[r.DOF.Scatter.EnableBokehSettings:1      ; bokeh simulation when scattering]]
[2020.05.12-05.27.51:779][  0]LogConfig: Setting CVar [[r.DOF.Scatter.MaxSpriteRatio:0.1         ; only a maximum of 10% of scattered bokeh]]
[2020.05.12-05.27.51:779][  0]LogConfig: Setting CVar [[r.DOF.Recombine.Quality:1                ; cheap slight out of focus]]
[2020.05.12-05.27.51:779][  0]LogConfig: Setting CVar [[r.DOF.Recombine.EnableBokehSettings:0    ; no bokeh simulation on slight out of focus]]
[2020.05.12-05.27.51:779][  0]LogConfig: Setting CVar [[r.DOF.TemporalAAQuality:1                ; more stable temporal accumulation]]
[2020.05.12-05.27.51:779][  0]LogConfig: Setting CVar [[r.DOF.Kernel.MaxForegroundRadius:0.025]]
[2020.05.12-05.27.51:779][  0]LogConfig: Setting CVar [[r.DOF.Kernel.MaxBackgroundRadius:0.025]]
[2020.05.12-05.27.51:779][  0]LogConfig: Applying CVar settings from Section [TextureQuality@3] File [D:/TOLWI/Saved/Config/Windows/Scalability.ini]
[2020.05.12-05.27.51:779][  0]LogConfig: Setting CVar [[r.Streaming.MipBias:0]]
[2020.05.12-05.27.51:779][  0]LogConfig: Setting CVar [[r.Streaming.AmortizeCPUToGPUCopy:0]]
[2020.05.12-05.27.51:779][  0]LogConfig: Setting CVar [[r.Streaming.MaxNumTexturesToStreamPerFrame:0]]
[2020.05.12-05.27.51:779][  0]LogConfig: Setting CVar [[r.Streaming.Boost:1]]
[2020.05.12-05.27.51:779][  0]LogConfig: Setting CVar [[r.MaxAnisotropy:8]]
[2020.05.12-05.27.51:779][  0]LogConfig: Setting CVar [[r.VT.MaxAnisotropy:8]]
[2020.05.12-05.27.51:779][  0]LogConfig: Setting CVar [[r.Streaming.LimitPoolSizeToVRAM:0]]
[2020.05.12-05.27.51:779][  0]LogConfig: Setting CVar [[r.Streaming.PoolSize:1000]]
[2020.05.12-05.27.51:779][  0]LogConfig: Setting CVar [[r.Streaming.MaxEffectiveScreenSize:0]]
[2020.05.12-05.27.51:779][  0]LogConfig: Applying CVar settings from Section [EffectsQuality@3] File [D:/TOLWI/Saved/Config/Windows/Scalability.ini]
[2020.05.12-05.27.51:779][  0]LogConfig: Setting CVar [[r.TranslucencyLightingVolumeDim:64]]
[2020.05.12-05.27.51:779][  0]LogConfig: Setting CVar [[r.RefractionQuality:2]]
[2020.05.12-05.27.51:779][  0]LogConfig: Setting CVar [[r.SSR.Quality:3]]
[2020.05.12-05.27.51:779][  0]LogConfig: Setting CVar [[r.SSR.HalfResSceneColor:0]]
[2020.05.12-05.27.51:779][  0]LogConfig: Setting CVar [[r.SceneColorFormat:4]]
[2020.05.12-05.27.51:779][  0]LogConfig: Setting CVar [[r.DetailMode:2]]
[2020.05.12-05.27.51:779][  0]LogConfig: Setting CVar [[r.TranslucencyVolumeBlur:1]]
[2020.05.12-05.27.51:779][  0]LogConfig: Setting CVar [[r.MaterialQualityLevel:1 ; High quality]]
[2020.05.12-05.27.51:779][  0]LogConfig: Setting CVar [[r.SSS.Scale:1]]
[2020.05.12-05.27.51:779][  0]LogConfig: Setting CVar [[r.SSS.SampleSet:2]]
[2020.05.12-05.27.51:779][  0]LogConfig: Setting CVar [[r.SSS.Quality:1]]
[2020.05.12-05.27.51:779][  0]LogConfig: Setting CVar [[r.SSS.HalfRes:1]]
[2020.05.12-05.27.51:779][  0]LogConfig: Setting CVar [[r.SSGI.Quality:3]]
[2020.05.12-05.27.51:779][  0]LogConfig: Setting CVar [[r.EmitterSpawnRateScale:1.0]]
[2020.05.12-05.27.51:779][  0]LogConfig: Setting CVar [[r.ParticleLightQuality:2]]
[2020.05.12-05.27.51:779][  0]LogConfig: Setting CVar [[r.SkyAtmosphere.AerialPerspectiveLUT.FastApplyOnOpaque:1 ; Always have FastSkyLUT 1 in this case to avoid wrong sky]]
[2020.05.12-05.27.51:779][  0]LogConfig: Setting CVar [[r.SkyAtmosphere.AerialPerspectiveLUT.SampleCountPerSlice:1]]
[2020.05.12-05.27.51:779][  0]LogConfig: Setting CVar [[r.SkyAtmosphere.AerialPerspectiveLUT.DepthResolution:16.0]]
[2020.05.12-05.27.51:779][  0]LogConfig: Setting CVar [[r.SkyAtmosphere.FastSkyLUT:1]]
[2020.05.12-05.27.51:779][  0]LogConfig: Setting CVar [[r.SkyAtmosphere.FastSkyLUT.SampleCountMin:4.0]]
[2020.05.12-05.27.51:779][  0]LogConfig: Setting CVar [[r.SkyAtmosphere.FastSkyLUT.SampleCountMax:32.0]]
[2020.05.12-05.27.51:779][  0]LogConfig: Setting CVar [[r.SkyAtmosphere.SampleCountMin:4.0]]
[2020.05.12-05.27.51:779][  0]LogConfig: Setting CVar [[r.SkyAtmosphere.SampleCountMax:32.0]]
[2020.05.12-05.27.51:779][  0]LogConfig: Setting CVar [[r.SkyAtmosphere.TransmittanceLUT.UseSmallFormat:0]]
[2020.05.12-05.27.51:779][  0]LogConfig: Setting CVar [[r.SkyAtmosphere.TransmittanceLUT.SampleCount:10.0]]
[2020.05.12-05.27.51:779][  0]LogConfig: Setting CVar [[r.SkyAtmosphere.MultiScatteringLUT.SampleCount:15.0]]
[2020.05.12-05.27.51:779][  0]LogConfig: Applying CVar settings from Section [FoliageQuality@3] File [D:/TOLWI/Saved/Config/Windows/Scalability.ini]
[2020.05.12-05.27.51:779][  0]LogConfig: Setting CVar [[foliage.DensityScale:1.0]]
[2020.05.12-05.27.51:779][  0]LogConfig: Setting CVar [[grass.DensityScale:1.0]]
[2020.05.12-05.27.51:779][  0]LogConfig: Applying CVar settings from Section [ShadingQuality@3] File [D:/TOLWI/Saved/Config/Windows/Scalability.ini]
[2020.05.12-05.27.51:779][  0]LogConfig: Setting CVar [[r.HairStrands.SkyLighting.SampleCount:16]]
[2020.05.12-05.27.51:779][  0]LogConfig: Setting CVar [[r.HairStrands.SkyLighting.JitterIntegration:0]]
[2020.05.12-05.27.51:779][  0]LogConfig: Setting CVar [[r.HairStrands.SkyAO.SampleCount:16]]
[2020.05.12-05.27.51:779][  0]LogInit: Selected Device Profile: [Windows]
[2020.05.12-05.27.51:779][  0]LogInit: Applying CVar settings loaded from the selected device profile: [Windows]
[2020.05.12-05.27.51:781][  0]LogHAL: Display: Platform has ~ 64 GB [68592717824 / 68719476736 / 64], which maps to Largest [LargestMinGB=32, LargerMinGB=12, DefaultMinGB=8, SmallerMinGB=6, SmallestMinGB=0)
[2020.05.12-05.27.51:781][  0]LogInit: Going up to parent DeviceProfile []
[2020.05.12-05.27.51:781][  0]LogConfig: Applying CVar settings from Section [ViewDistanceQuality@3] File [D:/TOLWI/Saved/Config/Windows/Scalability.ini]
[2020.05.12-05.27.51:781][  0]LogConfig: Setting CVar [[r.SkeletalMeshLODBias:0]]
[2020.05.12-05.27.51:781][  0]LogConfig: Setting CVar [[r.ViewDistanceScale:1.0]]
[2020.05.12-05.27.51:781][  0]LogConfig: Applying CVar settings from Section [AntiAliasingQuality@3] File [D:/TOLWI/Saved/Config/Windows/Scalability.ini]
[2020.05.12-05.27.51:781][  0]LogConfig: Setting CVar [[r.PostProcessAAQuality:4]]
[2020.05.12-05.27.51:781][  0]LogConfig: Applying CVar settings from Section [ShadowQuality@3] File [D:/TOLWI/Saved/Config/Windows/Scalability.ini]
[2020.05.12-05.27.51:781][  0]LogConfig: Setting CVar [[r.LightFunctionQuality:1]]
[2020.05.12-05.27.51:781][  0]LogConfig: Setting CVar [[r.ShadowQuality:5]]
[2020.05.12-05.27.51:781][  0]LogConfig: Setting CVar [[r.Shadow.CSM.MaxCascades:10]]
[2020.05.12-05.27.51:781][  0]LogConfig: Setting CVar [[r.Shadow.MaxResolution:2048]]
[2020.05.12-05.27.51:781][  0]LogConfig: Setting CVar [[r.Shadow.MaxCSMResolution:2048]]
[2020.05.12-05.27.51:781][  0]LogConfig: Setting CVar [[r.Shadow.RadiusThreshold:0.01]]
[2020.05.12-05.27.51:781][  0]LogConfig: Setting CVar [[r.Shadow.DistanceScale:1.0]]
[2020.05.12-05.27.51:781][  0]LogConfig: Setting CVar [[r.Shadow.CSM.TransitionScale:1.0]]
[2020.05.12-05.27.51:781][  0]LogConfig: Setting CVar [[r.Shadow.PreShadowResolutionFactor:1.0]]
[2020.05.12-05.27.51:781][  0]LogConfig: Setting CVar [[r.DistanceFieldShadowing:1]]
[2020.05.12-05.27.51:782][  0]LogConfig: Setting CVar [[r.DistanceFieldAO:1]]
[2020.05.12-05.27.51:782][  0]LogConfig: Setting CVar [[r.AOQuality:2]]
[2020.05.12-05.27.51:782][  0]LogConfig: Setting CVar [[r.VolumetricFog:1]]
[2020.05.12-05.27.51:782][  0]LogConfig: Setting CVar [[r.VolumetricFog.GridPixelSize:8]]
[2020.05.12-05.27.51:782][  0]LogConfig: Setting CVar [[r.VolumetricFog.GridSizeZ:128]]
[2020.05.12-05.27.51:782][  0]LogConfig: Setting CVar [[r.VolumetricFog.HistoryMissSupersampleCount:4]]
[2020.05.12-05.27.51:782][  0]LogConfig: Setting CVar [[r.LightMaxDrawDistanceScale:1]]
[2020.05.12-05.27.51:782][  0]LogConfig: Setting CVar [[r.CapsuleShadows:1]]
[2020.05.12-05.27.51:782][  0]LogConfig: Applying CVar settings from Section [PostProcessQuality@3] File [D:/TOLWI/Saved/Config/Windows/Scalability.ini]
[2020.05.12-05.27.51:782][  0]LogConfig: Setting CVar [[r.MotionBlurQuality:4]]
[2020.05.12-05.27.51:782][  0]LogConfig: Setting CVar [[r.AmbientOcclusionMipLevelFactor:0.4]]
[2020.05.12-05.27.51:782][  0]LogConfig: Setting CVar [[r.AmbientOcclusionMaxQuality:100]]
[2020.05.12-05.27.51:782][  0]LogConfig: Setting CVar [[r.AmbientOcclusionLevels:-1]]
[2020.05.12-05.27.51:782][  0]LogConfig: Setting CVar [[r.AmbientOcclusionRadiusScale:1.0]]
[2020.05.12-05.27.51:782][  0]LogConfig: Setting CVar [[r.DepthOfFieldQuality:2]]
[2020.05.12-05.27.51:782][  0]LogConfig: Setting CVar [[r.RenderTargetPoolMin:400]]
[2020.05.12-05.27.51:782][  0]LogConfig: Setting CVar [[r.LensFlareQuality:2]]
[2020.05.12-05.27.51:782][  0]LogConfig: Setting CVar [[r.SceneColorFringeQuality:1]]
[2020.05.12-05.27.51:782][  0]LogConfig: Setting CVar [[r.EyeAdaptationQuality:2]]
[2020.05.12-05.27.51:782][  0]LogConfig: Setting CVar [[r.BloomQuality:5]]
[2020.05.12-05.27.51:782][  0]LogConfig: Setting CVar [[r.FastBlurThreshold:100]]
[2020.05.12-05.27.51:782][  0]LogConfig: Setting CVar [[r.Upscale.Quality:3]]
[2020.05.12-05.27.51:782][  0]LogConfig: Setting CVar [[r.Tonemapper.GrainQuantization:1]]
[2020.05.12-05.27.51:782][  0]LogConfig: Setting CVar [[r.LightShaftQuality:1]]
[2020.05.12-05.27.51:782][  0]LogConfig: Setting CVar [[r.Filter.SizeScale:1]]
[2020.05.12-05.27.51:782][  0]LogConfig: Setting CVar [[r.Tonemapper.Quality:5]]
[2020.05.12-05.27.51:782][  0]LogConfig: Setting CVar [[r.DOF.Gather.AccumulatorQuality:1        ; higher gathering accumulator quality]]
[2020.05.12-05.27.51:782][  0]LogConfig: Setting CVar [[r.DOF.Gather.PostfilterMethod:1          ; Median3x3 postfilering method]]
[2020.05.12-05.27.51:782][  0]LogConfig: Setting CVar [[r.DOF.Gather.EnableBokehSettings:0       ; no bokeh simulation when gathering]]
[2020.05.12-05.27.51:782][  0]LogConfig: Setting CVar [[r.DOF.Gather.RingCount:4                 ; medium number of samples when gathering]]
[2020.05.12-05.27.51:782][  0]LogConfig: Setting CVar [[r.DOF.Scatter.ForegroundCompositing:1    ; additive foreground scattering]]
[2020.05.12-05.27.51:782][  0]LogConfig: Setting CVar [[r.DOF.Scatter.BackgroundCompositing:2    ; additive background scattering]]
[2020.05.12-05.27.51:782][  0]LogConfig: Setting CVar [[r.DOF.Scatter.EnableBokehSettings:1      ; bokeh simulation when scattering]]
[2020.05.12-05.27.51:782][  0]LogConfig: Setting CVar [[r.DOF.Scatter.MaxSpriteRatio:0.1         ; only a maximum of 10% of scattered bokeh]]
[2020.05.12-05.27.51:782][  0]LogConfig: Setting CVar [[r.DOF.Recombine.Quality:1                ; cheap slight out of focus]]
[2020.05.12-05.27.51:782][  0]LogConfig: Setting CVar [[r.DOF.Recombine.EnableBokehSettings:0    ; no bokeh simulation on slight out of focus]]
[2020.05.12-05.27.51:782][  0]LogConfig: Setting CVar [[r.DOF.TemporalAAQuality:1                ; more stable temporal accumulation]]
[2020.05.12-05.27.51:782][  0]LogConfig: Setting CVar [[r.DOF.Kernel.MaxForegroundRadius:0.025]]
[2020.05.12-05.27.51:782][  0]LogConfig: Setting CVar [[r.DOF.Kernel.MaxBackgroundRadius:0.025]]
[2020.05.12-05.27.51:782][  0]LogConfig: Applying CVar settings from Section [TextureQuality@3] File [D:/TOLWI/Saved/Config/Windows/Scalability.ini]
[2020.05.12-05.27.51:782][  0]LogConfig: Setting CVar [[r.Streaming.MipBias:0]]
[2020.05.12-05.27.51:782][  0]LogConfig: Setting CVar [[r.Streaming.AmortizeCPUToGPUCopy:0]]
[2020.05.12-05.27.51:782][  0]LogConfig: Setting CVar [[r.Streaming.MaxNumTexturesToStreamPerFrame:0]]
[2020.05.12-05.27.51:782][  0]LogConfig: Setting CVar [[r.Streaming.Boost:1]]
[2020.05.12-05.27.51:782][  0]LogConfig: Setting CVar [[r.MaxAnisotropy:8]]
[2020.05.12-05.27.51:782][  0]LogConfig: Setting CVar [[r.VT.MaxAnisotropy:8]]
[2020.05.12-05.27.51:782][  0]LogConfig: Setting CVar [[r.Streaming.LimitPoolSizeToVRAM:0]]
[2020.05.12-05.27.51:782][  0]LogConfig: Setting CVar [[r.Streaming.PoolSize:1000]]
[2020.05.12-05.27.51:782][  0]LogConfig: Setting CVar [[r.Streaming.MaxEffectiveScreenSize:0]]
[2020.05.12-05.27.51:782][  0]LogConfig: Applying CVar settings from Section [EffectsQuality@3] File [D:/TOLWI/Saved/Config/Windows/Scalability.ini]
[2020.05.12-05.27.51:782][  0]LogConfig: Setting CVar [[r.TranslucencyLightingVolumeDim:64]]
[2020.05.12-05.27.51:782][  0]LogConfig: Setting CVar [[r.RefractionQuality:2]]
[2020.05.12-05.27.51:782][  0]LogConfig: Setting CVar [[r.SSR.Quality:3]]
[2020.05.12-05.27.51:782][  0]LogConfig: Setting CVar [[r.SSR.HalfResSceneColor:0]]
[2020.05.12-05.27.51:782][  0]LogConfig: Setting CVar [[r.SceneColorFormat:4]]
[2020.05.12-05.27.51:782][  0]LogConfig: Setting CVar [[r.DetailMode:2]]
[2020.05.12-05.27.51:782][  0]LogConfig: Setting CVar [[r.TranslucencyVolumeBlur:1]]
[2020.05.12-05.27.51:782][  0]LogConfig: Setting CVar [[r.MaterialQualityLevel:1 ; High quality]]
[2020.05.12-05.27.51:782][  0]LogConfig: Setting CVar [[r.SSS.Scale:1]]
[2020.05.12-05.27.51:782][  0]LogConfig: Setting CVar [[r.SSS.SampleSet:2]]
[2020.05.12-05.27.51:782][  0]LogConfig: Setting CVar [[r.SSS.Quality:1]]
[2020.05.12-05.27.51:782][  0]LogConfig: Setting CVar [[r.SSS.HalfRes:1]]
[2020.05.12-05.27.51:782][  0]LogConfig: Setting CVar [[r.SSGI.Quality:3]]
[2020.05.12-05.27.51:782][  0]LogConfig: Setting CVar [[r.EmitterSpawnRateScale:1.0]]
[2020.05.12-05.27.51:782][  0]LogConfig: Setting CVar [[r.ParticleLightQuality:2]]
[2020.05.12-05.27.51:782][  0]LogConfig: Setting CVar [[r.SkyAtmosphere.AerialPerspectiveLUT.FastApplyOnOpaque:1 ; Always have FastSkyLUT 1 in this case to avoid wrong sky]]
[2020.05.12-05.27.51:782][  0]LogConfig: Setting CVar [[r.SkyAtmosphere.AerialPerspectiveLUT.SampleCountPerSlice:1]]
[2020.05.12-05.27.51:782][  0]LogConfig: Setting CVar [[r.SkyAtmosphere.AerialPerspectiveLUT.DepthResolution:16.0]]
[2020.05.12-05.27.51:782][  0]LogConfig: Setting CVar [[r.SkyAtmosphere.FastSkyLUT:1]]
[2020.05.12-05.27.51:782][  0]LogConfig: Setting CVar [[r.SkyAtmosphere.FastSkyLUT.SampleCountMin:4.0]]
[2020.05.12-05.27.51:782][  0]LogConfig: Setting CVar [[r.SkyAtmosphere.FastSkyLUT.SampleCountMax:32.0]]
[2020.05.12-05.27.51:782][  0]LogConfig: Setting CVar [[r.SkyAtmosphere.SampleCountMin:4.0]]
[2020.05.12-05.27.51:782][  0]LogConfig: Setting CVar [[r.SkyAtmosphere.SampleCountMax:32.0]]
[2020.05.12-05.27.51:782][  0]LogConfig: Setting CVar [[r.SkyAtmosphere.TransmittanceLUT.UseSmallFormat:0]]
[2020.05.12-05.27.51:782][  0]LogConfig: Setting CVar [[r.SkyAtmosphere.TransmittanceLUT.SampleCount:10.0]]
[2020.05.12-05.27.51:782][  0]LogConfig: Setting CVar [[r.SkyAtmosphere.MultiScatteringLUT.SampleCount:15.0]]
[2020.05.12-05.27.51:782][  0]LogConfig: Applying CVar settings from Section [FoliageQuality@3] File [D:/TOLWI/Saved/Config/Windows/Scalability.ini]
[2020.05.12-05.27.51:782][  0]LogConfig: Setting CVar [[foliage.DensityScale:1.0]]
[2020.05.12-05.27.51:782][  0]LogConfig: Setting CVar [[grass.DensityScale:1.0]]
[2020.05.12-05.27.51:782][  0]LogConfig: Applying CVar settings from Section [ShadingQuality@3] File [D:/TOLWI/Saved/Config/Windows/Scalability.ini]
[2020.05.12-05.27.51:782][  0]LogConfig: Setting CVar [[r.HairStrands.SkyLighting.SampleCount:16]]
[2020.05.12-05.27.51:782][  0]LogConfig: Setting CVar [[r.HairStrands.SkyLighting.JitterIntegration:0]]
[2020.05.12-05.27.51:782][  0]LogConfig: Setting CVar [[r.HairStrands.SkyAO.SampleCount:16]]
[2020.05.12-05.27.51:782][  0]LogConfig: Applying CVar settings from Section [Startup] File [../../../Engine/Config/ConsoleVariables.ini]
[2020.05.12-05.27.51:783][  0]LogConfig: Setting CVar [[net.UseAdaptiveNetUpdateFrequency:0]]
[2020.05.12-05.27.51:783][  0]LogConfig: Setting CVar [[p.chaos.AllowCreatePhysxBodies:1]]
[2020.05.12-05.27.51:783][  0]LogConfig: Applying CVar settings from Section [ConsoleVariables] File [D:/TOLWI/Saved/Config/Windows/Engine.ini]
[2020.05.12-05.27.51:783][  0]LogInit: Computer: DESKTOP-FC7SNQS
[2020.05.12-05.27.51:783][  0]LogInit: User: JeremyB
[2020.05.12-05.27.51:783][  0]LogInit: CPU Page size=4096, Cores=8
[2020.05.12-05.27.51:783][  0]LogInit: High frequency timer resolution =10.000000 MHz
[2020.05.12-05.27.51:783][  0]LogMemory: Memory total: Physical=63.9GB (64GB approx)
[2020.05.12-05.27.51:783][  0]LogMemory: Platform Memory Stats for Windows
[2020.05.12-05.27.51:783][  0]LogMemory: Process Physical Memory: 107.71 MB used, 107.71 MB peak
[2020.05.12-05.27.51:783][  0]LogMemory: Process Virtual Memory: 102.63 MB used, 102.63 MB peak
[2020.05.12-05.27.51:783][  0]LogMemory: Physical Memory: 17655.92 MB used,  47759.20 MB free, 65415.11 MB total
[2020.05.12-05.27.51:783][  0]LogMemory: Virtual Memory: 5180.77 MB used,  134212544.00 MB free, 134217728.00 MB total
[2020.05.12-05.27.51:836][  0]LogWindows: WindowsPlatformFeatures enabled
[2020.05.12-05.27.51:865][  0]LogInit: Using OS detected language (en-US).
[2020.05.12-05.27.51:865][  0]LogInit: Using OS detected locale (en-NZ).
[2020.05.12-05.27.51:865][  0]LogTextLocalizationManager: No specific localization for 'en-US' exists, so the 'en' localization will be used.
[2020.05.12-05.27.52:054][  0]LogSlate: New Slate User Created.  User Index 0, Is Virtual User: 0
[2020.05.12-05.27.52:054][  0]LogSlate: Slate User Registered.  User Index 0, Is Virtual User: 0
[2020.05.12-05.27.52:063][  0]LogHMD: Failed to initialize OpenVR with code 101
[2020.05.12-05.27.52:063][  0]LogD3D11RHI: D3D11 min allowed feature level: 11_0
[2020.05.12-05.27.52:063][  0]LogD3D11RHI: D3D11 max allowed feature level: 11_0
[2020.05.12-05.27.52:063][  0]LogD3D11RHI: D3D11 adapters:
[2020.05.12-05.27.52:115][  0]LogD3D11RHI:    0. 'NVIDIA GeForce GTX 1080' (Feature Level 11_0)
[2020.05.12-05.27.52:116][  0]LogD3D11RHI:       8079/0/32707 MB DedicatedVideo/DedicatedSystem/SharedSystem, Outputs:1, VendorId:0x10de
[2020.05.12-05.27.52:118][  0]LogD3D11RHI:    1. 'Microsoft Basic Render Driver' (Feature Level 11_0)
[2020.05.12-05.27.52:118][  0]LogD3D11RHI:       0/0/32707 MB DedicatedVideo/DedicatedSystem/SharedSystem, Outputs:0, VendorId:0x1414
[2020.05.12-05.27.52:118][  0]LogD3D11RHI: Chosen D3D11 Adapter: 0
[2020.05.12-05.27.52:131][  0]LogD3D11RHI: Creating new Direct3DDevice
[2020.05.12-05.27.52:131][  0]LogD3D11RHI:     GPU DeviceId: 0x1b80 (for the marketing name, search the web for "GPU Device Id")
[2020.05.12-05.27.52:131][  0]LogWindows: EnumDisplayDevices:
[2020.05.12-05.27.52:131][  0]LogWindows:    0. 'NVIDIA GeForce GTX 1080' (P:1 D:1)
[2020.05.12-05.27.52:131][  0]LogWindows:    1. 'NVIDIA GeForce GTX 1080' (P:0 D:0)
[2020.05.12-05.27.52:131][  0]LogWindows:    2. 'NVIDIA GeForce GTX 1080' (P:0 D:0)
[2020.05.12-05.27.52:131][  0]LogWindows:    3. 'NVIDIA GeForce GTX 1080' (P:0 D:0)
[2020.05.12-05.27.52:132][  0]LogWindows: DebugString: FoundDriverCount:4 
[2020.05.12-05.27.52:132][  0]LogD3D11RHI:     Adapter Name: NVIDIA GeForce GTX 1080
[2020.05.12-05.27.52:132][  0]LogD3D11RHI:   Driver Version: 445.75 (internal:26.21.14.4575, unified:445.75)
[2020.05.12-05.27.52:132][  0]LogD3D11RHI:      Driver Date: 3-17-2020
[2020.05.12-05.27.52:132][  0]LogRHI: Texture pool is 5655 MB (70% of 8079 MB)
[2020.05.12-05.27.52:177][  0]LogD3D11RHI: RHI has support for 64 bit atomics
[2020.05.12-05.27.52:177][  0]LogD3D11RHI: Async texture creation enabled
[2020.05.12-05.27.52:204][  0]LogD3D11RHI: GPU Timing Frequency: 1000.000000 (Debug: 2 1)
[2020.05.12-05.27.52:485][  0]LogTargetPlatformManager: Display: Loaded TargetPlatform 'WindowsNoEditor'
[2020.05.12-05.27.52:488][  0]LogTargetPlatformManager: Display: Loaded TargetPlatform 'Windows'
[2020.05.12-05.27.52:495][  0]LogTargetPlatformManager: Display: Loaded TargetPlatform 'WindowsClient'
[2020.05.12-05.27.52:500][  0]LogTargetPlatformManager: Display: Loaded TargetPlatform 'WindowsServer'
[2020.05.12-05.27.52:500][  0]LogTargetPlatformManager: Display: Building Assets For Windows
[2020.05.12-05.27.52:502][  0]LogAudioDebug: Display: Lib vorbis DLL was dynamically loaded.
[2020.05.12-05.27.52:522][  0]LogShaderCompilers: Guid format shader working directory is 31 characters bigger than the processId version (../../../../TOLWI/Intermediate/Shaders/WorkingDirectory/34008/).
[2020.05.12-05.27.52:522][  0]LogShaderCompilers: Cleaned the shader compiler working directory 'C:/Users/Jeremy B/AppData/Local/Temp/UnrealShaderWorkingDir/16F82CC4479DBD1179D941A0B05BDEAD/'.
[2020.05.12-05.27.52:522][  0]LogXGEController: Cannot use XGE Controller as Incredibuild is not installed on this machine.
[2020.05.12-05.27.52:523][  0]LogShaderCompilers: Cannot use XGE Shader Compiler as Incredibuild is not installed on this machine.
[2020.05.12-05.27.52:523][  0]LogShaderCompilers: Display: Using Local Shader Compiler.
[2020.05.12-05.27.53:143][  0]LogDerivedDataCache: Display: Max Cache Size: 512 MB
[2020.05.12-05.27.53:199][  0]LogDerivedDataCache: Loaded boot cache 0.06s 83MB C:/Users/Jeremy B/AppData/Local/UnrealEngine/4.24/DerivedDataCache/Boot.ddc.
[2020.05.12-05.27.53:199][  0]LogDerivedDataCache: Display: Loaded Boot cache: C:/Users/Jeremy B/AppData/Local/UnrealEngine/4.24/DerivedDataCache/Boot.ddc
[2020.05.12-05.27.53:199][  0]LogDerivedDataCache: FDerivedDataBackendGraph:  Pak pak cache file ../../../../TOLWI/DerivedDataCache/DDC.ddp not found, will not use a pak cache.
[2020.05.12-05.27.53:199][  0]LogDerivedDataCache: Unable to find inner node Pak for hierarchical cache Hierarchy.
[2020.05.12-05.27.53:199][  0]LogDerivedDataCache: FDerivedDataBackendGraph:  CompressedPak pak cache file ../../../../TOLWI/DerivedDataCache/Compressed.ddp not found, will not use a pak cache.
[2020.05.12-05.27.53:199][  0]LogDerivedDataCache: Unable to find inner node CompressedPak for hierarchical cache Hierarchy.
[2020.05.12-05.27.53:207][  0]LogDerivedDataCache: Display: Pak cache opened for reading ../../../Engine/DerivedDataCache/Compressed.ddp.
[2020.05.12-05.27.53:207][  0]LogDerivedDataCache: FDerivedDataBackendGraph:  EnterprisePak pak cache file ../../../Enterprise/DerivedDataCache/Compressed.ddp not found, will not use a pak cache.
[2020.05.12-05.27.53:207][  0]LogDerivedDataCache: Unable to find inner node EnterprisePak for hierarchical cache Hierarchy.
[2020.05.12-05.27.53:209][  0]LogDerivedDataCache: Using Local data cache path C:/Users/Jeremy B/AppData/Local/UnrealEngine/Common/DerivedDataCache: Writable
[2020.05.12-05.27.53:209][  0]LogDerivedDataCache: Shared data cache path not found in *engine.ini, will not use an Shared cache.
[2020.05.12-05.27.53:209][  0]LogDerivedDataCache: Unable to find inner node Shared for hierarchical cache Hierarchy.
[2020.05.12-05.27.53:229][  0]LogMaterial: Verifying Global Shaders for PCD3D_SM5
[2020.05.12-05.27.53:231][  0]LogSlate: Using FreeType 2.10.0
[2020.05.12-05.27.53:232][  0]LogSlate: SlateFontServices - WITH_FREETYPE: 1, WITH_HARFBUZZ: 1
[2020.05.12-05.27.53:340][  0]LogInit: Using OS detected language (en-US).
[2020.05.12-05.27.53:340][  0]LogInit: Using OS detected locale (en-NZ).
[2020.05.12-05.27.53:340][  0]LogTextLocalizationManager: No localization for 'en-US' exists, so 'en' will be used for the language.
[2020.05.12-05.27.53:341][  0]LogTextLocalizationManager: No localization for 'en-NZ' exists, so 'en' will be used for the locale.
[2020.05.12-05.27.53:341][  0]LogSlate: FontCache flush requested. Reason: Culture for localization was changed
[2020.05.12-05.27.53:341][  0]LogSlate: FontCache flush requested. Reason: Culture for localization was changed
[2020.05.12-05.27.53:342][  0]LogTextLocalizationManager: Compacting localization data took   0.00ms
[2020.05.12-05.27.53:344][  0]LogAssetRegistry: FAssetRegistry took 0.0015 seconds to start up
[2020.05.12-05.27.53:566][  0]LogPackageLocalizationCache: Processed 10 localized package path(s) for 1 prioritized culture(s) in 0.029125 seconds
[2020.05.12-05.27.53:609][  0]LogInit: Selected Device Profile: [Windows]
[2020.05.12-05.27.53:711][  0]LogMeshReduction: Using QuadricMeshReduction for automatic static mesh reduction
[2020.05.12-05.27.53:711][  0]LogMeshReduction: Using SimplygonMeshReduction for automatic skeletal mesh reduction
[2020.05.12-05.27.53:711][  0]LogMeshReduction: Using ProxyLODMeshReduction for automatic mesh merging
[2020.05.12-05.27.53:711][  0]LogMeshReduction: No distributed automatic mesh merging module available
[2020.05.12-05.27.53:711][  0]LogMeshMerging: No distributed automatic mesh merging module available
[2020.05.12-05.27.53:723][  0]LogNetVersion: TOLWI 1.0.0, NetCL: 10570792, EngineNetVer: 13, GameNetVer: 0 (Checksum: 138115532)
[2020.05.12-05.27.54:148][  0]LogMoviePlayer: Initializing movie player
[2020.05.12-05.27.54:399][  0]SourceControl: Source control is disabled
[2020.05.12-05.27.54:400][  0]SourceControl: Source control is disabled
[2020.05.12-05.27.54:400][  0]SourceControl: Source control is disabled
[2020.05.12-05.27.54:423][  0]LogAndroidPermission: UAndroidPermissionCallbackProxy::GetInstance
[2020.05.12-05.27.54:428][  0]LogAudioCaptureCore: Display: No Audio Capture implementations found. Audio input will be silent.
[2020.05.12-05.27.54:428][  0]LogAudioCaptureCore: Display: No Audio Capture implementations found. Audio input will be silent.
[2020.05.12-05.27.54:469][  0]LogOcInput: OculusInput pre-init called
[2020.05.12-05.27.54:480][  0]LogUObjectArray: 54054 objects as part of root set at end of initial load.
[2020.05.12-05.27.54:480][  0]LogUObjectAllocator: 9931464 out of 0 bytes used by permanent object pool.
[2020.05.12-05.27.54:480][  0]LogUObjectArray: CloseDisregardForGC: 0/0 objects in disregard for GC pool
[2020.05.12-05.27.54:523][  0]LogEngine: Initializing Engine...
[2020.05.12-05.27.54:524][  0]LogHMD: Failed to initialize OpenVR with code 101
[2020.05.12-05.27.54:526][  0]LogStats: UGameplayTagsManager::InitializeManager -  0.000 s
[2020.05.12-05.27.54:669][  0]LogInit: Initializing FReadOnlyCVARCache
[2020.05.12-05.27.54:671][  0]LogAudioMixer: Display: Audio Mixer Platform Settings:
[2020.05.12-05.27.54:671][  0]LogAudioMixer: Display: 	Sample Rate:						  48000
[2020.05.12-05.27.54:671][  0]LogAudioMixer: Display: 	Callback Buffer Frame Size Requested: 1024
[2020.05.12-05.27.54:671][  0]LogAudioMixer: Display: 	Callback Buffer Frame Size To Use:	  1024
[2020.05.12-05.27.54:671][  0]LogAudioMixer: Display: 	Number of buffers to queue:			  2
[2020.05.12-05.27.54:671][  0]LogAudioMixer: Display: 	Max Channels (voices):				  32
[2020.05.12-05.27.54:671][  0]LogAudioMixer: Display: 	Number of Async Source Workers:		  0
[2020.05.12-05.27.54:671][  0]LogAudio: Display: AudioDevice MaxSources: 32
[2020.05.12-05.27.54:672][  0]LogAudio: Display: Using built-in audio occlusion.
[2020.05.12-05.27.54:672][  0]LogAudioMixer: Display: Initializing audio mixer.
[2020.05.12-05.27.54:826][  0]LogAudioMixer: Display: Audio Device Output Speaker Info:
[2020.05.12-05.27.54:826][  0]LogAudioMixer: Display: Name: Speakers/Headphones (Realtek(R) Audio)
[2020.05.12-05.27.54:826][  0]LogAudioMixer: Display: Is Default: Yes
[2020.05.12-05.27.54:826][  0]LogAudioMixer: Display: Sample Rate: 48000
[2020.05.12-05.27.54:826][  0]LogAudioMixer: Display: Channel Count Used: 8
[2020.05.12-05.27.54:826][  0]LogAudioMixer: Display: Device Channel Count: 8
[2020.05.12-05.27.54:826][  0]LogAudioMixer: Display: Channel Order:
[2020.05.12-05.27.54:826][  0]LogAudioMixer: Display: 0: FrontLeft
[2020.05.12-05.27.54:826][  0]LogAudioMixer: Display: 1: FrontRight
[2020.05.12-05.27.54:826][  0]LogAudioMixer: Display: 2: FrontCenter
[2020.05.12-05.27.54:826][  0]LogAudioMixer: Display: 3: LowFrequency
[2020.05.12-05.27.54:826][  0]LogAudioMixer: Display: 4: BackLeft
[2020.05.12-05.27.54:826][  0]LogAudioMixer: Display: 5: BackRight
[2020.05.12-05.27.54:826][  0]LogAudioMixer: Display: 6: SideLeft
[2020.05.12-05.27.54:826][  0]LogAudioMixer: Display: 7: SideRight
[2020.05.12-05.27.55:075][  0]LogAudioMixer: Display: Using Audio Device Speakers/Headphones (Realtek(R) Audio)
[2020.05.12-05.27.55:080][  0]LogInit: FAudioDevice initialized.
[2020.05.12-05.27.55:081][  0]LogNetVersion: Set ProjectVersion to 1.0.0.0. Version Checksum will be recalculated on next use.
[2020.05.12-05.27.55:261][  0]LogDerivedDataCache: Saved boot cache 0.18s 83MB C:/Users/Jeremy B/AppData/Local/UnrealEngine/4.24/DerivedDataCache/Boot.ddc.
[2020.05.12-05.27.55:361][  0]LogInit: Texture streaming: Enabled
[2020.05.12-05.27.55:457][  0]LogTemp: Warning: Found subsystem NULL
[2020.05.12-05.27.55:458][  0]LogSlate: Updating window title bar state: overlay mode, drag disabled, window buttons hidden, title bar hidden
[2020.05.12-05.27.55:459][  0]LogInit: Display: Game Engine Initialized.
[2020.05.12-05.27.55:470][  0]LogInit: Display: Starting Game.
[2020.05.12-05.27.55:470][  0]LogNet: Browse: /Game/Levels/MainMenu?Name=Player
[2020.05.12-05.27.55:470][  0]LogLoad: LoadMap: /Game/Levels/MainMenu?Name=Player
[2020.05.12-05.27.55:470][  0]LogWorld: BeginTearingDown for /Temp/Untitled_0
[2020.05.12-05.27.55:472][  0]LogWorld: UWorld::CleanupWorld for Untitled, bSessionEnded=true, bCleanupResources=true
[2020.05.12-05.27.55:472][  0]LogSlate: InvalidateAllWidgets triggered.  All widgets were invalidated
[2020.05.12-05.27.55:515][  0]LogAudioMixer: Display: No commands were queued while flushing the source manager.
[2020.05.12-05.27.55:516][  0]LogUObjectHash: Compacting FUObjectHashTables data took   1.64ms
[2020.05.12-05.27.55:527][  0]LogAIModule: Creating AISystem for world MainMenu
[2020.05.12-05.27.55:529][  0]LogLoad: Game class is 'TOLWIGameMode_C'
[2020.05.12-05.27.55:530][  0]LogWorld: Bringing World /Game/Levels/MainMenu.MainMenu up for play (max tick rate 0) at 2020.05.12-17.27.55
[2020.05.12-05.27.55:530][  0]LogWorld: Bringing up level for play took: 0.000531
[2020.05.12-05.27.55:531][  0]LogGameMode: FindPlayerStart: PATHS NOT DEFINED or NO PLAYERSTART with positive rating
[2020.05.12-05.27.55:532][  0]LogGameMode: Display: Match State Changed from EnteringMap to WaitingToStart
[2020.05.12-05.27.55:532][  0]LogGameState: Match State Changed from EnteringMap to WaitingToStart
[2020.05.12-05.27.55:532][  0]LogGameMode: Display: Match State Changed from WaitingToStart to InProgress
[2020.05.12-05.27.55:536][  0]LogPlayerController: Error: InputMode:UIOnly - Attempting to focus Non-Focusable widget SObjectWidget [Widget.cpp(776)]!
[2020.05.12-05.27.55:536][  0]LogGameState: Match State Changed from WaitingToStart to InProgress
[2020.05.12-05.27.55:536][  0]LogLoad: Took 0.066074 seconds to LoadMap(/Game/Levels/MainMenu)
[2020.05.12-05.27.55:556][  0]LogRenderer: Reallocating scene render targets to support 2560x1440 Format 10 NumSamples 1 (Frame:1).
[2020.05.12-05.27.55:556][  0]LogLoad: (Engine Initialization) Total time: 5.02 seconds
[2020.05.12-05.27.55:556][  0]LogLoad: (Engine Initialization) Total Blueprint compile time: 0.00 seconds
[2020.05.12-05.27.55:574][  0]LogContentStreaming: Texture pool size now 1000 MB
[2020.05.12-05.27.55:577][  0]LogSlate: InvalidateAllWidgets triggered.  All widgets were invalidated
[2020.05.12-05.28.00:175][706]LogSlate: WidgetSwitcher ('None') active index changed to 3
[2020.05.12-05.28.00:176][706]LogSlate: Took 0.000255 seconds to synchronously load lazily loaded font '../../../Engine/Content/Slate/Fonts/Roboto-Regular.ttf' (155K)
[2020.05.12-05.28.02:908][364]LogInit: WinSock: I am DESKTOP-FC7SNQS (192.168.1.15:0)
[2020.05.12-05.28.02:908][364]LogGameMode: Display: Match State Changed from InProgress to LeavingMap
[2020.05.12-05.28.02:908][364]LogGameState: Match State Changed from InProgress to LeavingMap
[2020.05.12-05.28.02:908][364]LogGameMode: ProcessServerTravel: /Game/Levels/NewMap?listen
[2020.05.12-05.28.02:910][364]LogEngine: Server switch level: /Game/Levels/NewMap?Name=Player?listen
[2020.05.12-05.28.02:910][364]LogNet: Browse: /Game/Levels/NewMap?Name=Player?listen
[2020.05.12-05.28.02:910][364]LogLoad: LoadMap: /Game/Levels/NewMap?Name=Player?listen
[2020.05.12-05.28.02:910][364]LogWorld: BeginTearingDown for /Game/Levels/MainMenu
[2020.05.12-05.28.02:911][364]LogWorld: UWorld::CleanupWorld for MainMenu, bSessionEnded=true, bCleanupResources=true
[2020.05.12-05.28.02:911][364]LogSlate: InvalidateAllWidgets triggered.  All widgets were invalidated
[2020.05.12-05.28.02:948][364]LogAudioMixer: Display: Flush succeeded in the source manager command queue (1).
[2020.05.12-05.28.02:948][364]LogAudio: Display: Waited 35.308903 ms for audio thread.
[2020.05.12-05.28.02:951][364]LogAudioMixer: Display: Flush succeeded the source manager command queue (2).
[2020.05.12-05.28.02:951][364]LogAudio: Display: Waited 38.659302 ms for audio thread.
[2020.05.12-05.28.02:995][364]LogUObjectHash: Compacting FUObjectHashTables data took   1.73ms
[2020.05.12-05.28.03:052][364]LogAIModule: Creating AISystem for world NewMap
[2020.05.12-05.28.03:055][364]LogLoad: Game class is 'TOLWIGameMode_C'
[2020.05.12-05.28.03:055][364]LogOnline: OSS: Creating online subsystem instance for: STEAM
[2020.05.12-05.28.03:055][364]LogOnline: Warning: STEAM: Steam App Id provided (0) is invalid, must be greater than 0!
[2020.05.12-05.28.03:055][364]LogOnline: Warning: STEAM: Could not create/update the steam_appid.txt file! Make sure the directory is writable and there isn't another instance using this file
[2020.05.12-05.28.03:055][364]LogOnline: Warning: STEAM: Could not set up the steam environment! Falling back to another OSS.
[2020.05.12-05.28.03:055][364]LogOnline: Warning: STEAM: Steam API failed to initialize!
[2020.05.12-05.28.03:055][364]LogOnline: Display: STEAM: OnlineSubsystemSteam::Shutdown()
[2020.05.12-05.28.03:055][364]LogNet: ReplicationDriverClass is null! Not using ReplicationDriver.
[2020.05.12-05.28.03:055][364]LogNetCore: DDoS detection status: detection enabled: 0 analytics enabled: 0
[2020.05.12-05.28.03:056][364]LogInit: WinSock: Socket queue. Rx: 131072 (config 131072) Tx: 131072 (config 131072)
[2020.05.12-05.28.03:056][364]PacketHandlerLog: Loaded PacketHandler component: Engine.EngineHandlerComponentFactory (StatelessConnectHandlerComponent)
[2020.05.12-05.28.03:056][364]LogNet: GameNetDriver IpNetDriver_0 IpNetDriver listening on port 7777
[2020.05.12-05.28.03:058][364]LogWorld: Bringing World /Game/Levels/NewMap.NewMap up for play (max tick rate 0) at 2020.05.12-17.28.03
[2020.05.12-05.28.03:059][364]LogWorld: Bringing up level for play took: 0.001959
[2020.05.12-05.28.03:059][364]LogOnlineSession: Warning: OSS: No game present to join for session (GameSession)
[2020.05.12-05.28.03:059][364]LogGameMode: Display: Match State Changed from EnteringMap to WaitingToStart
[2020.05.12-05.28.03:059][364]LogGameState: Match State Changed from EnteringMap to WaitingToStart
[2020.05.12-05.28.03:060][364]LogGameMode: Display: Match State Changed from WaitingToStart to InProgress
[2020.05.12-05.28.03:061][364]LogTemp: Warning: [ARoomGameMode::GetInteractivesInRoom] Interactive: Mechanism_2 
[2020.05.12-05.28.03:061][364]LogTemp: Warning: [ARoomGameMode::GetInteractablesInRoom] InteractableList Num: 1 
[2020.05.12-05.28.03:061][364]LogTemp: Warning: [ARoomGameMode::GetInteractivesInRoom] Interactive: MovingPlatform_2 
[2020.05.12-05.28.03:061][364]LogTemp: Warning: [ARoomGameMode::GetInteractablesInRoom] InteractableList Num: 2 
[2020.05.12-05.28.03:061][364]LogGameState: Match State Changed from WaitingToStart to InProgress
[2020.05.12-05.28.03:061][364]LogLoad: Took 0.150292 seconds to LoadMap(/Game/Levels/NewMap)
[2020.05.12-05.28.15:561][940]LogNet: NotifyAcceptingConnection accepted from: 192.168.1.15:64475
[2020.05.12-05.28.15:561][940]LogHandshake: SendConnectChallenge. Timestamp: 12.660125, Cookie: 008135128155239209146069160035163151238067063227083094218193
[2020.05.12-05.28.15:620][941]LogNet: NotifyAcceptingConnection accepted from: 192.168.1.15:64475
[2020.05.12-05.28.15:620][941]LogHandshake: SendChallengeAck. InCookie: 008135128155239209146069160035163151238067063227083094218193
[2020.05.12-05.28.15:621][941]LogNet: Server accepting post-challenge connection from: 192.168.1.15:64475
[2020.05.12-05.28.15:621][941]PacketHandlerLog: Loaded PacketHandler component: Engine.EngineHandlerComponentFactory (StatelessConnectHandlerComponent)
[2020.05.12-05.28.15:622][941]LogNet: NotifyAcceptedConnection: Name: NewMap, TimeStamp: 05/12/20 17:28:15, [UNetConnection] RemoteAddr: 192.168.1.15:64475, Name: IpConnection_0, Driver: GameNetDriver IpNetDriver_0, IsServer: YES, PC: NULL, Owner: NULL, UniqueId: INVALID
[2020.05.12-05.28.15:622][941]LogNet: AddClientConnection: Added client connection: [UNetConnection] RemoteAddr: 192.168.1.15:64475, Name: IpConnection_0, Driver: GameNetDriver IpNetDriver_0, IsServer: YES, PC: NULL, Owner: NULL, UniqueId: INVALID
[2020.05.12-05.28.15:692][942]LogNet: NotifyAcceptingChannel Control 0 server World /Game/Levels/NewMap.NewMap: Accepted
[2020.05.12-05.28.15:693][942]LogNet: Remote platform little endian=1
[2020.05.12-05.28.15:693][942]LogNet: This platform little endian=1
[2020.05.12-05.28.15:693][942]LogNetVersion: TOLWI 1.0.0.0, NetCL: 10570792, EngineNetVer: 13, GameNetVer: 0 (Checksum: 2916101841)
[2020.05.12-05.28.15:764][943]LogNet: Login request: /Game/Levels/MainMenu?Name=DESKTOP-FC7SNQS-2B263A4F4E80620F37616DB76CFFD231 userId: NULL:DESKTOP-FC7SNQS-2B263A4F4E80620F37616DB76CFFD231 platform: NULL
[2020.05.12-05.28.15:901][960]LogNet: Client netspeed is 10000
[2020.05.12-05.28.15:901][960]LogNet: Join request: /Game/Levels/MainMenu?Name=DESKTOP-FC7SNQS-2B263A4F4E80620F37616DB76CFFD231?SplitscreenCount=1
[2020.05.12-05.28.15:902][960]LogOnlineSession: Warning: OSS: No game present to join for session (GameSession)
[2020.05.12-05.28.15:906][960]LogNet: Join succeeded: DESKTOP-FC7SNQS-2B26
[2020.05.12-05.28.19:730][ 18]LogTemp: Warning: [AMechanism::ServerDoActivatedAction]
[2020.05.12-05.28.19:730][ 18]LogTemp: Warning: [AMechanism::ServerDoActivatedAction]
[2020.05.12-05.28.19:730][ 18]LogTemp: Warning: [ARoomGameMode::FindInteractiveById] Interactive: MovingPlatform_2 
[2020.05.12-05.28.19:730][ 18]LogTemp: Warning: [AMechanism::DoActivatedAction] Connected Interactive found called SendSignalToInteractive: MovingPlatform_2 
[2020.05.12-05.28.19:730][ 18]LogTemp: Warning: [ADoor::SendSignalToInteractive] 
[2020.05.12-05.28.19:730][ 18]LogTemp: Warning: ABasicInteractive::SendSignalToInteractive called
[2020.05.12-05.28.19:730][ 18]LogTemp: Warning: [ADoor::SendSignalToInteractive] !bIsOpen
[2020.05.12-05.28.43:721][449]LogNet: UChannel::ReceivedSequencedBunch: Bunch.bClose == true. ChIndex == 0. Calling ConditionalCleanUp.
[2020.05.12-05.28.43:721][449]LogNet: UChannel::CleanUp: ChIndex == 0. Closing connection. [UChannel] ChIndex: 0, Closing: 0 [UNetConnection] RemoteAddr: 192.168.1.15:64475, Name: IpConnection_0, Driver: GameNetDriver IpNetDriver_0, IsServer: YES, PC: PlayerController_1, Owner: PlayerController_1, UniqueId: NULL:DESKTOP-FC7SNQS-2B263A4F4E80620F37616DB76CFFD231
[2020.05.12-05.28.43:721][449]LogNet: UNetConnection::Close: [UNetConnection] RemoteAddr: 192.168.1.15:64475, Name: IpConnection_0, Driver: GameNetDriver IpNetDriver_0, IsServer: YES, PC: PlayerController_1, Owner: PlayerController_1, UniqueId: NULL:DESKTOP-FC7SNQS-2B263A4F4E80620F37616DB76CFFD231, Channels: 13, Time: 2020.05.12-05.28.43
[2020.05.12-05.28.43:721][449]LogNet: UChannel::Close: Sending CloseBunch. ChIndex == 0. Name: [UChannel] ChIndex: 0, Closing: 0 [UNetConnection] RemoteAddr: 192.168.1.15:64475, Name: IpConnection_0, Driver: GameNetDriver IpNetDriver_0, IsServer: YES, PC: PlayerController_1, Owner: PlayerController_1, UniqueId: NULL:DESKTOP-FC7SNQS-2B263A4F4E80620F37616DB76CFFD231
[2020.05.12-05.28.43:721][449]LogOnlineSession: Warning: OSS: No game present to leave for session (GameSession)
[2020.05.12-05.28.49:418][152]LogSlate: Window 'TOLWI (64-bit Development PCD3D_SM5) ' being destroyed
[2020.05.12-05.28.49:419][152]LogWindowsTextInputMethodSystem: Display: IME system now deactivated.
[2020.05.12-05.28.49:422][153]LogOnlineSession: Warning: OSS: No game present to leave for session (GameSession)
[2020.05.12-05.28.49:422][153]LogSlate: Updating window title bar state: overlay mode, drag disabled, window buttons hidden, title bar hidden
[2020.05.12-05.28.49:422][153]LogEngine: All Windows Closed
[2020.05.12-05.28.49:422][153]LogWindows: FPlatformMisc::RequestExit(0)
[2020.05.12-05.28.49:422][153]LogCore: Engine exit requested (reason: Win RequestExit)
[2020.05.12-05.28.49:422][154]LogCore: Engine exit requested (reason: EngineExit() was called; note: exit was already requested)
[2020.05.12-05.28.49:423][154]LogAudioMixer: Display: No commands were queued while flushing the source manager.
[2020.05.12-05.28.49:429][154]LogInit: Display: PreExit Game.
[2020.05.12-05.28.49:473][154]LogWorld: BeginTearingDown for /Game/Levels/NewMap
[2020.05.12-05.28.49:473][154]LogNet: World NetDriver shutdown IpNetDriver_0 [GameNetDriver]
[2020.05.12-05.28.49:473][154]LogNet: DestroyNamedNetDriver IpNetDriver_0 [GameNetDriver]
[2020.05.12-05.28.49:473][154]LogExit: GameNetDriver IpNetDriver_0 shut down
[2020.05.12-05.28.49:474][154]LogWorld: UWorld::CleanupWorld for NewMap, bSessionEnded=true, bCleanupResources=true
[2020.05.12-05.28.49:474][154]LogSlate: InvalidateAllWidgets triggered.  All widgets were invalidated
[2020.05.12-05.28.49:580][154]LogExit: Preparing to exit.
[2020.05.12-05.28.49:580][154]LogMoviePlayer: Shutting down movie player
[2020.05.12-05.28.49:600][154]LogSlate: Updating window title bar state: overlay mode, drag disabled, window buttons hidden, title bar hidden
[2020.05.12-05.28.49:601][154]LogDemo: Cleaned up 0 splitscreen connections with owner deletion
[2020.05.12-05.28.49:607][154]LogExit: Game engine shut down
[2020.05.12-05.28.49:669][154]LogExit: Object subsystem successfully closed.
[2020.05.12-05.28.49:691][154]LogShaderCompilers: Display: Shaders left to compile 0
[2020.05.12-05.28.49:702][154]LogModuleManager: Shutting down and abandoning module SequenceRecorderSections (440)
[2020.05.12-05.28.49:702][154]LogModuleManager: Shutting down and abandoning module SequenceRecorder (438)
[2020.05.12-05.28.49:703][154]LogModuleManager: Shutting down and abandoning module AutomationController (436)
[2020.05.12-05.28.49:703][154]LogModuleManager: Shutting down and abandoning module AutomationWorker (434)
[2020.05.12-05.28.49:703][154]LogModuleManager: Shutting down and abandoning module Voice (432)
[2020.05.12-05.28.49:703][154]LogModuleManager: Shutting down and abandoning module AIModule (430)
[2020.05.12-05.28.49:703][154]LogModuleManager: Shutting down and abandoning module GameplayDebugger (429)
[2020.05.12-05.28.49:703][154]LogModuleManager: Shutting down and abandoning module AITestSuite (427)
[2020.05.12-05.28.49:703][154]LogModuleManager: Shutting down and abandoning module NavigationSystem (425)
[2020.05.12-05.28.49:703][154]LogModuleManager: Shutting down and abandoning module OculusMR (422)
[2020.05.12-05.28.49:703][154]LogModuleManager: Shutting down and abandoning module WmfMediaFactory (420)
[2020.05.12-05.28.49:703][154]LogModuleManager: Shutting down and abandoning module WebMMediaFactory (418)
[2020.05.12-05.28.49:703][154]LogModuleManager: Shutting down and abandoning module WebMMedia (416)
[2020.05.12-05.28.49:703][154]LogModuleManager: Shutting down and abandoning module OpenExrWrapper (414)
[2020.05.12-05.28.49:703][154]LogModuleManager: Shutting down and abandoning module ImgMediaFactory (412)
[2020.05.12-05.28.49:703][154]LogModuleManager: Shutting down and abandoning module AvfMediaFactory (410)
[2020.05.12-05.28.49:703][154]LogModuleManager: Shutting down and abandoning module MagicLeapMediaCodecFactory (408)
[2020.05.12-05.28.49:703][154]LogModuleManager: Shutting down and abandoning module MagicLeapMediaFactory (406)
[2020.05.12-05.28.49:703][154]LogModuleManager: Shutting down and abandoning module CharacterAI (404)
[2020.05.12-05.28.49:703][154]LogModuleManager: Shutting down and abandoning module SessionServices (402)
[2020.05.12-05.28.49:703][154]LogModuleManager: Shutting down and abandoning module MovieSceneCapture (400)
[2020.05.12-05.28.49:703][154]LogModuleManager: Shutting down and abandoning module LiveCoding (398)
[2020.05.12-05.28.49:703][154]LogModuleManager: Shutting down and abandoning module LevelSequence (396)
[2020.05.12-05.28.49:703][154]LogModuleManager: Shutting down and abandoning module MovieSceneTracks (394)
[2020.05.12-05.28.49:703][154]LogModuleManager: Shutting down and abandoning module MovieScene (392)
[2020.05.12-05.28.49:703][154]LogModuleManager: Shutting down and abandoning module StreamingPauseRendering (390)
[2020.05.12-05.28.49:703][154]LogModuleManager: Shutting down and abandoning module PortalServices (388)
[2020.05.12-05.28.49:703][154]LogModuleManager: Shutting down and abandoning module PortalRpc (386)
[2020.05.12-05.28.49:703][154]LogModuleManager: Shutting down and abandoning module MessagingRpc (384)
[2020.05.12-05.28.49:703][154]LogModuleManager: Shutting down and abandoning module AudioMixerXAudio2 (382)
[2020.05.12-05.28.49:703][154]LogModuleManager: Shutting down and abandoning module ImageWriteQueue (380)
[2020.05.12-05.28.49:706][154]LogModuleManager: Shutting down and abandoning module ProfilerService (378)
[2020.05.12-05.28.49:843][154]LogModuleManager: Shutting down and abandoning module TaskGraph (376)
[2020.05.12-05.28.49:843][154]LogModuleManager: Shutting down and abandoning module ProceduralMeshComponent (374)
[2020.05.12-05.28.49:843][154]LogModuleManager: Shutting down and abandoning module OculusInput (372)
[2020.05.12-05.28.49:843][154]LogModuleManager: Shutting down and abandoning module MobilePatchingUtils (370)
[2020.05.12-05.28.49:843][154]LogModuleManager: Shutting down and abandoning module EditableMesh (368)
[2020.05.12-05.28.49:843][154]LogModuleManager: Shutting down and abandoning module CustomMeshComponent (366)
[2020.05.12-05.28.49:843][154]LogModuleManager: Shutting down and abandoning module CableComponent (364)
[2020.05.12-05.28.49:843][154]LogModuleManager: Shutting down and abandoning module AudioCapture (362)
[2020.05.12-05.28.49:843][154]LogModuleManager: Shutting down and abandoning module AudioCaptureRtAudio (361)
[2020.05.12-05.28.49:843][154]LogModuleManager: Shutting down and abandoning module AssetTags (358)
[2020.05.12-05.28.49:843][154]LogModuleManager: Shutting down and abandoning module ArchVisCharacter (356)
[2020.05.12-05.28.49:843][154]LogModuleManager: Shutting down and abandoning module AppleImageUtilsBlueprintSupport (354)
[2020.05.12-05.28.49:843][154]LogModuleManager: Shutting down and abandoning module AppleImageUtils (352)
[2020.05.12-05.28.49:843][154]LogModuleManager: Shutting down and abandoning module AndroidPermission (350)
[2020.05.12-05.28.49:843][154]LogModuleManager: Shutting down and abandoning module NUTUnrealEngine4 (348)
[2020.05.12-05.28.49:844][154]LogModuleManager: Shutting down and abandoning module NetcodeUnitTest (346)
[2020.05.12-05.28.49:844][154]LogModuleManager: Shutting down and abandoning module MediaCompositing (344)
[2020.05.12-05.28.49:844][154]LogModuleManager: Shutting down and abandoning module ImgMedia (342)
[2020.05.12-05.28.49:844][154]LogModuleManager: Shutting down and abandoning module MagicLeapHelperVulkan (340)
[2020.05.12-05.28.49:844][154]LogModuleManager: Shutting down and abandoning module MagicLeapHelperOpenGL (338)
[2020.05.12-05.28.49:844][154]LogModuleManager: Shutting down and abandoning module MagicLeapAudio (336)
[2020.05.12-05.28.49:844][154]LogModuleManager: Shutting down and abandoning module GeometryCacheTracks (334)
[2020.05.12-05.28.49:844][154]LogModuleManager: Shutting down and abandoning module GeometryCacheSequencer (333)
[2020.05.12-05.28.49:844][154]LogModuleManager: Shutting down and abandoning module GeometryCache (330)
[2020.05.12-05.28.49:844][154]LogModuleManager: Shutting down and abandoning module GeometryCacheEd (329)
[2020.05.12-05.28.49:844][154]LogModuleManager: Shutting down and abandoning module BackChannel (326)
[2020.05.12-05.28.49:844][154]LogModuleManager: Shutting down and abandoning module AutomationUtils (324)
[2020.05.12-05.28.49:844][154]LogModuleManager: Shutting down and abandoning module VisualStudioSourceCodeAccess (322)
[2020.05.12-05.28.49:844][154]LogModuleManager: Shutting down and abandoning module HotReload (321)
[2020.05.12-05.28.49:844][154]LogModuleManager: Shutting down and abandoning module DirectoryWatcher (320)
[2020.05.12-05.28.49:844][154]LogModuleManager: Shutting down and abandoning module VisualStudioCodeSourceCodeAccess (316)
[2020.05.12-05.28.49:845][154]LogModuleManager: Shutting down and abandoning module UObjectPlugin (314)
[2020.05.12-05.28.49:845][154]LogModuleManager: Shutting down and abandoning module SubversionSourceControl (312)
[2020.05.12-05.28.49:845][154]LogModuleManager: Shutting down and abandoning module PerforceSourceControl (310)
[2020.05.12-05.28.49:845][154]LogModuleManager: Shutting down and abandoning module SourceControl (309)
[2020.05.12-05.28.49:845][154]LogModuleManager: Shutting down and abandoning module CLionSourceCodeAccess (306)
[2020.05.12-05.28.49:845][154]LogModuleManager: Shutting down and abandoning module ActorLayerUtilities (304)
[2020.05.12-05.28.49:845][154]LogModuleManager: Shutting down and abandoning module TOLWI (302)
[2020.05.12-05.28.49:845][154]LogModuleManager: Shutting down and abandoning module SignificanceManager (300)
[2020.05.12-05.28.49:845][154]LogModuleManager: Shutting down and abandoning module RuntimePhysXCooking (298)
[2020.05.12-05.28.49:845][154]LogModuleManager: Shutting down and abandoning module PhysXVehiclesEditor (296)
[2020.05.12-05.28.49:845][154]LogModuleManager: Shutting down and abandoning module LocationServicesBPLibrary (292)
[2020.05.12-05.28.49:845][154]LogModuleManager: Shutting down and abandoning module ActorSequence (290)
[2020.05.12-05.28.49:845][154]LogModuleManager: Shutting down and abandoning module UdpMessaging (288)
[2020.05.12-05.28.49:845][154]LogModuleManager: Shutting down and abandoning module TcpMessaging (286)
[2020.05.12-05.28.49:845][154]LogModuleManager: Shutting down and abandoning module MagicLeapPrivileges (284)
[2020.05.12-05.28.49:845][154]LogModuleManager: Shutting down and abandoning module MagicLeapPlanes (282)
[2020.05.12-05.28.49:845][154]LogMagicLeapPlanes: Planes tracker already destroyed.
[2020.05.12-05.28.49:845][154]LogModuleManager: Shutting down and abandoning module MagicLeapIdentity (280)
[2020.05.12-05.28.49:845][154]LogModuleManager: Shutting down and abandoning module MagicLeapSecureStorage (278)
[2020.05.12-05.28.49:845][154]LogModuleManager: Shutting down and abandoning module MagicLeapImageTracker (276)
[2020.05.12-05.28.49:846][154]LogModuleManager: Shutting down and abandoning module MagicLeapHandTracking (274)
[2020.05.12-05.28.49:846][154]LogModuleManager: Shutting down and abandoning module MagicLeapHandMeshing (272)
[2020.05.12-05.28.49:846][154]LogModuleManager: Shutting down and abandoning module MagicLeapEyeTracker (270)
[2020.05.12-05.28.49:846][154]LogModuleManager: Shutting down and abandoning module MagicLeapController (268)
[2020.05.12-05.28.49:846][154]LogSlate: Slate User Destroyed.  User Index 0, Is Virtual User: 0
[2020.05.12-05.28.49:846][154]LogModuleManager: Shutting down and abandoning module MagicLeapARPin (266)
[2020.05.12-05.28.49:846][154]LogModuleManager: Shutting down and abandoning module MagicLeapAR (264)
[2020.05.12-05.28.49:846][154]LogModuleManager: Shutting down and abandoning module AugmentedReality (263)
[2020.05.12-05.28.49:846][154]LogModuleManager: Shutting down and abandoning module GameplayTagsEditor (260)
[2020.05.12-05.28.49:846][154]LogModuleManager: Shutting down and abandoning module FacialAnimation (258)
[2020.05.12-05.28.49:846][154]LogModuleManager: Shutting down and abandoning module AssetManagerEditor (256)
[2020.05.12-05.28.49:846][154]LogModuleManager: Shutting down and abandoning module TreeMap (255)
[2020.05.12-05.28.49:846][154]LogModuleManager: Shutting down and abandoning module AnimationSharing (252)
[2020.05.12-05.28.49:846][154]LogModuleManager: Shutting down and abandoning module LightPropagationVolumeRuntime (250)
[2020.05.12-05.28.49:846][154]LogModuleManager: Shutting down and abandoning module Paper2D (248)
[2020.05.12-05.28.49:846][154]LogModuleManager: Shutting down and abandoning module WindowsMoviePlayer (246)
[2020.05.12-05.28.49:849][154]LogModuleManager: Shutting down and abandoning module WebMMoviePlayer (244)
[2020.05.12-05.28.49:849][154]LogModuleManager: Shutting down and abandoning module NetworkReplayStreaming (242)
[2020.05.12-05.28.49:849][154]LogModuleManager: Shutting down and abandoning module PacketHandler (240)
[2020.05.12-05.28.49:850][154]LogModuleManager: Shutting down and abandoning module ClothingSystemEditor (238)
[2020.05.12-05.28.49:850][154]LogModuleManager: Shutting down and abandoning module ClothingSystemRuntimeNv (236)
[2020.05.12-05.28.49:850][154]LogModuleManager: Shutting down and abandoning module MediaAssets (234)
[2020.05.12-05.28.49:850][154]LogModuleManager: Shutting down and abandoning module Overlay (232)
[2020.05.12-05.28.49:850][154]LogModuleManager: Shutting down and abandoning module OverlayEditor (231)
[2020.05.12-05.28.49:850][154]LogModuleManager: Shutting down and abandoning module VREditor (228)
[2020.05.12-05.28.49:850][154]LogModuleManager: Shutting down and abandoning module StringTableEditor (226)
[2020.05.12-05.28.49:850][154]LogModuleManager: Shutting down and abandoning module GameplayTasksEditor (224)
[2020.05.12-05.28.49:850][154]LogModuleManager: Shutting down and abandoning module BehaviorTreeEditor (222)
[2020.05.12-05.28.49:850][154]LogModuleManager: Shutting down and abandoning module FunctionalTesting (220)
[2020.05.12-05.28.49:850][154]LogModuleManager: Shutting down and abandoning module CollisionAnalyzer (218)
[2020.05.12-05.28.49:850][154]LogModuleManager: Shutting down and abandoning module WorkspaceMenuStructure (217)
[2020.05.12-05.28.49:850][154]LogModuleManager: Shutting down and abandoning module UMG (214)
[2020.05.12-05.28.49:850][154]LogModuleManager: Shutting down and abandoning module UMGEditor (213)
[2020.05.12-05.28.49:850][154]LogModuleManager: Shutting down and abandoning module Sequencer (212)
[2020.05.12-05.28.49:850][154]LogModuleManager: Shutting down and abandoning module MessageLog (209)
[2020.05.12-05.28.49:850][154]LogModuleManager: Shutting down and abandoning module SlateReflector (204)
[2020.05.12-05.28.49:851][154]LogModuleManager: Shutting down and abandoning module Slate (202)
[2020.05.12-05.28.49:851][154]LogModuleManager: Shutting down and abandoning module SlateCore (200)
[2020.05.12-05.28.49:851][154]LogModuleManager: Shutting down and abandoning module LandscapeEditorUtilities (198)
[2020.05.12-05.28.49:851][154]LogModuleManager: Shutting down and abandoning module EditorStyle (196)
[2020.05.12-05.28.49:852][154]LogModuleManager: Shutting down and abandoning module UnrealEd (194)
[2020.05.12-05.28.49:852][154]LogModuleManager: Shutting down and abandoning module MRMesh (192)
[2020.05.12-05.28.49:852][154]LogModuleManager: Shutting down and abandoning module Messaging (190)
[2020.05.12-05.28.49:852][154]LogModuleManager: Shutting down and abandoning module SourceCodeAccess (188)
[2020.05.12-05.28.49:852][154]LogModuleManager: Shutting down and abandoning module HeadMountedDisplay (186)
[2020.05.12-05.28.49:852][154]LogModuleManager: Shutting down and abandoning module XAudio2 (184)
[2020.05.12-05.28.49:853][154]LogModuleManager: Shutting down and abandoning module Networking (182)
[2020.05.12-05.28.49:853][154]LogModuleManager: Shutting down and abandoning module Core (180)
[2020.05.12-05.28.49:853][154]LogModuleManager: Shutting down and abandoning module MovieSceneTools (178)
[2020.05.12-05.28.49:853][154]LogModuleManager: Shutting down and abandoning module KismetCompiler (176)
[2020.05.12-05.28.49:853][154]LogModuleManager: Shutting down and abandoning module MeshUtilities (174)
[2020.05.12-05.28.49:853][154]LogModuleManager: Shutting down and abandoning module MeshMergeUtilities (173)
[2020.05.12-05.28.49:853][154]LogModuleManager: Shutting down and abandoning module MeshReductionInterface (172)
[2020.05.12-05.28.49:853][154]LogModuleManager: Shutting down and abandoning module MeshBoneReduction (171)
[2020.05.12-05.28.49:853][154]LogModuleManager: Shutting down and abandoning module SkeletalMeshReduction (169)
[2020.05.12-05.28.49:853][154]LogModuleManager: Shutting down and abandoning module ProxyLODMeshReduction (167)
[2020.05.12-05.28.49:853][154]LogModuleManager: Shutting down and abandoning module QuadricMeshReduction (165)
[2020.05.12-05.28.49:853][154]LogModuleManager: Shutting down and abandoning module MaterialBaking (161)
[2020.05.12-05.28.49:853][154]LogModuleManager: Shutting down and abandoning module NullInstallBundleManager (156)
[2020.05.12-05.28.49:853][154]LogModuleManager: Shutting down and abandoning module PIEPreviewDeviceProfileSelector (154)
[2020.05.12-05.28.49:853][154]LogModuleManager: Shutting down and abandoning module DerivedDataCache (152)
[2020.05.12-05.28.49:853][154]LogDerivedDataCache: Shutdown
[2020.05.12-05.28.49:853][154]LogModuleManager: Shutting down and abandoning module XGEController (150)
[2020.05.12-05.28.49:853][154]LogModuleManager: Shutting down and abandoning module TargetPlatform (148)
[2020.05.12-05.28.49:853][154]LogModuleManager: Shutting down and abandoning module VulkanShaderFormat (147)
[2020.05.12-05.28.49:853][154]LogModuleManager: Shutting down and abandoning module ShaderFormatVectorVM (145)
[2020.05.12-05.28.49:853][154]LogModuleManager: Shutting down and abandoning module ShaderFormatOpenGL (143)
[2020.05.12-05.28.49:853][154]LogModuleManager: Shutting down and abandoning module ShaderFormatD3D (141)
[2020.05.12-05.28.49:853][154]LogModuleManager: Shutting down and abandoning module MetalShaderFormat (139)
[2020.05.12-05.28.49:853][154]LogModuleManager: Shutting down and abandoning module TextureFormatUncompressed (137)
[2020.05.12-05.28.49:853][154]LogModuleManager: Shutting down and abandoning module TextureFormatPVR (135)
[2020.05.12-05.28.49:853][154]LogModuleManager: Shutting down and abandoning module TextureFormatDXT (133)
[2020.05.12-05.28.49:853][154]LogModuleManager: Shutting down and abandoning module TextureFormatIntelISPCTexComp (131)
[2020.05.12-05.28.49:854][154]LogModuleManager: Shutting down and abandoning module TextureFormatASTC (129)
[2020.05.12-05.28.49:854][154]LogModuleManager: Shutting down and abandoning module ImageWrapper (128)
[2020.05.12-05.28.49:854][154]LogModuleManager: Shutting down and abandoning module TextureFormatAndroid (125)
[2020.05.12-05.28.49:854][154]LogModuleManager: Shutting down and abandoning module AudioFormatOpus (123)
[2020.05.12-05.28.49:854][154]LogModuleManager: Shutting down and abandoning module AudioFormatOgg (121)
[2020.05.12-05.28.49:854][154]LogModuleManager: Shutting down and abandoning module AudioFormatADPCM (119)
[2020.05.12-05.28.49:854][154]LogModuleManager: Shutting down and abandoning module WindowsServerTargetPlatform (117)
[2020.05.12-05.28.49:854][154]LogModuleManager: Shutting down and abandoning module WindowsClientTargetPlatform (115)
[2020.05.12-05.28.49:854][154]LogModuleManager: Shutting down and abandoning module WindowsTargetPlatform (113)
[2020.05.12-05.28.49:854][154]LogModuleManager: Shutting down and abandoning module WindowsNoEditorTargetPlatform (111)
[2020.05.12-05.28.49:854][154]LogModuleManager: Shutting down and abandoning module InputCore (108)
[2020.05.12-05.28.49:854][154]LogModuleManager: Shutting down and abandoning module Settings (106)
[2020.05.12-05.28.49:854][154]LogModuleManager: Shutting down and abandoning module PhysXCooking (104)
[2020.05.12-05.28.49:854][154]LogModuleManager: Shutting down and abandoning module ChaosSolvers (102)
[2020.05.12-05.28.49:854][154]LogModuleManager: Shutting down and abandoning module FieldSystemEngine (101)
[2020.05.12-05.28.49:854][154]LogModuleManager: Shutting down and abandoning module Chaos (98)
[2020.05.12-05.28.49:854][154]LogModuleManager: Shutting down and abandoning module WindowsPlatformFeatures (96)
[2020.05.12-05.28.49:854][154]LogModuleManager: Shutting down and abandoning module GameplayMediaEncoder (95)
[2020.05.12-05.28.49:854][154]LogModuleManager: Shutting down and abandoning module SteamVRInputDevice (92)
[2020.05.12-05.28.49:854][154]LogModuleManager: Shutting down and abandoning module SteamVRInput (90)
[2020.05.12-05.28.49:854][154]LogModuleManager: Shutting down and abandoning module SteamVR (88)
[2020.05.12-05.28.49:855][154]LogHMD: Freeing OpenVRDLLHandle.
[2020.05.12-05.28.49:855][154]LogModuleManager: Shutting down and abandoning module OculusHMD (86)
[2020.05.12-05.28.49:855][154]LogModuleManager: Shutting down and abandoning module ExampleDeviceProfileSelector (84)
[2020.05.12-05.28.49:855][154]LogModuleManager: Shutting down and abandoning module LauncherChunkInstaller (82)
[2020.05.12-05.28.49:855][154]LogModuleManager: Shutting down and abandoning module OnlineBlueprintSupport (80)
[2020.05.12-05.28.49:855][154]LogModuleManager: Shutting down and abandoning module OnlineSubsystem (76)
[2020.05.12-05.28.49:856][154]LogModuleManager: Shutting down and abandoning module SteamShared (70)
[2020.05.12-05.28.49:856][154]LogSteamShared: Freeing the Steam Loaded Modules...
[2020.05.12-05.28.49:856][154]LogModuleManager: Shutting down and abandoning module XMPP (67)
[2020.05.12-05.28.49:856][154]LogModuleManager: Shutting down and abandoning module WebSockets (66)
[2020.05.12-05.28.49:871][154]LogModuleManager: Shutting down and abandoning module HTTP (63)
[2020.05.12-05.28.49:903][154]LogModuleManager: Shutting down and abandoning module SSL (62)
[2020.05.12-05.28.49:905][154]LogModuleManager: Shutting down and abandoning module WmfMedia (58)
[2020.05.12-05.28.49:908][154]LogModuleManager: Shutting down and abandoning module Media (57)
[2020.05.12-05.28.49:909][154]LogModuleManager: Shutting down and abandoning module MagicLeap (54)
[2020.05.12-05.28.49:909][154]LogModuleManager: Shutting down and abandoning module VariantManagerContent (52)
[2020.05.12-05.28.49:909][154]LogModuleManager: Shutting down and abandoning module DatasmithContent (50)
[2020.05.12-05.28.49:910][154]LogModuleManager: Shutting down and abandoning module AISupportModule (48)
[2020.05.12-05.28.49:910][154]LogModuleManager: Shutting down and abandoning module DesktopPlatform (46)
[2020.05.12-05.28.49:910][154]LogModuleManager: Shutting down and abandoning module PlatformCryptoOpenSSL (44)
[2020.05.12-05.28.49:910][154]LogModuleManager: Shutting down and abandoning module PlatformCryptoTypes (42)
[2020.05.12-05.28.49:910][154]LogModuleManager: Shutting down and abandoning module PlatformCrypto (40)
[2020.05.12-05.28.49:910][154]LogModuleManager: Shutting down and abandoning module AnimationModifiers (38)
[2020.05.12-05.28.49:910][154]LogModuleManager: Shutting down and abandoning module PropertyEditor (37)
[2020.05.12-05.28.49:910][154]LogModuleManager: Shutting down and abandoning module AudioEditor (34)
[2020.05.12-05.28.49:911][154]LogModuleManager: Shutting down and abandoning module TextureCompressor (32)
[2020.05.12-05.28.49:911][154]LogModuleManager: Shutting down and abandoning module RenderCore (30)
[2020.05.12-05.28.49:911][154]LogModuleManager: Shutting down and abandoning module Landscape (28)
[2020.05.12-05.28.49:911][154]LogModuleManager: Shutting down and abandoning module SlateRHIRenderer (26)
[2020.05.12-05.28.49:912][154]LogModuleManager: Shutting down and abandoning module OpenGLDrv (24)
[2020.05.12-05.28.49:912][154]LogModuleManager: Shutting down and abandoning module D3D11RHI (22)
[2020.05.12-05.28.49:912][154]LogModuleManager: Shutting down and abandoning module AnimGraphRuntime (20)
[2020.05.12-05.28.49:912][154]LogModuleManager: Shutting down and abandoning module Renderer (18)
[2020.05.12-05.28.49:913][154]LogModuleManager: Shutting down and abandoning module Engine (16)
[2020.05.12-05.28.49:913][154]LogModuleManager: Shutting down and abandoning module CoreUObject (14)
[2020.05.12-05.28.49:913][154]LogModuleManager: Shutting down and abandoning module NetworkFile (12)
[2020.05.12-05.28.49:913][154]LogModuleManager: Shutting down and abandoning module CookedIterativeFile (10)
[2020.05.12-05.28.49:913][154]LogModuleManager: Shutting down and abandoning module StreamingFile (8)
[2020.05.12-05.28.49:913][154]LogModuleManager: Shutting down and abandoning module SandboxFile (6)
[2020.05.12-05.28.49:913][154]LogModuleManager: Shutting down and abandoning module PakFile (4)
[2020.05.12-05.28.49:913][154]LogModuleManager: Shutting down and abandoning module RSA (3)
[2020.05.12-05.28.49:914][154]LogD3D11RHI: Shutdown
[2020.05.12-05.28.49:914][154]LogD3D11RHI: CleanupD3DDevice
[2020.05.12-05.28.49:941][154]LogExit: Exiting.
[2020.05.12-05.28.49:971][154]Log file closed, 05/12/20 17:28:49
